#
# A fatal error has been detected by the Java Runtime Environment:
#
#  EXCEPTION_ACCESS_VIOLATION (0xc0000005) at pc=0x00007ffac0f78826, pid=8336, tid=8980
#
# JRE version: OpenJDK Runtime Environment (11.0.8+10) (build 11.0.8+10-b944.6842174)
# Java VM: OpenJDK 64-Bit Server VM (11.0.8+10-b944.6842174, mixed mode, tiered, compressed oops, g1 gc, windows-amd64)
# Problematic frame:
# V  [jvm.dll+0x188826]
#
# No core dump will be written. Minidumps are not enabled by default on client versions of Windows
#
# If you would like to submit a bug report, please visit:
#   https://bugreport.java.com/bugreport/crash.jsp
#

---------------  S U M M A R Y ------------

Command Line: --add-opens=java.base/java.util=ALL-UNNAMED --add-opens=java.base/java.lang=ALL-UNNAMED --add-opens=java.base/java.lang.invoke=ALL-UNNAMED --add-opens=java.prefs/java.util.prefs=ALL-UNNAMED -Xmx2048m -Dfile.encoding=UTF-8 -Duser.country=US -Duser.language=en -Duser.variant org.gradle.launcher.daemon.bootstrap.GradleDaemon 6.7.1

Host: Intel(R) Core(TM) i7-2720QM CPU @ 2.20GHz, 8 cores, 11G,  Windows 10 , 64 bit Build 19041 (10.0.19041.1151)
Time: Sun Sep 19 18:55:46 2021 Middle East Standard Time elapsed time: 196 seconds (0d 0h 3m 16s)

---------------  T H R E A D  ---------------

Current thread (0x00000198d6b21000):  GCTaskThread "GC Thread#2" [stack: 0x00000013d7f00000,0x00000013d8000000] [id=8980]

Stack: [0x00000013d7f00000,0x00000013d8000000],  sp=0x00000013d7fff4e8,  free space=1021k
Native frames: (J=compiled Java code, j=interpreted, Vv=VM code, C=native code)
V  [jvm.dll+0x188826]


siginfo: EXCEPTION_ACCESS_VIOLATION (0xc0000005), reading address 0x0000000000000030


Register to memory mapping:

RIP=0x00007ffac0f78826 jvm.dll
RAX=0x0000000000000001 is an unknown value
RBX=0x0000000087edd3c4 is pointing into object: com.android.aaptcompiler.Visibility 
{0x0000000087edd3b8} - klass: 'com/android/aaptcompiler/Visibility'
RCX=0x0000000089c56cf0 is pointing into object: com.android.aaptcompiler.Visibility 
{0x0000000089c56ce0} - klass: 'com/android/aaptcompiler/Visibility'
RDX=0x0000000089c56cf0 is pointing into object: com.android.aaptcompiler.Visibility 
{0x0000000089c56ce0} - klass: 'com/android/aaptcompiler/Visibility'
RSP=0x00000013d7fff4e8 points into unknown readable memory: 5c c9 0e c1 fa 7f 00 00
RBP=0x82ba950880853970 is an unknown value
RSI=0x00000198e03347e0 points into unknown readable memory: 38 23 60 c1 fa 7f 00 00
RDI=0x00000198e03347e0 points into unknown readable memory: 38 23 60 c1 fa 7f 00 00
R8 =0x0000000089c56cf0 is pointing into object: com.android.aaptcompiler.Visibility 
{0x0000000089c56ce0} - klass: 'com/android/aaptcompiler/Visibility'
R9 =0x0000000000000028 is an unknown value
R10=0x0000000089c56cf0 is pointing into object: com.android.aaptcompiler.Visibility 
{0x0000000089c56ce0} - klass: 'com/android/aaptcompiler/Visibility'
R11=0x00000198e0334950 points into unknown readable memory: f0 22 60 c1 fa 7f 00 00
R12=0x0 is NULL
R13=0x0 is NULL
R14=0x00000198b8eda6a8 points into unknown readable memory: f1 18 00 00 46 1c 00 00
R15=0x0000000089c56cf0 is pointing into object: com.android.aaptcompiler.Visibility 
{0x0000000089c56ce0} - klass: 'com/android/aaptcompiler/Visibility'


Registers:
RAX=0x0000000000000001, RBX=0x0000000087edd3c4, RCX=0x0000000089c56cf0, RDX=0x0000000089c56cf0
RSP=0x00000013d7fff4e8, RBP=0x82ba950880853970, RSI=0x00000198e03347e0, RDI=0x00000198e03347e0
R8 =0x0000000089c56cf0, R9 =0x0000000000000028, R10=0x0000000089c56cf0, R11=0x00000198e0334950
R12=0x0000000000000000, R13=0x0000000000000000, R14=0x00000198b8eda6a8, R15=0x0000000089c56cf0
RIP=0x00007ffac0f78826, EFLAGS=0x0000000000010206

Top of Stack: (sp=0x00000013d7fff4e8)
0x00000013d7fff4e8:   00007ffac10ec95c 0000000087edd301
0x00000013d7fff4f8:   0000000000000005 00000198e03347e0
0x00000013d7fff508:   0000000000000005 00000000880ef5d0
0x00000013d7fff518:   00007ffac10eccd8 0000002188022e01
0x00000013d7fff528:   000000000000000d 0000000000000000
0x00000013d7fff538:   00000198e03347e0 0000000000000000
0x00000013d7fff548:   00000198b8eda6a8 0000000000000000
0x00000013d7fff558:   00000198e03347e0 00000013d72feed0
0x00000013d7fff568:   00007ffac10be7b2 0000000087edb538
0x00000013d7fff578:   00007ffac10eba01 0000000087edb538
0x00000013d7fff588:   0000000087edd3c4 00000198b8eda6a0
0x00000013d7fff598:   00007ffac10eaed5 00000000000018f1
0x00000013d7fff5a8:   0000000000000000 0000000087edb528
0x00000013d7fff5b8:   00007ffac10eccd8 0000000087eb4901
0x00000013d7fff5c8:   0000000000000005 00000198e03347e0
0x00000013d7fff5d8:   00007ffac10bd92e 00001a6300001bac 

Instructions: (pc=0x00007ffac0f78826)
0x00007ffac0f78726:   81 00 48 d3 e0 48 03 05 5e 43 81 00 eb 04 48 8b
0x00007ffac0f78736:   43 08 81 78 08 00 00 00 c0 73 7d 48 8b 4f 38 48
0x00007ffac0f78746:   8b d3 48 8b 01 ff 50 20 84 c0 75 6c 38 05 97 cb
0x00007ffac0f78756:   85 00 74 15 8b 53 08 8b 0d 35 43 81 00 48 d3 e2
0x00007ffac0f78766:   48 03 15 23 43 81 00 eb 04 48 8b 53 08 48 8b cb
0x00007ffac0f78776:   48 89 5c 24 20 e8 a0 00 00 00 80 7f 30 00 48 63
0x00007ffac0f78786:   c8 48 89 4c 24 28 0f 28 44 24 20 74 17 0f 11 86
0x00007ffac0f78796:   90 03 00 00 48 8b 5c 24 40 48 8b 74 24 48 48 83
0x00007ffac0f787a6:   c4 30 5f c3 48 8b 07 48 8d 54 24 20 48 8b cf 66
0x00007ffac0f787b6:   0f 7f 44 24 20 ff 50 38 48 8b 5c 24 40 48 8b 74
0x00007ffac0f787c6:   24 48 48 83 c4 30 5f c3 cc cc 48 8b 49 38 48 8b
0x00007ffac0f787d6:   01 48 ff 60 28 cc cc cc cc cc 80 3d 08 cb 85 00
0x00007ffac0f787e6:   00 48 8b c1 74 1b 8b 51 08 8b 0d a3 42 81 00 48
0x00007ffac0f787f6:   d3 e2 48 8b c8 48 03 15 8e 42 81 00 e9 19 00 00
0x00007ffac0f78806:   00 48 8b 51 08 48 8b c8 e9 0d 00 00 00 cc cc cc
0x00007ffac0f78816:   cc cc cc cc cc cc cc cc cc cc 4c 8b ca 48 8b d1
0x00007ffac0f78826:   45 8b 41 08 45 85 c0 7e 0e 41 f6 c0 01 75 59 41
0x00007ffac0f78836:   c1 f8 03 41 8b c0 c3 79 4f 80 3d a9 ca 85 00 00
0x00007ffac0f78846:   b8 0c 00 00 00 b9 10 00 00 00 0f 45 c8 8b 05 4b
0x00007ffac0f78856:   8e 7f 00 ff c8 4c 63 c8 48 63 c1 41 8b c8 83 e1
0x00007ffac0f78866:   3f 48 63 14 10 41 8b c0 48 c1 f8 10 0f b6 c0 48
0x00007ffac0f78876:   d3 e2 49 8d 0c 11 49 f7 d1 48 03 c1 49 c1 e9 03
0x00007ffac0f78886:   48 c1 e8 03 41 23 c1 c3 49 8b 01 49 8b c9 48 ff
0x00007ffac0f78896:   a0 10 01 00 00 cc cc cc cc cc 48 83 ec 38 0f 10
0x00007ffac0f788a6:   02 48 8b 49 38 48 8d 54 24 20 0f 29 44 24 20 e8
0x00007ffac0f788b6:   66 f0 ff ff 48 83 c4 38 c3 cc 48 83 ec 38 0f 10
0x00007ffac0f788c6:   02 48 8b 01 48 8d 54 24 20 0f 29 44 24 20 ff 50
0x00007ffac0f788d6:   38 48 83 c4 38 c3 cc cc cc cc 48 89 5c 24 08 55
0x00007ffac0f788e6:   56 57 41 54 41 55 41 56 41 57 48 8d 6c 24 e0 48
0x00007ffac0f788f6:   81 ec 20 01 00 00 48 8b 05 ad c4 82 00 48 33 c4
0x00007ffac0f78906:   48 89 45 10 48 8b 05 0f 35 85 00 45 33 ed 4c 8b
0x00007ffac0f78916:   b5 80 00 00 00 4c 8b fa 48 8b bd 88 00 00 00 4d 


Stack slot to memory mapping:
stack at sp + 0 slots: 0x00007ffac10ec95c jvm.dll
stack at sp + 1 slots: 0x0000000087edd301 is pointing into object: [B 
{0x0000000087edd2f8} - klass: {type array byte}
 - length: 10
stack at sp + 2 slots: 0x0000000000000005 is an unknown value
stack at sp + 3 slots: 0x00000198e03347e0 points into unknown readable memory: 38 23 60 c1 fa 7f 00 00
stack at sp + 4 slots: 0x0000000000000005 is an unknown value
stack at sp + 5 slots: 0x00000000880ef5d0 is an oop: [B 
{0x00000000880ef5d0} - klass: {type array byte}
 - length: 126
stack at sp + 6 slots: 0x00007ffac10eccd8 jvm.dll
stack at sp + 7 slots: 0x0000002188022e01 is an unknown value


---------------  P R O C E S S  ---------------

Threads class SMR info:
_java_thread_list=0x00000198d8719c20, length=156, elements={
0x00000198bb087000, 0x00000198d538b800, 0x00000198d538d000, 0x00000198d5bee000,
0x00000198d5bef000, 0x00000198d5bf0800, 0x00000198d5c38800, 0x00000198d5c44000,
0x00000198d5da1000, 0x00000198d5dbc000, 0x00000198d7491800, 0x00000198d6e4a800,
0x00000198d6a7a800, 0x00000198d8098800, 0x00000198d8096000, 0x00000198d8097800,
0x00000198d6d21000, 0x00000198d6d24000, 0x00000198d7fbb000, 0x00000198d87e2000,
0x00000198d87df000, 0x00000198d87e1800, 0x00000198d87e3000, 0x00000198d87e4000,
0x00000198d87e4800, 0x00000198d87e5800, 0x00000198d87df800, 0x00000198d87e6000,
0x00000198d87e0800, 0x00000198d87e8800, 0x00000198d87ec000, 0x00000198d87e9800,
0x00000198d87e7000, 0x00000198d87ea800, 0x00000198d87ed800, 0x00000198d87e8000,
0x00000198d87eb000, 0x00000198d7fbb800, 0x00000198d7fbc800, 0x00000198d7fbd800,
0x00000198d7fba000, 0x00000198d7fbe000, 0x00000198d7fbf000, 0x00000198d7fb9800,
0x00000198d7fc2800, 0x00000198d7fc3000, 0x00000198d7fc1800, 0x00000198d7fc4800,
0x00000198d7fc4000, 0x00000198d7fc5800, 0x00000198d7fc0000, 0x00000198d7fc6800,
0x00000198d7fc0800, 0x00000198d7fc7000, 0x00000198d7fc8000, 0x00000198d6d1e800,
0x00000198d6d22800, 0x00000198d6d23800, 0x00000198d6d25000, 0x00000198d6d1f000,
0x00000198d6d25800, 0x00000198d6d27800, 0x00000198d6d26800, 0x00000198d6d21800,
0x00000198d6d29000, 0x00000198d6d28000, 0x00000198d6d2a000, 0x00000198d6d2d000,
0x00000198d6d2b800, 0x00000198d6d2c000, 0x00000198d6d2a800, 0x00000198d8097000,
0x00000198db659800, 0x00000198db65d000, 0x00000198db65a800, 0x00000198db65c000,
0x00000198db659000, 0x00000198db657800, 0x00000198db65e000, 0x00000198db658000,
0x00000198db65e800, 0x00000198db65f800, 0x00000198db660800, 0x00000198db661000,
0x00000198db65b800, 0x00000198db662000, 0x00000198db662800, 0x00000198db664800,
0x00000198db666000, 0x00000198db665000, 0x00000198db663800, 0x00000198dff77800,
0x00000198dff79000, 0x00000198dff7d000, 0x00000198dff7e000, 0x00000198dff78000,
0x00000198dff7a800, 0x00000198dff7c000, 0x00000198dff7f800, 0x00000198dff7e800,
0x00000198dff79800, 0x00000198dff80800, 0x00000198dff7b800, 0x00000198dff81000,
0x00000198dff87000, 0x00000198dff82000, 0x00000198dff83800, 0x00000198dff86000,
0x00000198dff82800, 0x00000198dff84800, 0x00000198dff85000, 0x00000198da14d000,
0x00000198da147000, 0x00000198da14d800, 0x00000198da14a800, 0x00000198da14b000,
0x00000198da148000, 0x00000198da14c000, 0x00000198da148800, 0x00000198da149800,
0x00000198d84c5800, 0x00000198d84c9000, 0x00000198d84c4800, 0x00000198d84cb000,
0x00000198d84cc000, 0x00000198d84c6800, 0x00000198d84c8000, 0x00000198d84ca800,
0x00000198d84c7000, 0x00000198d84cd000, 0x00000198d84cf800, 0x00000198d84c9800,
0x00000198d84d2800, 0x00000198d84d3800, 0x00000198d84d1000, 0x00000198d84cd800,
0x00000198d84ce800, 0x00000198d84d0000, 0x00000198d84d2000, 0x00000198dbf7f800,
0x00000198dbf7b000, 0x00000198dbf7d800, 0x00000198dbf7e000, 0x00000198dbf7f000,
0x00000198dbf7a000, 0x00000198dbf80800, 0x00000198dbf7c800, 0x00000198dbf81800,
0x00000198dbf7b800, 0x00000198dbf82000, 0x00000198dbf83000, 0x00000198dbf86000,
0x00000198dbf84000, 0x00000198dbf88000, 0x00000198dbf84800, 0x00000198dbf85800
}

Java Threads: ( => current thread )
  0x00000198bb087000 JavaThread "main" [_thread_blocked, id=4484, stack(0x00000013d6c00000,0x00000013d6d00000)]
  0x00000198d538b800 JavaThread "Reference Handler" daemon [_thread_blocked, id=2284, stack(0x00000013d7300000,0x00000013d7400000)]
  0x00000198d538d000 JavaThread "Finalizer" daemon [_thread_blocked, id=17040, stack(0x00000013d7400000,0x00000013d7500000)]
  0x00000198d5bee000 JavaThread "Signal Dispatcher" daemon [_thread_blocked, id=15644, stack(0x00000013d7500000,0x00000013d7600000)]
  0x00000198d5bef000 JavaThread "Attach Listener" daemon [_thread_blocked, id=13328, stack(0x00000013d7600000,0x00000013d7700000)]
  0x00000198d5bf0800 JavaThread "C2 CompilerThread0" daemon [_thread_blocked, id=9624, stack(0x00000013d7700000,0x00000013d7800000)]
  0x00000198d5c38800 JavaThread "C1 CompilerThread0" daemon [_thread_blocked, id=14604, stack(0x00000013d7800000,0x00000013d7900000)]
  0x00000198d5c44000 JavaThread "Sweeper thread" daemon [_thread_blocked, id=14116, stack(0x00000013d7900000,0x00000013d7a00000)]
  0x00000198d5da1000 JavaThread "Common-Cleaner" daemon [_thread_blocked, id=17452, stack(0x00000013d7a00000,0x00000013d7b00000)]
  0x00000198d5dbc000 JavaThread "Service Thread" daemon [_thread_blocked, id=11992, stack(0x00000013d7b00000,0x00000013d7c00000)]
  0x00000198d7491800 JavaThread "Daemon health stats" [_thread_blocked, id=12012, stack(0x00000013d8200000,0x00000013d8300000)]
  0x00000198d6e4a800 JavaThread "Incoming local TCP Connector on port 64252" [_thread_in_native, id=8936, stack(0x00000013d8300000,0x00000013d8400000)]
  0x00000198d6a7a800 JavaThread "Daemon periodic checks" [_thread_blocked, id=9080, stack(0x00000013d8400000,0x00000013d8500000)]
  0x00000198d8098800 JavaThread "Cache worker for file hash cache (C:\Users\DELL\.gradle\caches\6.7.1\fileHashes)" [_thread_blocked, id=16856, stack(0x00000013d8c00000,0x00000013d8d00000)]
  0x00000198d8096000 JavaThread "File lock request listener" [_thread_in_native, id=4264, stack(0x00000013d8d00000,0x00000013d8e00000)]
  0x00000198d8097800 JavaThread "Cache worker for journal cache (C:\Users\DELL\.gradle\caches\journal-1)" [_thread_blocked, id=10160, stack(0x00000013d9300000,0x00000013d9400000)]
  0x00000198d6d21000 JavaThread "Cache worker for execution history cache (C:\Users\DELL\.gradle\caches\6.7.1\executionHistory)" [_thread_blocked, id=7500, stack(0x00000013d9a00000,0x00000013d9b00000)]
  0x00000198d6d24000 JavaThread "Cache worker for file content cache (C:\Users\DELL\.gradle\caches\6.7.1\fileContent)" [_thread_blocked, id=16444, stack(0x00000013d9b00000,0x00000013d9c00000)]
  0x00000198d7fbb000 JavaThread "Memory manager" [_thread_blocked, id=1612, stack(0x00000013e0700000,0x00000013e0800000)]
  0x00000198d87e2000 JavaThread "Daemon Thread 2" [_thread_blocked, id=13224, stack(0x00000013d6900000,0x00000013d6a00000)]
  0x00000198d87df000 JavaThread "Handler for socket connection from /127.0.0.1:64252 to /127.0.0.1:62747" [_thread_in_native, id=12664, stack(0x00000013d6a00000,0x00000013d6b00000)]
  0x00000198d87e1800 JavaThread "Cancel handler" [_thread_blocked, id=10448, stack(0x00000013d6b00000,0x00000013d6c00000)]
  0x00000198d87e3000 JavaThread "Daemon worker Thread 2" [_thread_blocked, id=16980, stack(0x00000013d7d00000,0x00000013d7e00000)]
  0x00000198d87e4000 JavaThread "C2 CompilerThread1" daemon [_thread_blocked, id=15904, stack(0x00000013d8100000,0x00000013d8200000)]
  0x00000198d87e4800 JavaThread "Asynchronous log dispatcher for DefaultDaemonConnection: socket connection from /127.0.0.1:64252 to /127.0.0.1:62747" [_thread_blocked, id=4512, stack(0x00000013d8500000,0x00000013d8600000)]
  0x00000198d87e5800 JavaThread "Stdin handler" [_thread_blocked, id=18312, stack(0x00000013d8600000,0x00000013d8700000)]
  0x00000198d87df800 JavaThread "Thread-342" [_thread_blocked, id=728, stack(0x00000013d8700000,0x00000013d8800000)]
  0x00000198d87e6000 JavaThread "Cache worker for file hash cache (D:\Android Projects\BasicNote\.gradle\6.7.1\fileHashes)" [_thread_blocked, id=17820, stack(0x00000013d8800000,0x00000013d8900000)]
  0x00000198d87e0800 JavaThread "Cache worker for checksums cache (D:\Android Projects\BasicNote\.gradle\checksums)" [_thread_blocked, id=6216, stack(0x00000013d8900000,0x00000013d8a00000)]
  0x00000198d87e8800 JavaThread "Cache worker for cache directory md-supplier (C:\Users\DELL\.gradle\caches\6.7.1\md-supplier)" [_thread_blocked, id=11648, stack(0x00000013d8a00000,0x00000013d8b00000)]
  0x00000198d87ec000 JavaThread "Cache worker for cache directory md-rule (C:\Users\DELL\.gradle\caches\6.7.1\md-rule)" [_thread_blocked, id=6304, stack(0x00000013d8b00000,0x00000013d8c00000)]
  0x00000198d87e9800 JavaThread "Cache worker for Build Output Cleanup Cache (D:\Android Projects\BasicNote\.gradle\buildOutputCleanup)" [_thread_blocked, id=10896, stack(0x00000013d9400000,0x00000013d9500000)]
  0x00000198d87e7000 JavaThread "Build operations" [_thread_blocked, id=14676, stack(0x00000013d9500000,0x00000013d9600000)]
  0x00000198d87ea800 JavaThread "Build operations Thread 2" [_thread_blocked, id=7856, stack(0x00000013d9600000,0x00000013d9700000)]
  0x00000198d87ed800 JavaThread "Build operations Thread 3" [_thread_blocked, id=10940, stack(0x00000013d9700000,0x00000013d9800000)]
  0x00000198d87e8000 JavaThread "Build operations Thread 4" [_thread_blocked, id=5352, stack(0x00000013d9800000,0x00000013d9900000)]
  0x00000198d87eb000 JavaThread "Build operations Thread 5" [_thread_blocked, id=7772, stack(0x00000013d9900000,0x00000013d9a00000)]
  0x00000198d7fbb800 JavaThread "Build operations Thread 6" [_thread_blocked, id=1184, stack(0x00000013d9c00000,0x00000013d9d00000)]
  0x00000198d7fbc800 JavaThread "Build operations Thread 7" [_thread_blocked, id=11800, stack(0x00000013d9d00000,0x00000013d9e00000)]
  0x00000198d7fbd800 JavaThread "Build operations Thread 8" [_thread_blocked, id=15796, stack(0x00000013d9e00000,0x00000013d9f00000)]
  0x00000198d7fba000 JavaThread "C2 CompilerThread2" daemon [_thread_blocked, id=6992, stack(0x00000013d9f00000,0x00000013da000000)]
  0x00000198d7fbe000 JavaThread "jar transforms Thread 194" [_thread_blocked, id=2096, stack(0x00000013da000000,0x00000013da100000)]
  0x00000198d7fbf000 JavaThread "jar transforms Thread 195" [_thread_blocked, id=2964, stack(0x00000013da100000,0x00000013da200000)]
  0x00000198d7fb9800 JavaThread "jar transforms Thread 196" [_thread_blocked, id=17308, stack(0x00000013da200000,0x00000013da300000)]
  0x00000198d7fc2800 JavaThread "jar transforms Thread 197" [_thread_blocked, id=12780, stack(0x00000013da300000,0x00000013da400000)]
  0x00000198d7fc3000 JavaThread "jar transforms Thread 198" [_thread_blocked, id=8876, stack(0x00000013da400000,0x00000013da500000)]
  0x00000198d7fc1800 JavaThread "jar transforms Thread 199" [_thread_blocked, id=12740, stack(0x00000013da500000,0x00000013da600000)]
  0x00000198d7fc4800 JavaThread "jar transforms Thread 200" [_thread_blocked, id=12508, stack(0x00000013da600000,0x00000013da700000)]
  0x00000198d7fc4000 JavaThread "jar transforms Thread 201" [_thread_blocked, id=7688, stack(0x00000013da700000,0x00000013da800000)]
  0x00000198d7fc5800 JavaThread "jar transforms Thread 202" [_thread_blocked, id=3320, stack(0x00000013da800000,0x00000013da900000)]
  0x00000198d7fc0000 JavaThread "jar transforms Thread 203" [_thread_blocked, id=11784, stack(0x00000013da900000,0x00000013daa00000)]
  0x00000198d7fc6800 JavaThread "jar transforms Thread 204" [_thread_blocked, id=13000, stack(0x00000013daa00000,0x00000013dab00000)]
  0x00000198d7fc0800 JavaThread "jar transforms Thread 205" [_thread_blocked, id=2280, stack(0x00000013dab00000,0x00000013dac00000)]
  0x00000198d7fc7000 JavaThread "jar transforms Thread 206" [_thread_blocked, id=4468, stack(0x00000013dac00000,0x00000013dad00000)]
  0x00000198d7fc8000 JavaThread "jar transforms Thread 207" [_thread_blocked, id=7504, stack(0x00000013dad00000,0x00000013dae00000)]
  0x00000198d6d1e800 JavaThread "jar transforms Thread 208" [_thread_blocked, id=1156, stack(0x00000013dae00000,0x00000013daf00000)]
  0x00000198d6d22800 JavaThread "jar transforms Thread 209" [_thread_blocked, id=752, stack(0x00000013daf00000,0x00000013db000000)]
  0x00000198d6d23800 JavaThread "jar transforms Thread 210" [_thread_blocked, id=7440, stack(0x00000013db000000,0x00000013db100000)]
  0x00000198d6d25000 JavaThread "jar transforms Thread 211" [_thread_blocked, id=2032, stack(0x00000013db100000,0x00000013db200000)]
  0x00000198d6d1f000 JavaThread "jar transforms Thread 212" [_thread_blocked, id=7816, stack(0x00000013db200000,0x00000013db300000)]
  0x00000198d6d25800 JavaThread "jar transforms Thread 213" [_thread_blocked, id=13256, stack(0x00000013db300000,0x00000013db400000)]
  0x00000198d6d27800 JavaThread "jar transforms Thread 214" [_thread_blocked, id=16796, stack(0x00000013db400000,0x00000013db500000)]
  0x00000198d6d26800 JavaThread "jar transforms Thread 215" [_thread_blocked, id=13128, stack(0x00000013db500000,0x00000013db600000)]
  0x00000198d6d21800 JavaThread "jar transforms Thread 216" [_thread_blocked, id=14048, stack(0x00000013db600000,0x00000013db700000)]
  0x00000198d6d29000 JavaThread "jar transforms Thread 217" [_thread_blocked, id=8912, stack(0x00000013db700000,0x00000013db800000)]
  0x00000198d6d28000 JavaThread "jar transforms Thread 218" [_thread_blocked, id=8676, stack(0x00000013db800000,0x00000013db900000)]
  0x00000198d6d2a000 JavaThread "jar transforms Thread 219" [_thread_blocked, id=9408, stack(0x00000013db900000,0x00000013dba00000)]
  0x00000198d6d2d000 JavaThread "jar transforms Thread 220" [_thread_blocked, id=14008, stack(0x00000013dba00000,0x00000013dbb00000)]
  0x00000198d6d2b800 JavaThread "jar transforms Thread 221" [_thread_blocked, id=13272, stack(0x00000013dbb00000,0x00000013dbc00000)]
  0x00000198d6d2c000 JavaThread "jar transforms Thread 222" [_thread_blocked, id=14848, stack(0x00000013dbc00000,0x00000013dbd00000)]
  0x00000198d6d2a800 JavaThread "jar transforms Thread 223" [_thread_blocked, id=12112, stack(0x00000013dbd00000,0x00000013dbe00000)]
  0x00000198d8097000 JavaThread "jar transforms Thread 224" [_thread_blocked, id=17900, stack(0x00000013dbe00000,0x00000013dbf00000)]
  0x00000198db659800 JavaThread "jar transforms Thread 225" [_thread_blocked, id=13644, stack(0x00000013dbf00000,0x00000013dc000000)]
  0x00000198db65d000 JavaThread "jar transforms Thread 226" [_thread_blocked, id=15392, stack(0x00000013dc000000,0x00000013dc100000)]
  0x00000198db65a800 JavaThread "jar transforms Thread 227" [_thread_blocked, id=14616, stack(0x00000013dc100000,0x00000013dc200000)]
  0x00000198db65c000 JavaThread "jar transforms Thread 228" [_thread_blocked, id=13732, stack(0x00000013dc200000,0x00000013dc300000)]
  0x00000198db659000 JavaThread "jar transforms Thread 229" [_thread_blocked, id=10320, stack(0x00000013dc300000,0x00000013dc400000)]
  0x00000198db657800 JavaThread "jar transforms Thread 230" [_thread_blocked, id=4628, stack(0x00000013dc400000,0x00000013dc500000)]
  0x00000198db65e000 JavaThread "jar transforms Thread 231" [_thread_blocked, id=7604, stack(0x00000013dc500000,0x00000013dc600000)]
  0x00000198db658000 JavaThread "jar transforms Thread 232" [_thread_blocked, id=15532, stack(0x00000013dc600000,0x00000013dc700000)]
  0x00000198db65e800 JavaThread "jar transforms Thread 233" [_thread_blocked, id=12208, stack(0x00000013dc700000,0x00000013dc800000)]
  0x00000198db65f800 JavaThread "jar transforms Thread 234" [_thread_blocked, id=17996, stack(0x00000013dc800000,0x00000013dc900000)]
  0x00000198db660800 JavaThread "jar transforms Thread 235" [_thread_blocked, id=14348, stack(0x00000013dc900000,0x00000013dca00000)]
  0x00000198db661000 JavaThread "jar transforms Thread 236" [_thread_blocked, id=5724, stack(0x00000013dca00000,0x00000013dcb00000)]
  0x00000198db65b800 JavaThread "jar transforms Thread 237" [_thread_blocked, id=8088, stack(0x00000013dcb00000,0x00000013dcc00000)]
  0x00000198db662000 JavaThread "jar transforms Thread 238" [_thread_blocked, id=13768, stack(0x00000013dcc00000,0x00000013dcd00000)]
  0x00000198db662800 JavaThread "jar transforms Thread 239" [_thread_blocked, id=2620, stack(0x00000013dcd00000,0x00000013dce00000)]
  0x00000198db664800 JavaThread "jar transforms Thread 240" [_thread_blocked, id=15632, stack(0x00000013dce00000,0x00000013dcf00000)]
  0x00000198db666000 JavaThread "jar transforms Thread 241" [_thread_blocked, id=8200, stack(0x00000013dcf00000,0x00000013dd000000)]
  0x00000198db665000 JavaThread "jar transforms Thread 242" [_thread_blocked, id=14808, stack(0x00000013dd000000,0x00000013dd100000)]
  0x00000198db663800 JavaThread "jar transforms Thread 243" [_thread_blocked, id=6800, stack(0x00000013dd100000,0x00000013dd200000)]
  0x00000198dff77800 JavaThread "jar transforms Thread 244" [_thread_blocked, id=18028, stack(0x00000013dd200000,0x00000013dd300000)]
  0x00000198dff79000 JavaThread "jar transforms Thread 245" [_thread_blocked, id=10008, stack(0x00000013dd300000,0x00000013dd400000)]
  0x00000198dff7d000 JavaThread "jar transforms Thread 246" [_thread_blocked, id=8532, stack(0x00000013dd400000,0x00000013dd500000)]
  0x00000198dff7e000 JavaThread "jar transforms Thread 247" [_thread_blocked, id=12496, stack(0x00000013dd500000,0x00000013dd600000)]
  0x00000198dff78000 JavaThread "jar transforms Thread 248" [_thread_blocked, id=14364, stack(0x00000013dd600000,0x00000013dd700000)]
  0x00000198dff7a800 JavaThread "jar transforms Thread 249" [_thread_blocked, id=18124, stack(0x00000013dd700000,0x00000013dd800000)]
  0x00000198dff7c000 JavaThread "jar transforms Thread 250" [_thread_blocked, id=2344, stack(0x00000013dd800000,0x00000013dd900000)]
  0x00000198dff7f800 JavaThread "jar transforms Thread 251" [_thread_blocked, id=12468, stack(0x00000013dd900000,0x00000013dda00000)]
  0x00000198dff7e800 JavaThread "jar transforms Thread 252" [_thread_blocked, id=11700, stack(0x00000013dda00000,0x00000013ddb00000)]
  0x00000198dff79800 JavaThread "jar transforms Thread 253" [_thread_blocked, id=12504, stack(0x00000013ddb00000,0x00000013ddc00000)]
  0x00000198dff80800 JavaThread "jar transforms Thread 254" [_thread_blocked, id=16020, stack(0x00000013ddc00000,0x00000013ddd00000)]
  0x00000198dff7b800 JavaThread "jar transforms Thread 255" [_thread_blocked, id=944, stack(0x00000013ddd00000,0x00000013dde00000)]
  0x00000198dff81000 JavaThread "jar transforms Thread 256" [_thread_blocked, id=11064, stack(0x00000013dde00000,0x00000013ddf00000)]
  0x00000198dff87000 JavaThread "jar transforms Thread 257" [_thread_blocked, id=17788, stack(0x00000013ddf00000,0x00000013de000000)]
  0x00000198dff82000 JavaThread "jar transforms Thread 258" [_thread_blocked, id=1080, stack(0x00000013de000000,0x00000013de100000)]
  0x00000198dff83800 JavaThread "jar transforms Thread 259" [_thread_blocked, id=8696, stack(0x00000013de100000,0x00000013de200000)]
  0x00000198dff86000 JavaThread "jar transforms Thread 260" [_thread_blocked, id=10864, stack(0x00000013de200000,0x00000013de300000)]
  0x00000198dff82800 JavaThread "jar transforms Thread 261" [_thread_blocked, id=15636, stack(0x00000013de300000,0x00000013de400000)]
  0x00000198dff84800 JavaThread "jar transforms Thread 262" [_thread_blocked, id=16528, stack(0x00000013de400000,0x00000013de500000)]
  0x00000198dff85000 JavaThread "jar transforms Thread 263" [_thread_blocked, id=16708, stack(0x00000013de500000,0x00000013de600000)]
  0x00000198da14d000 JavaThread "jar transforms Thread 264" [_thread_blocked, id=18100, stack(0x00000013de600000,0x00000013de700000)]
  0x00000198da147000 JavaThread "jar transforms Thread 265" [_thread_blocked, id=16052, stack(0x00000013de700000,0x00000013de800000)]
  0x00000198da14d800 JavaThread "jar transforms Thread 266" [_thread_blocked, id=8412, stack(0x00000013de800000,0x00000013de900000)]
  0x00000198da14a800 JavaThread "jar transforms Thread 267" [_thread_blocked, id=6644, stack(0x00000013de900000,0x00000013dea00000)]
  0x00000198da14b000 JavaThread "jar transforms Thread 268" [_thread_blocked, id=9188, stack(0x00000013dea00000,0x00000013deb00000)]
  0x00000198da148000 JavaThread "jar transforms Thread 269" [_thread_blocked, id=10568, stack(0x00000013deb00000,0x00000013dec00000)]
  0x00000198da14c000 JavaThread "jar transforms Thread 270" [_thread_blocked, id=9104, stack(0x00000013dec00000,0x00000013ded00000)]
  0x00000198da148800 JavaThread "jar transforms Thread 271" [_thread_blocked, id=13716, stack(0x00000013ded00000,0x00000013dee00000)]
  0x00000198da149800 JavaThread "jar transforms Thread 272" [_thread_blocked, id=17588, stack(0x00000013dee00000,0x00000013def00000)]
  0x00000198d84c5800 JavaThread "jar transforms Thread 273" [_thread_blocked, id=4704, stack(0x00000013def00000,0x00000013df000000)]
  0x00000198d84c9000 JavaThread "jar transforms Thread 274" [_thread_blocked, id=12764, stack(0x00000013df000000,0x00000013df100000)]
  0x00000198d84c4800 JavaThread "jar transforms Thread 275" [_thread_blocked, id=14464, stack(0x00000013df100000,0x00000013df200000)]
  0x00000198d84cb000 JavaThread "jar transforms Thread 276" [_thread_blocked, id=17548, stack(0x00000013df200000,0x00000013df300000)]
  0x00000198d84cc000 JavaThread "jar transforms Thread 277" [_thread_blocked, id=1396, stack(0x00000013df300000,0x00000013df400000)]
  0x00000198d84c6800 JavaThread "jar transforms Thread 278" [_thread_blocked, id=9628, stack(0x00000013df400000,0x00000013df500000)]
  0x00000198d84c8000 JavaThread "jar transforms Thread 279" [_thread_blocked, id=15864, stack(0x00000013df500000,0x00000013df600000)]
  0x00000198d84ca800 JavaThread "jar transforms Thread 280" [_thread_blocked, id=4860, stack(0x00000013df600000,0x00000013df700000)]
  0x00000198d84c7000 JavaThread "jar transforms Thread 281" [_thread_blocked, id=4632, stack(0x00000013df700000,0x00000013df800000)]
  0x00000198d84cd000 JavaThread "jar transforms Thread 282" [_thread_blocked, id=18104, stack(0x00000013df800000,0x00000013df900000)]
  0x00000198d84cf800 JavaThread "jar transforms Thread 283" [_thread_blocked, id=17072, stack(0x00000013df900000,0x00000013dfa00000)]
  0x00000198d84c9800 JavaThread "jar transforms Thread 284" [_thread_blocked, id=7892, stack(0x00000013dfa00000,0x00000013dfb00000)]
  0x00000198d84d2800 JavaThread "jar transforms Thread 285" [_thread_blocked, id=1984, stack(0x00000013dfb00000,0x00000013dfc00000)]
  0x00000198d84d3800 JavaThread "jar transforms Thread 286" [_thread_blocked, id=11972, stack(0x00000013dfc00000,0x00000013dfd00000)]
  0x00000198d84d1000 JavaThread "jar transforms Thread 287" [_thread_blocked, id=3108, stack(0x00000013dfd00000,0x00000013dfe00000)]
  0x00000198d84cd800 JavaThread "jar transforms Thread 288" [_thread_blocked, id=9608, stack(0x00000013dfe00000,0x00000013dff00000)]
  0x00000198d84ce800 JavaThread "jar transforms Thread 289" [_thread_blocked, id=5056, stack(0x00000013dff00000,0x00000013e0000000)]
  0x00000198d84d0000 JavaThread "jar transforms Thread 290" [_thread_blocked, id=15248, stack(0x00000013e0000000,0x00000013e0100000)]
  0x00000198d84d2000 JavaThread "build event listener" [_thread_blocked, id=17768, stack(0x00000013e0100000,0x00000013e0200000)]
  0x00000198dbf7f800 JavaThread "build event listener" [_thread_blocked, id=17156, stack(0x00000013e0200000,0x00000013e0300000)]
  0x00000198dbf7b000 JavaThread "Execution worker for ':'" [_thread_blocked, id=14864, stack(0x00000013e0300000,0x00000013e0400000)]
  0x00000198dbf7d800 JavaThread "Execution worker for ':' Thread 2" [_thread_blocked, id=16208, stack(0x00000013e0400000,0x00000013e0500000)]
  0x00000198dbf7e000 JavaThread "Execution worker for ':' Thread 3" [_thread_blocked, id=6240, stack(0x00000013e0600000,0x00000013e0700000)]
  0x00000198dbf7f000 JavaThread "Execution worker for ':' Thread 4" [_thread_blocked, id=4328, stack(0x00000013e0800000,0x00000013e0900000)]
  0x00000198dbf7a000 JavaThread "Execution worker for ':' Thread 5" [_thread_blocked, id=16988, stack(0x00000013e0900000,0x00000013e0a00000)]
  0x00000198dbf80800 JavaThread "Execution worker for ':' Thread 6" [_thread_blocked, id=10480, stack(0x00000013e0a00000,0x00000013e0b00000)]
  0x00000198dbf7c800 JavaThread "Execution worker for ':' Thread 7" [_thread_blocked, id=14004, stack(0x00000013e0b00000,0x00000013e0c00000)]
  0x00000198dbf81800 JavaThread "Cache worker for execution history cache (D:\Android Projects\BasicNote\.gradle\6.7.1\executionHistory)" [_thread_blocked, id=17692, stack(0x00000013e0c00000,0x00000013e0d00000)]
  0x00000198dbf7b800 JavaThread "WorkerExecutor Queue" [_thread_blocked, id=13576, stack(0x00000013e0d00000,0x00000013e0e00000)]
  0x00000198dbf82000 JavaThread "WorkerExecutor Queue Thread 2" [_thread_blocked, id=15268, stack(0x00000013e0e00000,0x00000013e0f00000)]
  0x00000198dbf83000 JavaThread "WorkerExecutor Queue Thread 3" [_thread_blocked, id=9244, stack(0x00000013e0f00000,0x00000013e1000000)]
  0x00000198dbf86000 JavaThread "WorkerExecutor Queue Thread 4" [_thread_blocked, id=16168, stack(0x00000013e1000000,0x00000013e1100000)]
  0x00000198dbf84000 JavaThread "WorkerExecutor Queue Thread 5" [_thread_blocked, id=17756, stack(0x00000013e1100000,0x00000013e1200000)]
  0x00000198dbf88000 JavaThread "WorkerExecutor Queue Thread 6" [_thread_blocked, id=6624, stack(0x00000013e1400000,0x00000013e1500000)]
  0x00000198dbf84800 JavaThread "WorkerExecutor Queue Thread 7" [_thread_blocked, id=4852, stack(0x00000013e1500000,0x00000013e1600000)]
  0x00000198dbf85800 JavaThread "WorkerExecutor Queue Thread 8" [_thread_blocked, id=16624, stack(0x00000013e1600000,0x00000013e1700000)]

Other Threads:
  0x00000198d5bc0800 VMThread "VM Thread" [stack: 0x00000013d7200000,0x00000013d7300000] [id=17108]
  0x00000198d5dbd000 WatcherThread [stack: 0x00000013d7c00000,0x00000013d7d00000] [id=11788]
  0x00000198bb09f000 GCTaskThread "GC Thread#0" [stack: 0x00000013d6d00000,0x00000013d6e00000] [id=14556]
  0x00000198d6968000 GCTaskThread "GC Thread#1" [stack: 0x00000013d7e00000,0x00000013d7f00000] [id=8204]
=>0x00000198d6b21000 GCTaskThread "GC Thread#2" [stack: 0x00000013d7f00000,0x00000013d8000000] [id=8980]
  0x00000198d6b21800 GCTaskThread "GC Thread#3" [stack: 0x00000013d8000000,0x00000013d8100000] [id=15060]
  0x00000198d74e6000 GCTaskThread "GC Thread#4" [stack: 0x00000013d8e00000,0x00000013d8f00000] [id=9016]
  0x00000198d5eb7800 GCTaskThread "GC Thread#5" [stack: 0x00000013d8f00000,0x00000013d9000000] [id=1472]
  0x00000198d6bfb000 GCTaskThread "GC Thread#6" [stack: 0x00000013d9000000,0x00000013d9100000] [id=13964]
  0x00000198d716c800 GCTaskThread "GC Thread#7" [stack: 0x00000013d9100000,0x00000013d9200000] [id=2716]
  0x00000198bb0cf000 ConcurrentGCThread "G1 Main Marker" [stack: 0x00000013d6e00000,0x00000013d6f00000] [id=15172]
  0x00000198bb0d0800 ConcurrentGCThread "G1 Conc#0" [stack: 0x00000013d6f00000,0x00000013d7000000] [id=9876]
  0x00000198d6c73800 ConcurrentGCThread "G1 Conc#1" [stack: 0x00000013d9200000,0x00000013d9300000] [id=17412]
  0x00000198bb12e000 ConcurrentGCThread "G1 Refine#0" [stack: 0x00000013d7000000,0x00000013d7100000] [id=8140]
  0x00000198da021800 ConcurrentGCThread "G1 Refine#1" [stack: 0x00000013e0500000,0x00000013e0600000] [id=6692]
  0x00000198d8579800 ConcurrentGCThread "G1 Refine#2" [stack: 0x00000013e1200000,0x00000013e1300000] [id=15888]
  0x00000198db7be800 ConcurrentGCThread "G1 Refine#3" [stack: 0x00000013e1300000,0x00000013e1400000] [id=7568]
  0x00000198d5208000 ConcurrentGCThread "G1 Young RemSet Sampling" [stack: 0x00000013d7100000,0x00000013d7200000] [id=1096]

Threads with active compile tasks:
C2 CompilerThread0 196632 16758       4       org.gradle.internal.remote.internal.inet.SocketConnection$SocketOutputStream::writeWithNonBlockingRetry (52 bytes)
C2 CompilerThread1 196632 16771   !   4       org.gradle.internal.remote.internal.inet.SocketConnection::flush (46 bytes)
C2 CompilerThread2 196632 16772       4       org.gradle.internal.remote.internal.inet.SocketConnection$SocketOutputStream::flush (18 bytes)

VM state:at safepoint (normal execution)

VM Mutex/Monitor currently owned by a thread:  ([mutex/lock_event])
[0x00000198bb082650] Threads_lock - owner thread: 0x00000198d5bc0800
[0x00000198bb081960] Heap_lock - owner thread: 0x00000198dbf7b000

Heap address: 0x0000000080000000, size: 2048 MB, Compressed Oops mode: 32-bit
Narrow klass base: 0x0000000000000000, Narrow klass shift: 3
Compressed class space size: 1073741824 Address: 0x0000000100000000

Heap:
 garbage-first heap   total 194560K, used 154870K [0x0000000080000000, 0x0000000100000000)
  region size 1024K, 64 young (65536K), 4 survivors (4096K)
 Metaspace       used 95324K, capacity 97568K, committed 97740K, reserved 1134592K
  class space    used 11601K, capacity 12376K, committed 12492K, reserved 1048576K
Heap Regions: E=young(eden), S=young(survivor), O=old, HS=humongous(starts), HC=humongous(continues), CS=collection set, F=free, A=archive, TAMS=top-at-mark-start (previous, next)
|   0|0x0000000080000000, 0x00000000800fff40, 0x0000000080100000| 99%| O|  |TAMS 0x00000000800fff40, 0x00000000800fff40| Untracked 
|   1|0x0000000080100000, 0x00000000801eb5e8, 0x0000000080200000| 91%| O|  |TAMS 0x00000000801eb5e8, 0x00000000801eb5e8| Untracked 
|   2|0x0000000080200000, 0x00000000802ff120, 0x0000000080300000| 99%| O|  |TAMS 0x00000000802ff120, 0x00000000802ff120| Untracked 
|   3|0x0000000080300000, 0x0000000080400000, 0x0000000080400000|100%|HS|  |TAMS 0x0000000080400000, 0x0000000080400000| Complete 
|   4|0x0000000080400000, 0x0000000080500000, 0x0000000080500000|100%|HC|  |TAMS 0x0000000080500000, 0x0000000080500000| Complete 
|   5|0x0000000080500000, 0x0000000080600000, 0x0000000080600000|100%|HC|  |TAMS 0x0000000080600000, 0x0000000080600000| Complete 
|   6|0x0000000080600000, 0x00000000806fffc8, 0x0000000080700000| 99%| O|  |TAMS 0x00000000806fffc8, 0x00000000806fffc8| Untracked 
|   7|0x0000000080700000, 0x00000000807fce60, 0x0000000080800000| 98%| O|  |TAMS 0x00000000807fce60, 0x00000000807fce60| Untracked 
|   8|0x0000000080800000, 0x00000000808ffff8, 0x0000000080900000| 99%| O|  |TAMS 0x00000000808ffff8, 0x00000000808ffff8| Untracked 
|   9|0x0000000080900000, 0x00000000809ffff0, 0x0000000080a00000| 99%| O|  |TAMS 0x00000000809ffff0, 0x00000000809ffff0| Untracked 
|  10|0x0000000080a00000, 0x0000000080afffc8, 0x0000000080b00000| 99%| O|  |TAMS 0x0000000080afffc8, 0x0000000080afffc8| Untracked 
|  11|0x0000000080b00000, 0x0000000080c00000, 0x0000000080c00000|100%| O|  |TAMS 0x0000000080c00000, 0x0000000080c00000| Untracked 
|  12|0x0000000080c00000, 0x0000000080cffff0, 0x0000000080d00000| 99%| O|  |TAMS 0x0000000080cffff0, 0x0000000080cffff0| Untracked 
|  13|0x0000000080d00000, 0x0000000080dffff8, 0x0000000080e00000| 99%| O|  |TAMS 0x0000000080dffff8, 0x0000000080dffff8| Untracked 
|  14|0x0000000080e00000, 0x0000000080efd138, 0x0000000080f00000| 98%| O|  |TAMS 0x0000000080efd138, 0x0000000080efd138| Untracked 
|  15|0x0000000080f00000, 0x0000000080fea610, 0x0000000081000000| 91%| O|  |TAMS 0x0000000080fea610, 0x0000000080fea610| Untracked 
|  16|0x0000000081000000, 0x0000000081100000, 0x0000000081100000|100%|HS|  |TAMS 0x0000000081100000, 0x0000000081100000| Complete 
|  17|0x0000000081100000, 0x0000000081200000, 0x0000000081200000|100%|HS|  |TAMS 0x0000000081200000, 0x0000000081200000| Complete 
|  18|0x0000000081200000, 0x0000000081300000, 0x0000000081300000|100%|HC|  |TAMS 0x0000000081300000, 0x0000000081300000| Complete 
|  19|0x0000000081300000, 0x00000000813fffe8, 0x0000000081400000| 99%| O|  |TAMS 0x00000000813fffe8, 0x00000000813fffe8| Untracked 
|  20|0x0000000081400000, 0x00000000814cd798, 0x0000000081500000| 80%| O|  |TAMS 0x00000000814cd798, 0x00000000814cd798| Untracked 
|  21|0x0000000081500000, 0x00000000815ffff0, 0x0000000081600000| 99%| O|  |TAMS 0x00000000815ffff0, 0x00000000815ffff0| Untracked 
|  22|0x0000000081600000, 0x00000000816fffc0, 0x0000000081700000| 99%| O|  |TAMS 0x00000000816fffc0, 0x00000000816fffc0| Untracked 
|  23|0x0000000081700000, 0x00000000817e18d0, 0x0000000081800000| 88%| O|  |TAMS 0x00000000817e18d0, 0x00000000817e18d0| Untracked 
|  24|0x0000000081800000, 0x00000000818fac98, 0x0000000081900000| 97%| O|  |TAMS 0x00000000818fac98, 0x00000000818fac98| Untracked 
|  25|0x0000000081900000, 0x00000000819fe690, 0x0000000081a00000| 99%| O|  |TAMS 0x00000000819fe690, 0x00000000819fe690| Untracked 
|  26|0x0000000081a00000, 0x0000000081afffd8, 0x0000000081b00000| 99%| O|  |TAMS 0x0000000081afffd8, 0x0000000081afffd8| Untracked 
|  27|0x0000000081b00000, 0x0000000081c00000, 0x0000000081c00000|100%| O|  |TAMS 0x0000000081c00000, 0x0000000081c00000| Untracked 
|  28|0x0000000081c00000, 0x0000000081cfff08, 0x0000000081d00000| 99%| O|  |TAMS 0x0000000081cfff08, 0x0000000081cfff08| Untracked 
|  29|0x0000000081d00000, 0x0000000081df8750, 0x0000000081e00000| 97%| O|  |TAMS 0x0000000081df8750, 0x0000000081df8750| Untracked 
|  30|0x0000000081e00000, 0x0000000081ef5530, 0x0000000081f00000| 95%| O|  |TAMS 0x0000000081ef5530, 0x0000000081ef5530| Untracked 
|  31|0x0000000081f00000, 0x0000000082000000, 0x0000000082000000|100%| O|  |TAMS 0x0000000082000000, 0x0000000082000000| Untracked 
|  32|0x0000000082000000, 0x00000000820fff98, 0x0000000082100000| 99%| O|  |TAMS 0x00000000820fff98, 0x00000000820fff98| Untracked 
|  33|0x0000000082100000, 0x0000000082200000, 0x0000000082200000|100%| O|  |TAMS 0x0000000082200000, 0x0000000082200000| Untracked 
|  34|0x0000000082200000, 0x00000000822fff50, 0x0000000082300000| 99%| O|  |TAMS 0x00000000822fff50, 0x00000000822fff50| Untracked 
|  35|0x0000000082300000, 0x00000000823fffe8, 0x0000000082400000| 99%| O|  |TAMS 0x00000000823fffe8, 0x00000000823fffe8| Untracked 
|  36|0x0000000082400000, 0x00000000824fffc8, 0x0000000082500000| 99%| O|  |TAMS 0x00000000824fffc8, 0x00000000824fffc8| Untracked 
|  37|0x0000000082500000, 0x00000000825ffff0, 0x0000000082600000| 99%| O|  |TAMS 0x00000000825ffff0, 0x00000000825ffff0| Untracked 
|  38|0x0000000082600000, 0x00000000826ffff8, 0x0000000082700000| 99%| O|  |TAMS 0x00000000826ffff8, 0x00000000826ffff8| Untracked 
|  39|0x0000000082700000, 0x00000000827ffff0, 0x0000000082800000| 99%| O|  |TAMS 0x00000000827ffff0, 0x00000000827ffff0| Untracked 
|  40|0x0000000082800000, 0x00000000828fffc8, 0x0000000082900000| 99%| O|  |TAMS 0x00000000828fffc8, 0x00000000828fffc8| Untracked 
|  41|0x0000000082900000, 0x00000000829fffe0, 0x0000000082a00000| 99%| O|  |TAMS 0x00000000829fffe0, 0x00000000829fffe0| Untracked 
|  42|0x0000000082a00000, 0x0000000082afffb8, 0x0000000082b00000| 99%| O|  |TAMS 0x0000000082afffb8, 0x0000000082afffb8| Untracked 
|  43|0x0000000082b00000, 0x0000000082bffff8, 0x0000000082c00000| 99%| O|  |TAMS 0x0000000082bffff8, 0x0000000082bffff8| Untracked 
|  44|0x0000000082c00000, 0x0000000082d00000, 0x0000000082d00000|100%| O|  |TAMS 0x0000000082d00000, 0x0000000082d00000| Untracked 
|  45|0x0000000082d00000, 0x0000000082dffff0, 0x0000000082e00000| 99%| O|  |TAMS 0x0000000082dffff0, 0x0000000082dffff0| Untracked 
|  46|0x0000000082e00000, 0x0000000082effff0, 0x0000000082f00000| 99%| O|  |TAMS 0x0000000082effff0, 0x0000000082effff0| Untracked 
|  47|0x0000000082f00000, 0x0000000083000000, 0x0000000083000000|100%| O|  |TAMS 0x0000000083000000, 0x0000000083000000| Untracked 
|  48|0x0000000083000000, 0x0000000083100000, 0x0000000083100000|100%| O|  |TAMS 0x0000000083100000, 0x0000000083100000| Untracked 
|  49|0x0000000083100000, 0x00000000831fffc0, 0x0000000083200000| 99%| O|  |TAMS 0x00000000831fffc0, 0x00000000831fffc0| Untracked 
|  50|0x0000000083200000, 0x00000000832fa260, 0x0000000083300000| 97%| O|  |TAMS 0x00000000832fa260, 0x00000000832fa260| Untracked 
|  51|0x0000000083300000, 0x0000000083400000, 0x0000000083400000|100%| O|  |TAMS 0x0000000083400000, 0x0000000083400000| Untracked 
|  52|0x0000000083400000, 0x0000000083500000, 0x0000000083500000|100%| O|  |TAMS 0x0000000083500000, 0x0000000083500000| Untracked 
|  53|0x0000000083500000, 0x0000000083543578, 0x0000000083600000| 26%| O|  |TAMS 0x0000000083543578, 0x0000000083543578| Untracked 
|  54|0x0000000083600000, 0x00000000836fffd8, 0x0000000083700000| 99%| O|  |TAMS 0x00000000836fffd8, 0x00000000836fffd8| Untracked 
|  55|0x0000000083700000, 0x00000000837aba88, 0x0000000083800000| 67%| O|  |TAMS 0x00000000837aba88, 0x00000000837aba88| Untracked 
|  56|0x0000000083800000, 0x00000000838ea7b0, 0x0000000083900000| 91%| O|  |TAMS 0x00000000838ea7b0, 0x00000000838ea7b0| Untracked 
|  57|0x0000000083900000, 0x0000000083a00000, 0x0000000083a00000|100%| O|  |TAMS 0x0000000083900000, 0x0000000083a00000| Untracked 
|  58|0x0000000083a00000, 0x0000000083b00000, 0x0000000083b00000|100%| O|  |TAMS 0x0000000083b00000, 0x0000000083b00000| Untracked 
|  59|0x0000000083b00000, 0x0000000083c00000, 0x0000000083c00000|100%| O|  |TAMS 0x0000000083b00000, 0x0000000083c00000| Untracked 
|  60|0x0000000083c00000, 0x0000000083d00000, 0x0000000083d00000|100%| O|  |TAMS 0x0000000083d00000, 0x0000000083d00000| Untracked 
|  61|0x0000000083d00000, 0x0000000083e00000, 0x0000000083e00000|100%| O|  |TAMS 0x0000000083d00000, 0x0000000083e00000| Untracked 
|  62|0x0000000083e00000, 0x0000000083f00000, 0x0000000083f00000|100%| O|  |TAMS 0x0000000083f00000, 0x0000000083f00000| Untracked 
|  63|0x0000000083f00000, 0x0000000084000000, 0x0000000084000000|100%| O|  |TAMS 0x0000000084000000, 0x0000000084000000| Untracked 
|  64|0x0000000084000000, 0x0000000084100000, 0x0000000084100000|100%| O|  |TAMS 0x0000000084100000, 0x0000000084100000| Untracked 
|  65|0x0000000084100000, 0x0000000084200000, 0x0000000084200000|100%| O|  |TAMS 0x0000000084200000, 0x0000000084200000| Untracked 
|  66|0x0000000084200000, 0x0000000084300000, 0x0000000084300000|100%| O|  |TAMS 0x0000000084300000, 0x0000000084300000| Untracked 
|  67|0x0000000084300000, 0x0000000084400000, 0x0000000084400000|100%| O|  |TAMS 0x0000000084400000, 0x0000000084400000| Untracked 
|  68|0x0000000084400000, 0x0000000084500000, 0x0000000084500000|100%| O|  |TAMS 0x0000000084500000, 0x0000000084500000| Untracked 
|  69|0x0000000084500000, 0x0000000084500000, 0x0000000084600000|  0%| F|  |TAMS 0x0000000084500000, 0x0000000084500000| Untracked 
|  70|0x0000000084600000, 0x0000000084700000, 0x0000000084700000|100%| O|  |TAMS 0x0000000084600000, 0x0000000084700000| Untracked 
|  71|0x0000000084700000, 0x0000000084800000, 0x0000000084800000|100%| O|  |TAMS 0x0000000084800000, 0x0000000084800000| Untracked 
|  72|0x0000000084800000, 0x0000000084900000, 0x0000000084900000|100%|HS|  |TAMS 0x0000000084900000, 0x0000000084900000| Complete 
|  73|0x0000000084900000, 0x0000000084a00000, 0x0000000084a00000|100%| O|  |TAMS 0x0000000084a00000, 0x0000000084a00000| Untracked 
|  74|0x0000000084a00000, 0x0000000084b00000, 0x0000000084b00000|100%| O|  |TAMS 0x0000000084b00000, 0x0000000084b00000| Untracked 
|  75|0x0000000084b00000, 0x0000000084c00000, 0x0000000084c00000|100%| O|  |TAMS 0x0000000084c00000, 0x0000000084c00000| Untracked 
|  76|0x0000000084c00000, 0x0000000084d00000, 0x0000000084d00000|100%| O|  |TAMS 0x0000000084d00000, 0x0000000084d00000| Untracked 
|  77|0x0000000084d00000, 0x0000000084e00000, 0x0000000084e00000|100%| O|  |TAMS 0x0000000084e00000, 0x0000000084e00000| Untracked 
|  78|0x0000000084e00000, 0x0000000084f00000, 0x0000000084f00000|100%| O|  |TAMS 0x0000000084f00000, 0x0000000084f00000| Untracked 
|  79|0x0000000084f00000, 0x0000000085000000, 0x0000000085000000|100%| O|  |TAMS 0x0000000085000000, 0x0000000085000000| Untracked 
|  80|0x0000000085000000, 0x0000000085100000, 0x0000000085100000|100%| O|  |TAMS 0x0000000085100000, 0x0000000085100000| Untracked 
|  81|0x0000000085100000, 0x0000000085200000, 0x0000000085200000|100%| O|  |TAMS 0x0000000085100000, 0x0000000085200000| Untracked 
|  82|0x0000000085200000, 0x0000000085242400, 0x0000000085300000| 25%| O|  |TAMS 0x0000000085200000, 0x0000000085300000| Untracked 
|  83|0x0000000085300000, 0x0000000085300000, 0x0000000085400000|  0%| F|  |TAMS 0x0000000085300000, 0x0000000085300000| Untracked 
|  84|0x0000000085400000, 0x0000000085400000, 0x0000000085500000|  0%| F|  |TAMS 0x0000000085400000, 0x0000000085400000| Untracked 
|  85|0x0000000085500000, 0x0000000085500000, 0x0000000085600000|  0%| F|  |TAMS 0x0000000085500000, 0x0000000085500000| Untracked 
|  86|0x0000000085600000, 0x0000000085700000, 0x0000000085700000|100%| O|  |TAMS 0x0000000085700000, 0x0000000085700000| Untracked 
|  87|0x0000000085700000, 0x0000000085800000, 0x0000000085800000|100%| O|  |TAMS 0x0000000085800000, 0x0000000085800000| Untracked 
|  88|0x0000000085800000, 0x0000000085900000, 0x0000000085900000|100%| O|  |TAMS 0x0000000085900000, 0x0000000085900000| Untracked 
|  89|0x0000000085900000, 0x0000000085a00000, 0x0000000085a00000|100%| O|  |TAMS 0x0000000085a00000, 0x0000000085a00000| Untracked 
|  90|0x0000000085a00000, 0x0000000085b00000, 0x0000000085b00000|100%| O|  |TAMS 0x0000000085b00000, 0x0000000085b00000| Untracked 
|  91|0x0000000085b00000, 0x0000000085c00000, 0x0000000085c00000|100%| O|  |TAMS 0x0000000085c00000, 0x0000000085c00000| Untracked 
|  92|0x0000000085c00000, 0x0000000085d00000, 0x0000000085d00000|100%| O|  |TAMS 0x0000000085d00000, 0x0000000085d00000| Untracked 
|  93|0x0000000085d00000, 0x0000000085e00000, 0x0000000085e00000|100%| O|  |TAMS 0x0000000085e00000, 0x0000000085e00000| Untracked 
|  94|0x0000000085e00000, 0x0000000085f00000, 0x0000000085f00000|100%| O|  |TAMS 0x0000000085f00000, 0x0000000085f00000| Untracked 
|  95|0x0000000085f00000, 0x0000000086000000, 0x0000000086000000|100%| O|  |TAMS 0x0000000086000000, 0x0000000086000000| Untracked 
|  96|0x0000000086000000, 0x0000000086100000, 0x0000000086100000|100%| O|  |TAMS 0x0000000086100000, 0x0000000086100000| Untracked 
|  97|0x0000000086100000, 0x0000000086100000, 0x0000000086200000|  0%| F|  |TAMS 0x0000000086100000, 0x0000000086100000| Untracked 
|  98|0x0000000086200000, 0x0000000086200000, 0x0000000086300000|  0%| F|  |TAMS 0x0000000086200000, 0x0000000086200000| Untracked 
|  99|0x0000000086300000, 0x0000000086300000, 0x0000000086400000|  0%| F|  |TAMS 0x0000000086300000, 0x0000000086300000| Untracked 
| 100|0x0000000086400000, 0x0000000086400000, 0x0000000086500000|  0%| F|  |TAMS 0x0000000086400000, 0x0000000086400000| Untracked 
| 101|0x0000000086500000, 0x0000000086500000, 0x0000000086600000|  0%| F|  |TAMS 0x0000000086500000, 0x0000000086500000| Untracked 
| 102|0x0000000086600000, 0x0000000086600000, 0x0000000086700000|  0%| F|  |TAMS 0x0000000086600000, 0x0000000086600000| Untracked 
| 103|0x0000000086700000, 0x0000000086700000, 0x0000000086800000|  0%| F|  |TAMS 0x0000000086700000, 0x0000000086700000| Untracked 
| 104|0x0000000086800000, 0x0000000086800000, 0x0000000086900000|  0%| F|  |TAMS 0x0000000086800000, 0x0000000086800000| Untracked 
| 105|0x0000000086900000, 0x0000000086900000, 0x0000000086a00000|  0%| F|  |TAMS 0x0000000086900000, 0x0000000086900000| Untracked 
| 106|0x0000000086a00000, 0x0000000086a00000, 0x0000000086b00000|  0%| F|  |TAMS 0x0000000086a00000, 0x0000000086a00000| Untracked 
| 107|0x0000000086b00000, 0x0000000086b00000, 0x0000000086c00000|  0%| F|  |TAMS 0x0000000086b00000, 0x0000000086b00000| Untracked 
| 108|0x0000000086c00000, 0x0000000086c00000, 0x0000000086d00000|  0%| F|  |TAMS 0x0000000086c00000, 0x0000000086c00000| Untracked 
| 109|0x0000000086d00000, 0x0000000086d00000, 0x0000000086e00000|  0%| F|  |TAMS 0x0000000086d00000, 0x0000000086d00000| Untracked 
| 110|0x0000000086e00000, 0x0000000086e00000, 0x0000000086f00000|  0%| F|  |TAMS 0x0000000086e00000, 0x0000000086e00000| Untracked 
| 111|0x0000000086f00000, 0x0000000086f00000, 0x0000000087000000|  0%| F|  |TAMS 0x0000000086f00000, 0x0000000086f00000| Untracked 
| 112|0x0000000087000000, 0x0000000087000000, 0x0000000087100000|  0%| F|  |TAMS 0x0000000087000000, 0x0000000087000000| Untracked 
| 113|0x0000000087100000, 0x0000000087100000, 0x0000000087200000|  0%| F|  |TAMS 0x0000000087100000, 0x0000000087100000| Untracked 
| 114|0x0000000087200000, 0x0000000087200000, 0x0000000087300000|  0%| F|  |TAMS 0x0000000087200000, 0x0000000087200000| Untracked 
| 115|0x0000000087300000, 0x0000000087300000, 0x0000000087400000|  0%| F|  |TAMS 0x0000000087300000, 0x0000000087300000| Untracked 
| 116|0x0000000087400000, 0x0000000087400000, 0x0000000087500000|  0%| F|  |TAMS 0x0000000087400000, 0x0000000087400000| Untracked 
| 117|0x0000000087500000, 0x0000000087500000, 0x0000000087600000|  0%| F|  |TAMS 0x0000000087500000, 0x0000000087500000| Untracked 
| 118|0x0000000087600000, 0x0000000087600000, 0x0000000087700000|  0%| F|  |TAMS 0x0000000087600000, 0x0000000087600000| Untracked 
| 119|0x0000000087700000, 0x0000000087700000, 0x0000000087800000|  0%| F|  |TAMS 0x0000000087700000, 0x0000000087700000| Untracked 
| 120|0x0000000087800000, 0x0000000087800000, 0x0000000087900000|  0%| F|  |TAMS 0x0000000087800000, 0x0000000087800000| Untracked 
| 121|0x0000000087900000, 0x0000000087900000, 0x0000000087a00000|  0%| F|  |TAMS 0x0000000087900000, 0x0000000087900000| Untracked 
| 122|0x0000000087a00000, 0x0000000087a00000, 0x0000000087b00000|  0%| F|  |TAMS 0x0000000087a00000, 0x0000000087a00000| Untracked 
| 123|0x0000000087b00000, 0x0000000087b00000, 0x0000000087c00000|  0%| F|  |TAMS 0x0000000087b00000, 0x0000000087b00000| Untracked 
| 124|0x0000000087c00000, 0x0000000087c00000, 0x0000000087d00000|  0%| F|  |TAMS 0x0000000087c00000, 0x0000000087c00000| Untracked 
| 125|0x0000000087d00000, 0x0000000087d3ec58, 0x0000000087e00000| 24%| S|  |TAMS 0x0000000087d00000, 0x0000000087d00000| Complete 
| 126|0x0000000087e00000, 0x0000000087f00000, 0x0000000087f00000|100%| S|  |TAMS 0x0000000087e00000, 0x0000000087e00000| Complete 
| 127|0x0000000087f00000, 0x0000000088000000, 0x0000000088000000|100%| S|  |TAMS 0x0000000087f00000, 0x0000000087f00000| Complete 
| 128|0x0000000088000000, 0x0000000088100000, 0x0000000088100000|100%| S|  |TAMS 0x0000000088000000, 0x0000000088000000| Complete 
| 129|0x0000000088100000, 0x0000000088200000, 0x0000000088200000|100%| E|CS|TAMS 0x0000000088100000, 0x0000000088200000| Complete 
| 130|0x0000000088200000, 0x0000000088300000, 0x0000000088300000|100%| E|CS|TAMS 0x0000000088200000, 0x0000000088300000| Complete 
| 131|0x0000000088300000, 0x0000000088400000, 0x0000000088400000|100%| E|CS|TAMS 0x0000000088300000, 0x0000000088400000| Complete 
| 132|0x0000000088400000, 0x0000000088500000, 0x0000000088500000|100%| E|CS|TAMS 0x0000000088400000, 0x0000000088500000| Complete 
| 133|0x0000000088500000, 0x0000000088600000, 0x0000000088600000|100%| E|CS|TAMS 0x0000000088500000, 0x0000000088600000| Complete 
| 134|0x0000000088600000, 0x0000000088700000, 0x0000000088700000|100%| E|CS|TAMS 0x0000000088600000, 0x0000000088700000| Complete 
| 135|0x0000000088700000, 0x0000000088800000, 0x0000000088800000|100%| E|CS|TAMS 0x0000000088700000, 0x0000000088800000| Complete 
| 136|0x0000000088800000, 0x0000000088900000, 0x0000000088900000|100%| E|CS|TAMS 0x0000000088800000, 0x0000000088900000| Complete 
| 137|0x0000000088900000, 0x0000000088a00000, 0x0000000088a00000|100%| E|CS|TAMS 0x0000000088900000, 0x0000000088a00000| Complete 
| 138|0x0000000088a00000, 0x0000000088b00000, 0x0000000088b00000|100%| E|CS|TAMS 0x0000000088a00000, 0x0000000088b00000| Complete 
| 139|0x0000000088b00000, 0x0000000088c00000, 0x0000000088c00000|100%| E|CS|TAMS 0x0000000088b00000, 0x0000000088c00000| Complete 
| 140|0x0000000088c00000, 0x0000000088d00000, 0x0000000088d00000|100%| E|CS|TAMS 0x0000000088c00000, 0x0000000088d00000| Complete 
| 141|0x0000000088d00000, 0x0000000088e00000, 0x0000000088e00000|100%| E|CS|TAMS 0x0000000088d00000, 0x0000000088e00000| Complete 
| 142|0x0000000088e00000, 0x0000000088f00000, 0x0000000088f00000|100%| E|CS|TAMS 0x0000000088e00000, 0x0000000088f00000| Complete 
| 143|0x0000000088f00000, 0x0000000089000000, 0x0000000089000000|100%| E|CS|TAMS 0x0000000088f00000, 0x0000000089000000| Complete 
| 144|0x0000000089000000, 0x0000000089100000, 0x0000000089100000|100%| E|CS|TAMS 0x0000000089000000, 0x0000000089100000| Complete 
| 145|0x0000000089100000, 0x0000000089200000, 0x0000000089200000|100%| E|CS|TAMS 0x0000000089100000, 0x0000000089200000| Complete 
| 146|0x0000000089200000, 0x0000000089300000, 0x0000000089300000|100%| E|CS|TAMS 0x0000000089200000, 0x0000000089300000| Complete 
| 147|0x0000000089300000, 0x0000000089400000, 0x0000000089400000|100%| E|CS|TAMS 0x0000000089300000, 0x0000000089400000| Complete 
| 148|0x0000000089400000, 0x0000000089500000, 0x0000000089500000|100%| E|CS|TAMS 0x0000000089400000, 0x0000000089500000| Complete 
| 149|0x0000000089500000, 0x0000000089600000, 0x0000000089600000|100%| E|CS|TAMS 0x0000000089500000, 0x0000000089600000| Complete 
| 150|0x0000000089600000, 0x0000000089700000, 0x0000000089700000|100%| E|CS|TAMS 0x0000000089600000, 0x0000000089700000| Complete 
| 151|0x0000000089700000, 0x0000000089800000, 0x0000000089800000|100%| E|CS|TAMS 0x0000000089700000, 0x0000000089800000| Complete 
| 152|0x0000000089800000, 0x0000000089900000, 0x0000000089900000|100%| E|CS|TAMS 0x0000000089800000, 0x0000000089900000| Complete 
| 153|0x0000000089900000, 0x0000000089a00000, 0x0000000089a00000|100%| E|CS|TAMS 0x0000000089900000, 0x0000000089a00000| Complete 
| 154|0x0000000089a00000, 0x0000000089b00000, 0x0000000089b00000|100%| E|CS|TAMS 0x0000000089a00000, 0x0000000089b00000| Complete 
| 155|0x0000000089b00000, 0x0000000089c00000, 0x0000000089c00000|100%| E|CS|TAMS 0x0000000089b00000, 0x0000000089c00000| Complete 
| 156|0x0000000089c00000, 0x0000000089d00000, 0x0000000089d00000|100%| E|CS|TAMS 0x0000000089c00000, 0x0000000089d00000| Complete 
| 157|0x0000000089d00000, 0x0000000089e00000, 0x0000000089e00000|100%| E|CS|TAMS 0x0000000089d00000, 0x0000000089e00000| Complete 
| 158|0x0000000089e00000, 0x0000000089f00000, 0x0000000089f00000|100%| E|CS|TAMS 0x0000000089e00000, 0x0000000089f00000| Complete 
| 159|0x0000000089f00000, 0x000000008a000000, 0x000000008a000000|100%| E|CS|TAMS 0x0000000089f00000, 0x000000008a000000| Complete 
| 160|0x000000008a000000, 0x000000008a100000, 0x000000008a100000|100%| E|CS|TAMS 0x000000008a000000, 0x000000008a100000| Complete 
| 161|0x000000008a100000, 0x000000008a200000, 0x000000008a200000|100%| E|CS|TAMS 0x000000008a100000, 0x000000008a200000| Complete 
| 162|0x000000008a200000, 0x000000008a300000, 0x000000008a300000|100%| E|CS|TAMS 0x000000008a200000, 0x000000008a300000| Complete 
| 163|0x000000008a300000, 0x000000008a400000, 0x000000008a400000|100%| E|CS|TAMS 0x000000008a300000, 0x000000008a400000| Complete 
| 164|0x000000008a400000, 0x000000008a500000, 0x000000008a500000|100%| E|CS|TAMS 0x000000008a400000, 0x000000008a500000| Complete 
| 165|0x000000008a500000, 0x000000008a600000, 0x000000008a600000|100%| E|CS|TAMS 0x000000008a500000, 0x000000008a600000| Complete 
| 166|0x000000008a600000, 0x000000008a700000, 0x000000008a700000|100%| E|CS|TAMS 0x000000008a600000, 0x000000008a700000| Complete 
| 167|0x000000008a700000, 0x000000008a800000, 0x000000008a800000|100%| E|CS|TAMS 0x000000008a700000, 0x000000008a800000| Complete 
| 168|0x000000008a800000, 0x000000008a900000, 0x000000008a900000|100%| E|CS|TAMS 0x000000008a800000, 0x000000008a900000| Complete 
| 169|0x000000008a900000, 0x000000008aa00000, 0x000000008aa00000|100%| E|CS|TAMS 0x000000008a900000, 0x000000008aa00000| Complete 
| 170|0x000000008aa00000, 0x000000008ab00000, 0x000000008ab00000|100%| E|CS|TAMS 0x000000008aa00000, 0x000000008ab00000| Complete 
| 171|0x000000008ab00000, 0x000000008ac00000, 0x000000008ac00000|100%| E|CS|TAMS 0x000000008ab00000, 0x000000008ac00000| Complete 
| 172|0x000000008ac00000, 0x000000008ad00000, 0x000000008ad00000|100%| E|CS|TAMS 0x000000008ac00000, 0x000000008ad00000| Complete 
| 173|0x000000008ad00000, 0x000000008ae00000, 0x000000008ae00000|100%| E|CS|TAMS 0x000000008ad00000, 0x000000008ae00000| Complete 
| 174|0x000000008ae00000, 0x000000008af00000, 0x000000008af00000|100%| E|CS|TAMS 0x000000008ae00000, 0x000000008af00000| Complete 
| 175|0x000000008af00000, 0x000000008b000000, 0x000000008b000000|100%| E|CS|TAMS 0x000000008af00000, 0x000000008b000000| Complete 
| 176|0x000000008b000000, 0x000000008b100000, 0x000000008b100000|100%| E|CS|TAMS 0x000000008b000000, 0x000000008b100000| Complete 
| 177|0x000000008b100000, 0x000000008b200000, 0x000000008b200000|100%| E|CS|TAMS 0x000000008b100000, 0x000000008b200000| Complete 
| 178|0x000000008b200000, 0x000000008b300000, 0x000000008b300000|100%| E|CS|TAMS 0x000000008b200000, 0x000000008b300000| Complete 
| 179|0x000000008b300000, 0x000000008b400000, 0x000000008b400000|100%| E|CS|TAMS 0x000000008b300000, 0x000000008b400000| Complete 
| 180|0x000000008b400000, 0x000000008b500000, 0x000000008b500000|100%| E|CS|TAMS 0x000000008b400000, 0x000000008b500000| Complete 
| 181|0x000000008b500000, 0x000000008b600000, 0x000000008b600000|100%| E|CS|TAMS 0x000000008b500000, 0x000000008b600000| Complete 
| 182|0x000000008b600000, 0x000000008b700000, 0x000000008b700000|100%| E|CS|TAMS 0x000000008b600000, 0x000000008b700000| Complete 
| 183|0x000000008b700000, 0x000000008b800000, 0x000000008b800000|100%| E|CS|TAMS 0x000000008b700000, 0x000000008b800000| Complete 
| 184|0x000000008b800000, 0x000000008b900000, 0x000000008b900000|100%| E|CS|TAMS 0x000000008b800000, 0x000000008b900000| Complete 
| 185|0x000000008b900000, 0x000000008ba00000, 0x000000008ba00000|100%| E|CS|TAMS 0x000000008b900000, 0x000000008ba00000| Complete 
| 186|0x000000008ba00000, 0x000000008bac3380, 0x000000008bb00000| 76%| E|CS|TAMS 0x000000008ba00000, 0x000000008bac3380| Complete 
| 187|0x000000008bb00000, 0x000000008bc00000, 0x000000008bc00000|100%| E|CS|TAMS 0x000000008bb00000, 0x000000008bc00000| Complete 
| 188|0x000000008bc00000, 0x000000008bd00000, 0x000000008bd00000|100%| E|CS|TAMS 0x000000008bc00000, 0x000000008bd00000| Complete 
| 189|0x000000008bd00000, 0x000000008be00000, 0x000000008be00000|100%| E|CS|TAMS 0x000000008bd00000, 0x000000008be00000| Complete 

Card table byte_map: [0x00000198ce110000,0x00000198ce510000] _byte_map_base: 0x00000198cdd10000

Marking Bits (Prev, Next): (CMBitMap*) 0x00000198bb0c6230, (CMBitMap*) 0x00000198bb0c61f8
 Prev Bits: [0x00000198d0910000, 0x00000198d2910000)
 Next Bits: [0x00000198ce910000, 0x00000198d0910000)

Polling page: 0x00000198b9020000

Metaspace:

Usage:
  Non-class:     83.20 MB capacity,    81.76 MB ( 98%) used,     1.20 MB (  1%) free+waste,   244.75 KB ( <1%) overhead. 
      Class:     12.09 MB capacity,    11.33 MB ( 94%) used,   669.24 KB (  5%) free+waste,   105.38 KB ( <1%) overhead. 
       Both:     95.28 MB capacity,    93.09 MB ( 98%) used,     1.85 MB (  2%) free+waste,   350.13 KB ( <1%) overhead. 

Virtual space:
  Non-class space:       84.00 MB reserved,      83.25 MB (>99%) committed 
      Class space:        1.00 GB reserved,      12.20 MB (  1%) committed 
             Both:        1.08 GB reserved,      95.45 MB (  9%) committed 

Chunk freelists:
   Non-Class:  0 bytes
       Class:  104.00 KB
        Both:  104.00 KB

MaxMetaspaceSize: 17179869184.00 GB
CompressedClassSpaceSize: 1.00 GB

CodeHeap 'non-profiled nmethods': size=120000Kb used=11122Kb max_used=11122Kb free=108877Kb
 bounds [0x00000198c64a0000, 0x00000198c6f90000, 0x00000198cd9d0000]
CodeHeap 'profiled nmethods': size=120000Kb used=30778Kb max_used=30778Kb free=89221Kb
 bounds [0x00000198bef70000, 0x00000198c0da0000, 0x00000198c64a0000]
CodeHeap 'non-nmethods': size=5760Kb used=2272Kb max_used=2348Kb free=3487Kb
 bounds [0x00000198be9d0000, 0x00000198bec40000, 0x00000198bef70000]
 total_blobs=15517 nmethods=14651 adapters=776
 compilation: enabled
              stopped_count=0, restarted_count=0
 full_count=0

Compilation events (20 events):
Event: 196.367 Thread 0x00000198d5c38800 16761       3       java.util.stream.MatchOps$MatchOp::evaluateSequential (27 bytes)
Event: 196.367 Thread 0x00000198d5c38800 nmethod 16761 0x00000198c0d94610 code [0x00000198c0d94800, 0x00000198c0d94db8]
Event: 196.367 Thread 0x00000198d5c38800 16762       3       java.util.stream.MatchOps$$Lambda$393/0x0000000100696840::get (12 bytes)
Event: 196.368 Thread 0x00000198d5c38800 nmethod 16762 0x00000198c0d94f10 code [0x00000198c0d950e0, 0x00000198c0d954d8]
Event: 196.368 Thread 0x00000198d5c38800 16763       3       java.util.stream.MatchOps::lambda$makeRef$0 (10 bytes)
Event: 196.369 Thread 0x00000198d5c38800 nmethod 16763 0x00000198c0d95690 code [0x00000198c0d95860, 0x00000198c0d95bd8]
Event: 196.369 Thread 0x00000198d5c38800 16764       3       java.util.stream.MatchOps$1MatchSink::<init> (16 bytes)
Event: 196.369 Thread 0x00000198d5c38800 nmethod 16764 0x00000198c0d95d10 code [0x00000198c0d95ee0, 0x00000198c0d961b8]
Event: 196.369 Thread 0x00000198d5c38800 16765       3       java.util.stream.MatchOps$BooleanTerminalSink::<init> (21 bytes)
Event: 196.369 Thread 0x00000198d5c38800 nmethod 16765 0x00000198c0d96310 code [0x00000198c0d964c0, 0x00000198c0d96698]
Event: 196.370 Thread 0x00000198d87e4000 nmethod 16704 0x00000198c6f70910 code [0x00000198c6f70ac0, 0x00000198c6f70c98]
Event: 196.370 Thread 0x00000198d5c38800 16766       3       java.util.concurrent.ConcurrentHashMap$KeySetView::add (36 bytes)
Event: 196.370 Thread 0x00000198d87e4000 16742   !   4       sun.nio.ch.SocketChannelImpl::write (173 bytes)
Event: 196.370 Thread 0x00000198d5c38800 nmethod 16766 0x00000198c0d96790 code [0x00000198c0d96960, 0x00000198c0d96bf8]
Event: 196.370 Thread 0x00000198d5c38800 16757       1       org.gradle.internal.build.event.types.AbstractTaskResult::getExecutionReasons (5 bytes)
Event: 196.370 Thread 0x00000198d5c38800 nmethod 16757 0x00000198c6f70e10 code [0x00000198c6f70fc0, 0x00000198c6f71078]
Event: 196.488 Thread 0x00000198d7fba000 nmethod 16625 0x00000198c6f71110 code [0x00000198c6f715e0, 0x00000198c6f77cc8]
Event: 196.489 Thread 0x00000198d7fba000 16772       4       org.gradle.internal.remote.internal.inet.SocketConnection$SocketOutputStream::flush (18 bytes)
Event: 196.497 Thread 0x00000198d87e4000 nmethod 16742 0x00000198c6f7be10 code [0x00000198c6f7c1e0, 0x00000198c6f7e7f0]
Event: 196.497 Thread 0x00000198d87e4000 16771   !   4       org.gradle.internal.remote.internal.inet.SocketConnection::flush (46 bytes)

GC Heap History (20 events):
Event: 118.228 GC heap after
{Heap after GC invocations=35 (full 1):
 garbage-first heap   total 194560K, used 95893K [0x0000000080000000, 0x0000000100000000)
  region size 1024K, 5 young (5120K), 5 survivors (5120K)
 Metaspace       used 94444K, capacity 96699K, committed 96972K, reserved 1134592K
  class space    used 11555K, capacity 12316K, committed 12492K, reserved 1048576K
}
Event: 132.627 GC heap before
{Heap before GC invocations=36 (full 1):
 garbage-first heap   total 194560K, used 137574K [0x0000000080000000, 0x0000000100000000)
  region size 1024K, 60 young (61440K), 5 survivors (5120K)
 Metaspace       used 94865K, capacity 97176K, committed 97484K, reserved 1134592K
  class space    used 11591K, capacity 12360K, committed 12492K, reserved 1048576K
}
Event: 132.632 GC heap after
{Heap after GC invocations=37 (full 1):
 garbage-first heap   total 194560K, used 82122K [0x0000000080000000, 0x0000000100000000)
  region size 1024K, 4 young (4096K), 4 survivors (4096K)
 Metaspace       used 94865K, capacity 97176K, committed 97484K, reserved 1134592K
  class space    used 11591K, capacity 12360K, committed 12492K, reserved 1048576K
}
Event: 192.391 GC heap before
{Heap before GC invocations=37 (full 1):
 garbage-first heap   total 194560K, used 86218K [0x0000000080000000, 0x0000000100000000)
  region size 1024K, 9 young (9216K), 4 survivors (4096K)
 Metaspace       used 94902K, capacity 97176K, committed 97484K, reserved 1134592K
  class space    used 11591K, capacity 12360K, committed 12492K, reserved 1048576K
}
Event: 192.398 GC heap after
{Heap after GC invocations=38 (full 1):
 garbage-first heap   total 194560K, used 74102K [0x0000000080000000, 0x0000000100000000)
  region size 1024K, 2 young (2048K), 2 survivors (2048K)
 Metaspace       used 94902K, capacity 97176K, committed 97484K, reserved 1134592K
  class space    used 11591K, capacity 12360K, committed 12492K, reserved 1048576K
}
Event: 193.352 GC heap before
{Heap before GC invocations=38 (full 1):
 garbage-first heap   total 194560K, used 144758K [0x0000000080000000, 0x0000000100000000)
  region size 1024K, 72 young (73728K), 2 survivors (2048K)
 Metaspace       used 95095K, capacity 97342K, committed 97484K, reserved 1134592K
  class space    used 11595K, capacity 12367K, committed 12492K, reserved 1048576K
}
Event: 193.361 GC heap after
{Heap after GC invocations=39 (full 1):
 garbage-first heap   total 194560K, used 77756K [0x0000000080000000, 0x0000000100000000)
  region size 1024K, 5 young (5120K), 5 survivors (5120K)
 Metaspace       used 95095K, capacity 97342K, committed 97484K, reserved 1134592K
  class space    used 11595K, capacity 12367K, committed 12492K, reserved 1048576K
}
Event: 194.114 GC heap before
{Heap before GC invocations=39 (full 1):
 garbage-first heap   total 194560K, used 148412K [0x0000000080000000, 0x0000000100000000)
  region size 1024K, 75 young (76800K), 5 survivors (5120K)
 Metaspace       used 95117K, capacity 97345K, committed 97484K, reserved 1134592K
  class space    used 11597K, capacity 12368K, committed 12492K, reserved 1048576K
}
Event: 194.149 GC heap after
{Heap after GC invocations=40 (full 1):
 garbage-first heap   total 194560K, used 84884K [0x0000000080000000, 0x0000000100000000)
  region size 1024K, 10 young (10240K), 10 survivors (10240K)
 Metaspace       used 95117K, capacity 97345K, committed 97484K, reserved 1134592K
  class space    used 11597K, capacity 12368K, committed 12492K, reserved 1048576K
}
Event: 194.822 GC heap before
{Heap before GC invocations=41 (full 1):
 garbage-first heap   total 194560K, used 153492K [0x0000000080000000, 0x0000000100000000)
  region size 1024K, 75 young (76800K), 10 survivors (10240K)
 Metaspace       used 95118K, capacity 97345K, committed 97484K, reserved 1134592K
  class space    used 11597K, capacity 12368K, committed 12492K, reserved 1048576K
}
Event: 194.841 GC heap after
{Heap after GC invocations=42 (full 1):
 garbage-first heap   total 194560K, used 96423K [0x0000000080000000, 0x0000000100000000)
  region size 1024K, 10 young (10240K), 10 survivors (10240K)
 Metaspace       used 95118K, capacity 97345K, committed 97484K, reserved 1134592K
  class space    used 11597K, capacity 12368K, committed 12492K, reserved 1048576K
}
Event: 194.845 GC heap before
{Heap before GC invocations=42 (full 1):
 garbage-first heap   total 194560K, used 97447K [0x0000000080000000, 0x0000000100000000)
  region size 1024K, 11 young (11264K), 10 survivors (10240K)
 Metaspace       used 95118K, capacity 97345K, committed 97484K, reserved 1134592K
  class space    used 11597K, capacity 12368K, committed 12492K, reserved 1048576K
}
Event: 194.858 GC heap after
{Heap after GC invocations=43 (full 1):
 garbage-first heap   total 194560K, used 89043K [0x0000000080000000, 0x0000000100000000)
  region size 1024K, 1 young (1024K), 1 survivors (1024K)
 Metaspace       used 95118K, capacity 97345K, committed 97484K, reserved 1134592K
  class space    used 11597K, capacity 12368K, committed 12492K, reserved 1048576K
}
Event: 194.923 GC heap before
{Heap before GC invocations=43 (full 1):
 garbage-first heap   total 194560K, used 94163K [0x0000000080000000, 0x0000000100000000)
  region size 1024K, 7 young (7168K), 1 survivors (1024K)
 Metaspace       used 95119K, capacity 97345K, committed 97484K, reserved 1134592K
  class space    used 11597K, capacity 12368K, committed 12492K, reserved 1048576K
}
Event: 194.932 GC heap after
{Heap after GC invocations=44 (full 1):
 garbage-first heap   total 194560K, used 90080K [0x0000000080000000, 0x0000000100000000)
  region size 1024K, 2 young (2048K), 2 survivors (2048K)
 Metaspace       used 95119K, capacity 97345K, committed 97484K, reserved 1134592K
  class space    used 11597K, capacity 12368K, committed 12492K, reserved 1048576K
}
Event: 195.794 GC heap before
{Heap before GC invocations=45 (full 1):
 garbage-first heap   total 194560K, used 176096K [0x0000000080000000, 0x0000000100000000)
  region size 1024K, 63 young (64512K), 2 survivors (2048K)
 Metaspace       used 95258K, capacity 97473K, committed 97740K, reserved 1134592K
  class space    used 11597K, capacity 12368K, committed 12492K, reserved 1048576K
}
Event: 195.810 GC heap after
{Heap after GC invocations=46 (full 1):
 garbage-first heap   total 194560K, used 93562K [0x0000000080000000, 0x0000000100000000)
  region size 1024K, 6 young (6144K), 6 survivors (6144K)
 Metaspace       used 95258K, capacity 97473K, committed 97740K, reserved 1134592K
  class space    used 11597K, capacity 12368K, committed 12492K, reserved 1048576K
}
Event: 195.830 GC heap before
{Heap before GC invocations=46 (full 1):
 garbage-first heap   total 194560K, used 96634K [0x0000000080000000, 0x0000000100000000)
  region size 1024K, 9 young (9216K), 6 survivors (6144K)
 Metaspace       used 95258K, capacity 97473K, committed 97740K, reserved 1134592K
  class space    used 11597K, capacity 12368K, committed 12492K, reserved 1048576K
}
Event: 195.841 GC heap after
{Heap after GC invocations=47 (full 1):
 garbage-first heap   total 194560K, used 93430K [0x0000000080000000, 0x0000000100000000)
  region size 1024K, 1 young (1024K), 1 survivors (1024K)
 Metaspace       used 95258K, capacity 97473K, committed 97740K, reserved 1134592K
  class space    used 11597K, capacity 12368K, committed 12492K, reserved 1048576K
}
Event: 196.501 GC heap before
{Heap before GC invocations=47 (full 1):
 garbage-first heap   total 194560K, used 153846K [0x0000000080000000, 0x0000000100000000)
  region size 1024K, 61 young (62464K), 1 survivors (1024K)
 Metaspace       used 95324K, capacity 97568K, committed 97740K, reserved 1134592K
  class space    used 11601K, capacity 12376K, committed 12492K, reserved 1048576K
}

Deoptimization events (20 events):
Event: 196.134 Thread 0x00000198dbf7b800 DEOPT PACKING pc=0x00000198c0c03a27 sp=0x00000013e0dfd040
Event: 196.134 Thread 0x00000198dbf7b800 DEOPT UNPACKING pc=0x00000198be9f724e sp=0x00000013e0dfc568 mode 0
Event: 196.143 Thread 0x00000198dbf7b800 DEOPT PACKING pc=0x00000198c0c03a27 sp=0x00000013e0dfd040
Event: 196.143 Thread 0x00000198dbf7b800 DEOPT UNPACKING pc=0x00000198be9f724e sp=0x00000013e0dfc568 mode 0
Event: 196.149 Thread 0x00000198dbf7b800 DEOPT PACKING pc=0x00000198c0c03a27 sp=0x00000013e0dfd040
Event: 196.149 Thread 0x00000198dbf7b800 DEOPT UNPACKING pc=0x00000198be9f724e sp=0x00000013e0dfc568 mode 0
Event: 196.153 Thread 0x00000198dbf7b800 DEOPT PACKING pc=0x00000198c0c03a27 sp=0x00000013e0dfd040
Event: 196.153 Thread 0x00000198dbf7b800 DEOPT UNPACKING pc=0x00000198be9f724e sp=0x00000013e0dfc568 mode 0
Event: 196.267 Thread 0x00000198d87e3000 Uncommon trap: trap_request=0xffffffc6 fr.pc=0x00000198c6ac33ac relative=0x000000000000076c
Event: 196.268 Thread 0x00000198d87e3000 Uncommon trap: reason=bimorphic_or_optimized_type_check action=maybe_recompile pc=0x00000198c6ac33ac method=org.apache.xerces.dom.ElementImpl.getNodeName()Ljava/lang/String; @ 8 c2
Event: 196.268 Thread 0x00000198d87e3000 DEOPT PACKING pc=0x00000198c6ac33ac sp=0x00000013d7df7900
Event: 196.268 Thread 0x00000198d87e3000 DEOPT UNPACKING pc=0x00000198be9f742f sp=0x00000013d7df78e8 mode 2
Event: 196.297 Thread 0x00000198d87e3000 Uncommon trap: trap_request=0xffffffc6 fr.pc=0x00000198c6ca5e28 relative=0x0000000000000a28
Event: 196.297 Thread 0x00000198d87e3000 Uncommon trap: reason=bimorphic_or_optimized_type_check action=maybe_recompile pc=0x00000198c6ca5e28 method=org.apache.xerces.dom.ParentNode.internalRemoveChild(Lorg/w3c/dom/Node;Z)Lorg/w3c/dom/Node; @ 42 c2
Event: 196.297 Thread 0x00000198d87e3000 DEOPT PACKING pc=0x00000198c6ca5e28 sp=0x00000013d7df7e50
Event: 196.297 Thread 0x00000198d87e3000 DEOPT UNPACKING pc=0x00000198be9f742f sp=0x00000013d7df7d98 mode 2
Event: 196.356 Thread 0x00000198dbf86000 Uncommon trap: trap_request=0xffffffde fr.pc=0x00000198c6c86c38 relative=0x00000000000000f8
Event: 196.356 Thread 0x00000198dbf86000 Uncommon trap: reason=class_check action=maybe_recompile pc=0x00000198c6c86c38 method=org.apache.xerces.dom.ElementImpl.getTagName()Ljava/lang/String; @ 8 c2
Event: 196.356 Thread 0x00000198dbf86000 DEOPT PACKING pc=0x00000198c6c86c38 sp=0x00000013e10fd660
Event: 196.356 Thread 0x00000198dbf86000 DEOPT UNPACKING pc=0x00000198be9f742f sp=0x00000013e10fd618 mode 2

Classes redefined (0 events):
No events

Internal exceptions (20 events):
Event: 119.394 Thread 0x00000198d87ea800 Exception <a 'sun/nio/fs/WindowsException'{0x00000000890534a8}> (0x00000000890534a8) thrown at [./src/hotspot/share/prims/jni.cpp, line 615]
Event: 119.394 Thread 0x00000198e1018000 Exception <a 'sun/nio/fs/WindowsException'{0x0000000088f093c8}> (0x0000000088f093c8) thrown at [./src/hotspot/share/prims/jni.cpp, line 615]
Event: 119.394 Thread 0x00000198e1014800 Exception <a 'sun/nio/fs/WindowsException'{0x0000000088f11f30}> (0x0000000088f11f30) thrown at [./src/hotspot/share/prims/jni.cpp, line 615]
Event: 119.395 Thread 0x00000198e1015800 Exception <a 'sun/nio/fs/WindowsException'{0x00000000890f9020}> (0x00000000890f9020) thrown at [./src/hotspot/share/prims/jni.cpp, line 615]
Event: 119.395 Thread 0x00000198d87ea800 Exception <a 'sun/nio/fs/WindowsException'{0x0000000089053f00}> (0x0000000089053f00) thrown at [./src/hotspot/share/prims/jni.cpp, line 615]
Event: 119.399 Thread 0x00000198e1016000 Exception <a 'sun/nio/fs/WindowsException'{0x0000000088f25af8}> (0x0000000088f25af8) thrown at [./src/hotspot/share/prims/jni.cpp, line 615]
Event: 119.399 Thread 0x00000198e1016000 Exception <a 'sun/nio/fs/WindowsException'{0x0000000088f26568}> (0x0000000088f26568) thrown at [./src/hotspot/share/prims/jni.cpp, line 615]
Event: 119.400 Thread 0x00000198e1011800 Exception <a 'sun/nio/fs/WindowsException'{0x0000000088f21948}> (0x0000000088f21948) thrown at [./src/hotspot/share/prims/jni.cpp, line 615]
Event: 119.402 Thread 0x00000198e1011800 Exception <a 'sun/nio/fs/WindowsException'{0x0000000088f31520}> (0x0000000088f31520) thrown at [./src/hotspot/share/prims/jni.cpp, line 615]
Event: 119.402 Thread 0x00000198e1014800 Exception <a 'sun/nio/fs/WindowsException'{0x0000000088f17238}> (0x0000000088f17238) thrown at [./src/hotspot/share/prims/jni.cpp, line 615]
Event: 119.403 Thread 0x00000198e1014800 Exception <a 'sun/nio/fs/WindowsException'{0x0000000088f17c68}> (0x0000000088f17c68) thrown at [./src/hotspot/share/prims/jni.cpp, line 615]
Event: 192.763 Thread 0x00000198d87e3000 Exception <a 'sun/nio/fs/WindowsException'{0x000000008a476740}> (0x000000008a476740) thrown at [./src/hotspot/share/prims/jni.cpp, line 615]
Event: 195.732 Thread 0x00000198dbf83000 Exception <a 'java/lang/ArrayIndexOutOfBoundsException'{0x000000008382bbe0}> (0x000000008382bbe0) thrown at [./src/hotspot/share/prims/jvm.cpp, line 1301]
Event: 195.734 Thread 0x00000198dbf82000 Exception <a 'java/lang/ArrayIndexOutOfBoundsException'{0x000000008382bbe0}> (0x000000008382bbe0) thrown at [./src/hotspot/share/prims/jvm.cpp, line 1301]
Event: 195.737 Thread 0x00000198dbf86000 Exception <a 'java/lang/ArrayIndexOutOfBoundsException'{0x000000008382bbe0}> (0x000000008382bbe0) thrown at [./src/hotspot/share/prims/jvm.cpp, line 1301]
Event: 195.764 Thread 0x00000198dbf83000 Exception <a 'java/lang/ArrayIndexOutOfBoundsException'{0x000000008382bbe0}> (0x000000008382bbe0) thrown at [./src/hotspot/share/prims/jvm.cpp, line 1301]
Event: 195.765 Thread 0x00000198dbf84000 Exception <a 'java/lang/ArrayIndexOutOfBoundsException'{0x000000008382bbe0}> (0x000000008382bbe0) thrown at [./src/hotspot/share/prims/jvm.cpp, line 1301]
Event: 195.772 Thread 0x00000198dbf82000 Exception <a 'java/lang/ArrayIndexOutOfBoundsException'{0x000000008382bbe0}> (0x000000008382bbe0) thrown at [./src/hotspot/share/prims/jvm.cpp, line 1301]
Event: 195.792 Thread 0x00000198dbf88000 Exception <a 'java/lang/ArrayIndexOutOfBoundsException'{0x000000008382bbe0}> (0x000000008382bbe0) thrown at [./src/hotspot/share/prims/jvm.cpp, line 1301]
Event: 196.181 Thread 0x00000198dbf7b800 Exception <a 'java/lang/ArrayIndexOutOfBoundsException'{0x000000008382bbe0}> (0x000000008382bbe0) thrown at [./src/hotspot/share/prims/jvm.cpp, line 1301]

Events (20 events):
Event: 195.782 Executing VM operation: RevokeBias done
Event: 195.782 Executing VM operation: BulkRevokeBias
Event: 195.785 Executing VM operation: BulkRevokeBias done
Event: 195.793 Executing VM operation: G1CollectForAllocation
Event: 195.810 Executing VM operation: G1CollectForAllocation done
Event: 195.830 Executing VM operation: G1CollectForAllocation
Event: 195.841 Executing VM operation: G1CollectForAllocation done
Event: 196.183 Executing VM operation: RevokeBias
Event: 196.183 Executing VM operation: RevokeBias done
Event: 196.183 Executing VM operation: RevokeBias
Event: 196.184 Executing VM operation: RevokeBias done
Event: 196.184 Executing VM operation: RevokeBias
Event: 196.185 Executing VM operation: RevokeBias done
Event: 196.319 Executing VM operation: RevokeBias
Event: 196.320 Executing VM operation: RevokeBias done
Event: 196.340 Executing VM operation: RevokeBias
Event: 196.340 Executing VM operation: RevokeBias done
Event: 196.351 Executing VM operation: RevokeBias
Event: 196.351 Executing VM operation: RevokeBias done
Event: 196.501 Executing VM operation: G1CollectForAllocation


Dynamic libraries:
0x00007ff76deb0000 - 0x00007ff76deba000 	C:\Program Files\Android\Android Studio\jre\bin\java.exe
0x00007ffb05970000 - 0x00007ffb05b65000 	C:\WINDOWS\SYSTEM32\ntdll.dll
0x00007ffb03b80000 - 0x00007ffb03c3d000 	C:\WINDOWS\System32\KERNEL32.DLL
0x00007ffb03630000 - 0x00007ffb038f9000 	C:\WINDOWS\System32\KERNELBASE.dll
0x00007ffb03530000 - 0x00007ffb03630000 	C:\WINDOWS\System32\ucrtbase.dll
0x00007ffae1180000 - 0x00007ffae1199000 	C:\Program Files\Android\Android Studio\jre\bin\jli.dll
0x00007ffae2db0000 - 0x00007ffae2dc7000 	C:\Program Files\Android\Android Studio\jre\bin\VCRUNTIME140.dll
0x00007ffb05020000 - 0x00007ffb051c0000 	C:\WINDOWS\System32\USER32.dll
0x00007ffb039a0000 - 0x00007ffb039c2000 	C:\WINDOWS\System32\win32u.dll
0x00007ffb04de0000 - 0x00007ffb04e0a000 	C:\WINDOWS\System32\GDI32.dll
0x00007ffaf7e10000 - 0x00007ffaf80aa000 	C:\WINDOWS\WinSxS\amd64_microsoft.windows.common-controls_6595b64144ccf1df_6.0.19041.1110_none_60b5254171f9507e\COMCTL32.dll
0x00007ffb030a0000 - 0x00007ffb031ab000 	C:\WINDOWS\System32\gdi32full.dll
0x00007ffb04f80000 - 0x00007ffb0501e000 	C:\WINDOWS\System32\msvcrt.dll
0x00007ffb03900000 - 0x00007ffb0399d000 	C:\WINDOWS\System32\msvcp_win.dll
0x00007ffb04e10000 - 0x00007ffb04e40000 	C:\WINDOWS\System32\IMM32.DLL
0x00007ffb02e00000 - 0x00007ffb02e31000 	C:\WINDOWS\system32\nvinitx.dll
0x00007ffb051d0000 - 0x00007ffb0527c000 	C:\WINDOWS\System32\ADVAPI32.dll
0x00007ffb04d40000 - 0x00007ffb04ddb000 	C:\WINDOWS\System32\sechost.dll
0x00007ffb03a50000 - 0x00007ffb03b7a000 	C:\WINDOWS\System32\RPCRT4.dll
0x00007ffb02df0000 - 0x00007ffb02dfa000 	C:\WINDOWS\SYSTEM32\VERSION.dll
0x000000000f000000 - 0x000000000f006000 	C:\Program Files\NVIDIA Corporation\CoProcManager\_etoured.dll
0x00007ffafebe0000 - 0x00007ffafec12000 	C:\Program Files\NVIDIA Corporation\CoProcManager\nvd3d9wrapx.dll
0x00007ffb03f50000 - 0x00007ffb043c2000 	C:\WINDOWS\System32\SETUPAPI.dll
0x00007ffb03210000 - 0x00007ffb0325e000 	C:\WINDOWS\System32\cfgmgr32.dll
0x00007ffb03500000 - 0x00007ffb03527000 	C:\WINDOWS\System32\bcrypt.dll
0x00007ffaff5d0000 - 0x00007ffaff5f2000 	C:\Program Files\NVIDIA Corporation\CoProcManager\nvdxgiwrapx.dll
0x00007ffada5a0000 - 0x00007ffada63d000 	C:\Program Files\Android\Android Studio\jre\bin\msvcp140.dll
0x00007ffac0df0000 - 0x00007ffac18ac000 	C:\Program Files\Android\Android Studio\jre\bin\server\jvm.dll
0x00007ffb043d0000 - 0x00007ffb043d8000 	C:\WINDOWS\System32\PSAPI.DLL
0x00007ffafd370000 - 0x00007ffafd379000 	C:\WINDOWS\SYSTEM32\WSOCK32.dll
0x00007ffaf80c0000 - 0x00007ffaf80e7000 	C:\WINDOWS\SYSTEM32\WINMM.dll
0x00007ffb04590000 - 0x00007ffb045fb000 	C:\WINDOWS\System32\WS2_32.dll
0x00007ffb00f60000 - 0x00007ffb00f72000 	C:\WINDOWS\SYSTEM32\kernel.appcore.dll
0x00007ffaf2de0000 - 0x00007ffaf2df1000 	C:\Program Files\Android\Android Studio\jre\bin\verify.dll
0x00007ffae99b0000 - 0x00007ffae9b94000 	C:\WINDOWS\SYSTEM32\DBGHELP.DLL
0x00007ffae9980000 - 0x00007ffae99ac000 	C:\WINDOWS\SYSTEM32\dbgcore.DLL
0x00007ffb03310000 - 0x00007ffb03393000 	C:\WINDOWS\System32\bcryptPrimitives.dll
0x00007ffaf2db0000 - 0x00007ffaf2dd9000 	C:\Program Files\Android\Android Studio\jre\bin\java.dll
0x00007ffaf3f30000 - 0x00007ffaf3f3b000 	C:\Program Files\Android\Android Studio\jre\bin\jimage.dll
0x00007ffaf2d90000 - 0x00007ffaf2da8000 	C:\Program Files\Android\Android Studio\jre\bin\zip.dll
0x00007ffb04600000 - 0x00007ffb04d3f000 	C:\WINDOWS\System32\SHELL32.dll
0x00007ffb01160000 - 0x00007ffb018f0000 	C:\WINDOWS\SYSTEM32\windows.storage.dll
0x00007ffb053e0000 - 0x00007ffb05735000 	C:\WINDOWS\System32\combase.dll
0x00007ffb029e0000 - 0x00007ffb02a0c000 	C:\WINDOWS\SYSTEM32\Wldp.dll
0x00007ffb05280000 - 0x00007ffb0532e000 	C:\WINDOWS\System32\SHCORE.dll
0x00007ffb03d70000 - 0x00007ffb03dc5000 	C:\WINDOWS\System32\shlwapi.dll
0x00007ffb02fe0000 - 0x00007ffb02fff000 	C:\WINDOWS\SYSTEM32\profapi.dll
0x00007ffaf2700000 - 0x00007ffaf271a000 	C:\Program Files\Android\Android Studio\jre\bin\net.dll
0x00007ffafa1c0000 - 0x00007ffafa2c8000 	C:\WINDOWS\SYSTEM32\WINHTTP.dll
0x00007ffb02740000 - 0x00007ffb027aa000 	C:\WINDOWS\system32\mswsock.dll
0x00007ffae35c0000 - 0x00007ffae35d4000 	C:\Program Files\Android\Android Studio\jre\bin\nio.dll
0x00007ffafd200000 - 0x00007ffafd227000 	C:\Users\DELL\.gradle\native\fdc75f09e3144964f2cf3f50f0aa648679c211496f362492102eb8c894070792\windows-amd64\native-platform.dll
0x00007ffaca050000 - 0x00007ffaca1e6000 	C:\Users\DELL\.gradle\native\12488b8bf47d2d4c9fbf2f6322a914ad602e24e48041cd04a747c6da556b65c4\windows-amd64\native-platform-file-events.dll
0x00007ffaf3a40000 - 0x00007ffaf3a4a000 	C:\Program Files\Android\Android Studio\jre\bin\management.dll
0x00007ffaf3720000 - 0x00007ffaf372c000 	C:\Program Files\Android\Android Studio\jre\bin\management_ext.dll
0x00007ffb02930000 - 0x00007ffb02948000 	C:\WINDOWS\SYSTEM32\CRYPTSP.dll
0x00007ffb020c0000 - 0x00007ffb020f4000 	C:\WINDOWS\system32\rsaenh.dll
0x00007ffb02f60000 - 0x00007ffb02f8e000 	C:\WINDOWS\SYSTEM32\USERENV.dll
0x00007ffb02950000 - 0x00007ffb0295c000 	C:\WINDOWS\SYSTEM32\CRYPTBASE.dll
0x00007ffb02430000 - 0x00007ffb0246b000 	C:\WINDOWS\SYSTEM32\IPHLPAPI.DLL
0x00007ffb051c0000 - 0x00007ffb051c8000 	C:\WINDOWS\System32\NSI.dll
0x00007ffaf8960000 - 0x00007ffaf8977000 	C:\WINDOWS\SYSTEM32\dhcpcsvc6.DLL
0x00007ffaf99a0000 - 0x00007ffaf99bd000 	C:\WINDOWS\SYSTEM32\dhcpcsvc.DLL
0x00007ffb02470000 - 0x00007ffb0253c000 	C:\WINDOWS\SYSTEM32\DNSAPI.dll
0x00007ffafb090000 - 0x00007ffafb09b000 	C:\WINDOWS\SYSTEM32\WINNSI.DLL
0x00007ffb01d50000 - 0x00007ffb01d83000 	C:\WINDOWS\SYSTEM32\ntmarta.dll

dbghelp: loaded successfully - version: 4.0.5 - missing functions: none
symbol engine: initialized successfully - sym options: 0x614 - pdb path: .;C:\Program Files\Android\Android Studio\jre\bin;C:\WINDOWS\SYSTEM32;C:\WINDOWS\WinSxS\amd64_microsoft.windows.common-controls_6595b64144ccf1df_6.0.19041.1110_none_60b5254171f9507e;C:\Program Files\NVIDIA Corporation\CoProcManager;C:\Program Files\Android\Android Studio\jre\bin\server;C:\Users\DELL\.gradle\native\fdc75f09e3144964f2cf3f50f0aa648679c211496f362492102eb8c894070792\windows-amd64;C:\Users\DELL\.gradle\native\12488b8bf47d2d4c9fbf2f6322a914ad602e24e48041cd04a747c6da556b65c4\windows-amd64

VM Arguments:
jvm_args: --add-opens=java.base/java.util=ALL-UNNAMED --add-opens=java.base/java.lang=ALL-UNNAMED --add-opens=java.base/java.lang.invoke=ALL-UNNAMED --add-opens=java.prefs/java.util.prefs=ALL-UNNAMED -Xmx2048m -Dfile.encoding=UTF-8 -Duser.country=US -Duser.language=en -Duser.variant 
java_command: org.gradle.launcher.daemon.bootstrap.GradleDaemon 6.7.1
java_class_path (initial): C:\Users\DELL\.gradle\wrapper\dists\gradle-6.7.1-bin\bwlcbys1h7rz3272sye1xwiv6\gradle-6.7.1\lib\gradle-launcher-6.7.1.jar
Launcher Type: SUN_STANDARD

[Global flags]
     intx CICompilerCount                          = 4                                         {product} {ergonomic}
     uint ConcGCThreads                            = 2                                         {product} {ergonomic}
     uint G1ConcRefinementThreads                  = 8                                         {product} {ergonomic}
   size_t G1HeapRegionSize                         = 1048576                                   {product} {ergonomic}
    uintx GCDrainStackTargetSize                   = 64                                        {product} {ergonomic}
   size_t InitialHeapSize                          = 201326592                                 {product} {ergonomic}
   size_t MarkStackSize                            = 4194304                                   {product} {ergonomic}
   size_t MaxHeapSize                              = 2147483648                                {product} {command line}
   size_t MaxNewSize                               = 1287651328                                {product} {ergonomic}
   size_t MinHeapDeltaBytes                        = 1048576                                   {product} {ergonomic}
    uintx NonNMethodCodeHeapSize                   = 5836300                                {pd product} {ergonomic}
    uintx NonProfiledCodeHeapSize                  = 122910970                              {pd product} {ergonomic}
    uintx ProfiledCodeHeapSize                     = 122910970                              {pd product} {ergonomic}
    uintx ReservedCodeCacheSize                    = 251658240                              {pd product} {ergonomic}
     bool SegmentedCodeCache                       = true                                      {product} {ergonomic}
     bool UseCompressedClassPointers               = true                                 {lp64_product} {ergonomic}
     bool UseCompressedOops                        = true                                 {lp64_product} {ergonomic}
     bool UseG1GC                                  = true                                      {product} {ergonomic}
     bool UseLargePagesIndividualAllocation        = false                                  {pd product} {ergonomic}

Logging:
Log output configuration:
 #0: stdout all=warning uptime,level,tags
 #1: stderr all=off uptime,level,tags

Environment Variables:
PATH=C:\WINDOWS\system32;C:\WINDOWS;C:\WINDOWS\System32\Wbem;C:\WINDOWS\System32\WindowsPowerShell\v1.0\;C:\WINDOWS\System32\OpenSSH\;C:\Program Files\Git\cmd;C:\Users\DELL\AppData\Local\Microsoft\WindowsApps;
USERNAME=DELL
OS=Windows_NT
PROCESSOR_IDENTIFIER=Intel64 Family 6 Model 42 Stepping 7, GenuineIntel



---------------  S Y S T E M  ---------------

OS: Windows 10 , 64 bit Build 19041 (10.0.19041.1151)
OS uptime: 8 days 7:57 hours

CPU:total 8 (initial active 8) (4 cores per cpu, 2 threads per core) family 6 model 42 stepping 7, cmov, cx8, fxsr, mmx, sse, sse2, sse3, ssse3, sse4.1, sse4.2, popcnt, avx, aes, clmul, ht, tsc, tscinvbit

Memory: 4k page, system-wide physical 12195M (2771M free)
TotalPageFile size 15011M (AvailPageFile size 3348M)
current process WorkingSet (physical memory assigned to process): 489M, peak: 494M
current process commit charge ("private bytes"): 526M, peak: 531M

vm_info: OpenJDK 64-Bit Server VM (11.0.8+10-b944.6842174) for windows-amd64 JRE (11.0.8+10-b944.6842174), built on Sep 19 2020 01:11:42 by "builder" with MS VC++ 14.0 (VS2015)

END.
