#
# A fatal error has been detected by the Java Runtime Environment:
#
#  EXCEPTION_ACCESS_VIOLATION (0xc0000005) at pc=0x00007ffa87a35290, pid=12476, tid=9728
#
# JRE version: OpenJDK Runtime Environment (11.0.8+10) (build 11.0.8+10-b944.6842174)
# Java VM: OpenJDK 64-Bit Server VM (11.0.8+10-b944.6842174, mixed mode, tiered, compressed oops, g1 gc, windows-amd64)
# Problematic frame:
# V  [jvm.dll+0x355290]
#
# No core dump will be written. Minidumps are not enabled by default on client versions of Windows
#
# If you would like to submit a bug report, please visit:
#   https://bugreport.java.com/bugreport/crash.jsp
#

---------------  S U M M A R Y ------------

Command Line: --add-opens=java.base/java.util=ALL-UNNAMED --add-opens=java.base/java.lang=ALL-UNNAMED --add-opens=java.base/java.lang.invoke=ALL-UNNAMED --add-opens=java.prefs/java.util.prefs=ALL-UNNAMED -Xmx2048m -Dfile.encoding=UTF-8 -Duser.country=US -Duser.language=en -Duser.variant org.gradle.launcher.daemon.bootstrap.GradleDaemon 6.7.1

Host: Intel(R) Core(TM) i7-2720QM CPU @ 2.20GHz, 8 cores, 11G,  Windows 10 , 64 bit Build 19041 (10.0.19041.1151)
Time: Mon Oct 18 16:30:52 2021 Arabian Standard Time elapsed time: 918 seconds (0d 0h 15m 18s)

---------------  T H R E A D  ---------------

Current thread (0x000001ea178d3000):  JavaThread "C2 CompilerThread2" daemon [_thread_in_native, id=9728, stack(0x000000cc71800000,0x000000cc71900000)]


Current CompileTask:
C2: 918561 26777       4       com.android.tools.r8.ir.regalloc.a::a (4001 bytes)

Stack: [0x000000cc71800000,0x000000cc71900000],  sp=0x000000cc718fbe70,  free space=1007k
Native frames: (J=compiled Java code, j=interpreted, Vv=VM code, C=native code)
V  [jvm.dll+0x355290]
V  [jvm.dll+0x34e730]
V  [jvm.dll+0x193ef9]
V  [jvm.dll+0x1f780e]
V  [jvm.dll+0x1f68d4]
V  [jvm.dll+0x17f32c]
V  [jvm.dll+0x205047]
V  [jvm.dll+0x203891]
V  [jvm.dll+0x6dad3f]
V  [jvm.dll+0x6d3895]
V  [jvm.dll+0x5dd4a6]
C  [ucrtbase.dll+0x21bb2]
C  [KERNEL32.DLL+0x17034]
C  [ntdll.dll+0x52651]


siginfo: EXCEPTION_ACCESS_VIOLATION (0xc0000005), reading address 0x00007ff2880c5998


Register to memory mapping:

RIP=0x00007ffa87a35290 jvm.dll
RAX=0x00007ff2880c5998 is an unknown value
RBX=0x00000000000001c8 is an unknown value
RCX=0x0000000000000002 is an unknown value
RDX=0x0 is NULL
RSP=0x000000cc718fbe70 is pointing into the stack for thread: 0x000001ea178d3000
RBP=0x0000000000000008 is an unknown value
RSI=0x00007ffa880c5998 jvm.dll
RDI=0x000001ea1794d390 points into unknown readable memory: a0 34 d4 1a ea 01 00 00
R8 =0x000001ea214388a0 points into unknown readable memory: c0 ff 00 00 00 00 00 00
R9 =0x000000cc718fbec0 is pointing into the stack for thread: 0x000001ea178d3000
R10=0x0000000000000039 is an unknown value
R11=0x000000cc718fbdd0 is pointing into the stack for thread: 0x000001ea178d3000
R12=0x00007ffa876e0000 jvm.dll
R13=0x0000000000000008 is an unknown value
R14=0x0000000000000010 is an unknown value
R15=0x00007ffa880c5998 jvm.dll


Registers:
RAX=0x00007ff2880c5998, RBX=0x00000000000001c8, RCX=0x0000000000000002, RDX=0x0000000000000000
RSP=0x000000cc718fbe70, RBP=0x0000000000000008, RSI=0x00007ffa880c5998, RDI=0x000001ea1794d390
R8 =0x000001ea214388a0, R9 =0x000000cc718fbec0, R10=0x0000000000000039, R11=0x000000cc718fbdd0
R12=0x00007ffa876e0000, R13=0x0000000000000008, R14=0x0000000000000010, R15=0x00007ffa880c5998
RIP=0x00007ffa87a35290, EFLAGS=0x0000000000010246

Top of Stack: (sp=0x000000cc718fbe70)
0x000000cc718fbe70:   0000000000000000 0000000000000000
0x000000cc718fbe80:   000001ea1ad434a8 000001ea18885000
0x000000cc718fbe90:   0000000000001e10 00007ffa87a2e730
0x000000cc718fbea0:   000001ea20dfc9b0 000000cc718fbfe0
0x000000cc718fbeb0:   0000000000001e10 00007ffa87efbd80
0x000000cc718fbec0:   00001e1400000000 000001ea00000001
0x000000cc718fbed0:   00007ff2880c5998 000000000000001f
0x000000cc718fbee0:   000001ea18a45b20 000001ea00000051
0x000000cc718fbef0:   000001ea20dfca50 000000cc718fc468
0x000000cc718fbf00:   000001ea10a688b0 0000000000000000
0x000000cc718fbf10:   000000cc718fc020 00007ffa87873ef9
0x000000cc718fbf20:   000000cc718fc380 000000cc718fc468
0x000000cc718fbf30:   00000000000003d8 000001ea10a688c0
0x000000cc718fbf40:   0000000000014500 0000000000000000
0x000000cc718fbf50:   000000cc00000006 000001ea10a688b0
0x000000cc718fbf60:   000001ea10747920 000001ea1074cc10 

Instructions: (pc=0x00007ffa87a35290)
0x00007ffa87a35190:   58 4c 8b 64 24 50 48 8b c3 48 83 c4 20 41 5f 5f
0x00007ffa87a351a0:   5e 5d 5b c3 cc cc cc cc cc cc cc cc cc cc cc cc
0x00007ffa87a351b0:   83 3a 00 4c 8b c2 c7 41 08 08 00 00 00 75 16 33
0x00007ffa87a351c0:   d2 c7 41 18 01 00 00 00 89 11 48 8b c1 c7 41 28
0x00007ffa87a351d0:   01 00 00 00 c3 33 d2 48 89 11 89 51 18 41 8b 80
0x00007ffa87a351e0:   90 00 00 00 89 41 28 48 89 51 10 49 8b 40 08 48
0x00007ffa87a351f0:   89 41 20 48 8b c1 4c 89 41 30 c3 cc cc cc cc cc
0x00007ffa87a35200:   48 83 ec 28 8b 51 08 4c 8b c9 83 fa 08 73 18 4c
0x00007ffa87a35210:   8b 41 10 8b c2 41 83 3c 80 00 0f 85 0d 01 00 00
0x00007ffa87a35220:   ff c2 83 fa 08 72 ec 44 8b 51 18 48 89 5c 24 30
0x00007ffa87a35230:   48 89 6c 24 38 48 89 74 24 40 48 89 7c 24 20 44
0x00007ffa87a35240:   3b 51 28 0f 83 b9 00 00 00 8b 0d bd c1 6c 00 48
0x00007ffa87a35250:   8d 35 42 07 69 00 65 48 8b 04 25 58 00 00 00 bd
0x00007ffa87a35260:   08 00 00 00 48 8d 3c c8 0f 1f 84 00 00 00 00 00
0x00007ffa87a35270:   41 8b c2 48 8d 1c c5 00 00 00 00 49 8b 41 20 48
0x00007ffa87a35280:   8b 04 03 48 3b c6 74 6d 49 89 41 10 33 d2 66 90
0x00007ffa87a35290:   83 38 00 0f 85 c3 00 00 00 ff c2 48 83 c0 04 83
0x00007ffa87a352a0:   fa 08 72 ec 4d 8b 59 30 4d 85 db 74 48 49 8b 43
0x00007ffa87a352b0:   08 8b d5 48 03 17 4c 8b 04 03 48 8b 02 48 8b 88
0x00007ffa87a352c0:   c8 04 00 00 48 8b 81 88 00 00 00 48 8b 88 88 08
0x00007ffa87a352d0:   00 00 49 89 08 48 8b 02 48 8b 88 c8 04 00 00 48
0x00007ffa87a352e0:   8b 81 88 00 00 00 4c 89 80 88 08 00 00 49 8b 43
0x00007ffa87a352f0:   08 48 89 34 03 41 ff c2 45 3b 51 28 0f 82 6e ff
0x00007ffa87a35300:   ff ff 41 8b 41 28 41 89 41 18 33 c0 41 c7 41 08
0x00007ffa87a35310:   08 00 00 00 48 8b 74 24 40 48 8b 6c 24 38 48 8b
0x00007ffa87a35320:   5c 24 30 48 8b 7c 24 20 48 83 c4 28 c3 8b 41 18
0x00007ffa87a35330:   8d 0c c2 8b c2 c1 e1 05 81 e9 00 01 00 00 41 89
0x00007ffa87a35340:   49 04 41 8b 0c 80 8d 42 01 41 89 09 49 8b c9 41
0x00007ffa87a35350:   89 41 08 48 83 c4 28 e9 e4 1c e4 ff 42 8d 04 d2
0x00007ffa87a35360:   c1 e0 05 41 89 41 04 49 8b 41 10 8b 0c 90 41 8d
0x00007ffa87a35370:   42 01 41 89 41 18 8d 42 01 41 89 09 49 8b c9 41
0x00007ffa87a35380:   89 41 08 e8 b8 1c e4 ff eb 8a cc cc cc cc cc cc 


Stack slot to memory mapping:
stack at sp + 0 slots: 0x0 is NULL
stack at sp + 1 slots: 0x0 is NULL
stack at sp + 2 slots: 0x000001ea1ad434a8 points into unknown readable memory: 00 30 8d 17 ea 01 00 00
stack at sp + 3 slots: 0x000001ea18885000 points into unknown readable memory: 00 00 00 00 bd 00 42 b7
stack at sp + 4 slots: 0x0000000000001e10 is an unknown value
stack at sp + 5 slots: 0x00007ffa87a2e730 jvm.dll
stack at sp + 6 slots: 0x000001ea20dfc9b0 points into unknown readable memory: 11 00 00 00 00 00 00 00
stack at sp + 7 slots: 0x000000cc718fbfe0 is pointing into the stack for thread: 0x000001ea178d3000


---------------  P R O C E S S  ---------------

Threads class SMR info:
_java_thread_list=0x000001ea18999a20, length=167, elements={
0x000001ea703a7800, 0x000001ea7beea800, 0x000001ea7bef3800, 0x000001ea7bf0d000,
0x000001ea7bf0f800, 0x000001ea7bf10800, 0x000001ea7bf14800, 0x000001ea7bf5b000,
0x000001ea7c0c4800, 0x000001ea7c0d0800, 0x000001ea7d299000, 0x000001ea7d5ae800,
0x000001ea7c1b5800, 0x000001ea7de4d000, 0x000001ea7de4a800, 0x000001ea7de4c000,
0x000001ea7de50000, 0x000001ea10624800, 0x000001ea0ff73800, 0x000001ea10dcf000,
0x000001ea10dcc800, 0x000001ea1240d800, 0x000001ea7d87c000, 0x000001ea7d87f800,
0x000001ea122bb800, 0x000001ea178c3800, 0x000001ea178c4800, 0x000001ea178c7000,
0x000001ea178d2800, 0x000001ea178d6800, 0x000001ea178d4000, 0x000001ea178d1800,
0x000001ea178d8000, 0x000001ea178d9000, 0x000001ea178d9800, 0x000001ea178da800,
0x000001ea178d5000, 0x000001ea178dd000, 0x000001ea178df800, 0x000001ea178dd800,
0x000001ea178dc000, 0x000001ea178de800, 0x000001ea178db800, 0x000001ea178e0000,
0x000001ea0f524800, 0x000001ea0f523000, 0x000001ea0f525800, 0x000001ea0f526000,
0x000001ea0f522000, 0x000001ea0f523800, 0x000001ea0f527000, 0x000001ea0f521800,
0x000001ea0f52c800, 0x000001ea0f52d800, 0x000001ea0f52a800, 0x000001ea0f52b000,
0x000001ea0f52c000, 0x000001ea0f52e800, 0x000001ea0f528800, 0x000001ea0f52f000,
0x000001ea0f529800, 0x000001ea0f530000, 0x000001ea12407000, 0x000001ea1240b000,
0x000001ea12409800, 0x000001ea1240a000, 0x000001ea12407800, 0x000001ea1240c000,
0x000001ea12408800, 0x000001ea12406000, 0x000001ea12410000, 0x000001ea12411800,
0x000001ea1240c800, 0x000001ea12412800, 0x000001ea1240f000, 0x000001ea12414000,
0x000001ea12413000, 0x000001ea1240e000, 0x000001ea12410800, 0x000001ea12415000,
0x000001ea11ea7800, 0x000001ea11ea8800, 0x000001ea11ea9000, 0x000001ea11eaa000,
0x000001ea11ea4800, 0x000001ea11eab000, 0x000001ea11ea5000, 0x000001ea11eab800,
0x000001ea11ea6000, 0x000001ea11eac800, 0x000001ea11ea6800, 0x000001ea11eb1800,
0x000001ea11eaf000, 0x000001ea11eaf800, 0x000001ea11eb2000, 0x000001ea11eb3000,
0x000001ea11eae000, 0x000001ea11ead800, 0x000001ea0ff6d000, 0x000001ea0ff6c000,
0x000001ea0ff6e800, 0x000001ea0ff6d800, 0x000001ea0ff6b000, 0x000001ea0ff69000,
0x000001ea0ff6f800, 0x000001ea0ff6a800, 0x000001ea0ff69800, 0x000001ea0ff74000,
0x000001ea0ff75000, 0x000001ea0ff76000, 0x000001ea0ff70000, 0x000001ea0ff76800,
0x000001ea0ff71000, 0x000001ea0ff72800, 0x000001ea0ff72000, 0x000001ea0ff77800,
0x000001ea7d875000, 0x000001ea7d87a000, 0x000001ea7d875800, 0x000001ea7d87a800,
0x000001ea7d87b800, 0x000001ea7d879000, 0x000001ea7d878000, 0x000001ea7d877800,
0x000001ea7d876800, 0x000001ea1062e000, 0x000001ea10622800, 0x000001ea10625000,
0x000001ea10621000, 0x000001ea1061f800, 0x000001ea10626000, 0x000001ea10620000,
0x000001ea10626800, 0x000001ea10627800, 0x000001ea10622000, 0x000001ea1062a000,
0x000001ea1062d000, 0x000001ea1062b000, 0x000001ea1062c800, 0x000001ea1062b800,
0x000001ea10628800, 0x000001ea10629000, 0x000001ea178c2000, 0x000001ea178c1000,
0x000001ea178c3000, 0x000001ea178c8800, 0x000001ea178c9800, 0x000001ea178c7800,
0x000001ea178ca000, 0x000001ea178cb000, 0x000001ea178c5000, 0x000001ea178cc000,
0x000001ea178c6000, 0x000001ea178cc800, 0x000001ea178ce000, 0x000001ea178d3000,
0x000001ea178cf000, 0x000001ea178d0800, 0x000001ea178cd800, 0x000001ea178d5800,
0x000001ea178d7000, 0x000001ea10dd0000, 0x000001ea10dcd800, 0x000001ea10dd1000,
0x000001ea10dcb000, 0x000001ea10dd1800, 0x000001ea10dcc000
}

Java Threads: ( => current thread )
  0x000001ea703a7800 JavaThread "main" [_thread_blocked, id=2320, stack(0x000000cc67800000,0x000000cc67900000)]
  0x000001ea7beea800 JavaThread "Reference Handler" daemon [_thread_blocked, id=14048, stack(0x000000cc67f00000,0x000000cc68000000)]
  0x000001ea7bef3800 JavaThread "Finalizer" daemon [_thread_blocked, id=8924, stack(0x000000cc68000000,0x000000cc68100000)]
  0x000001ea7bf0d000 JavaThread "Signal Dispatcher" daemon [_thread_blocked, id=16104, stack(0x000000cc68100000,0x000000cc68200000)]
  0x000001ea7bf0f800 JavaThread "Attach Listener" daemon [_thread_blocked, id=3048, stack(0x000000cc68200000,0x000000cc68300000)]
  0x000001ea7bf10800 JavaThread "C2 CompilerThread0" daemon [_thread_in_native, id=12868, stack(0x000000cc68300000,0x000000cc68400000)]
  0x000001ea7bf14800 JavaThread "C1 CompilerThread0" daemon [_thread_blocked, id=3608, stack(0x000000cc68400000,0x000000cc68500000)]
  0x000001ea7bf5b000 JavaThread "Sweeper thread" daemon [_thread_blocked, id=11056, stack(0x000000cc68500000,0x000000cc68600000)]
  0x000001ea7c0c4800 JavaThread "Common-Cleaner" daemon [_thread_blocked, id=548, stack(0x000000cc68600000,0x000000cc68700000)]
  0x000001ea7c0d0800 JavaThread "Service Thread" daemon [_thread_blocked, id=15804, stack(0x000000cc68700000,0x000000cc68800000)]
  0x000001ea7d299000 JavaThread "Daemon health stats" [_thread_blocked, id=2064, stack(0x000000cc68e00000,0x000000cc68f00000)]
  0x000001ea7d5ae800 JavaThread "Incoming local TCP Connector on port 49482" [_thread_in_native, id=13024, stack(0x000000cc68f00000,0x000000cc69000000)]
  0x000001ea7c1b5800 JavaThread "Daemon periodic checks" [_thread_blocked, id=16060, stack(0x000000cc69000000,0x000000cc69100000)]
  0x000001ea7de4d000 JavaThread "Cache worker for file hash cache (C:\Users\DELL\.gradle\caches\6.7.1\fileHashes)" [_thread_blocked, id=16020, stack(0x000000cc69800000,0x000000cc69900000)]
  0x000001ea7de4a800 JavaThread "File lock request listener" [_thread_in_native, id=16068, stack(0x000000cc69900000,0x000000cc69a00000)]
  0x000001ea7de4c000 JavaThread "Cache worker for journal cache (C:\Users\DELL\.gradle\caches\journal-1)" [_thread_blocked, id=3768, stack(0x000000cc69f00000,0x000000cc6a000000)]
  0x000001ea7de50000 JavaThread "Cache worker for execution history cache (C:\Users\DELL\.gradle\caches\6.7.1\executionHistory)" [_thread_blocked, id=12740, stack(0x000000cc6a600000,0x000000cc6a700000)]
  0x000001ea10624800 JavaThread "Cache worker for file content cache (C:\Users\DELL\.gradle\caches\6.7.1\fileContent)" [_thread_blocked, id=15384, stack(0x000000cc6a800000,0x000000cc6a900000)]
  0x000001ea0ff73800 JavaThread "Memory manager" [_thread_blocked, id=15532, stack(0x000000cc71200000,0x000000cc71300000)]
  0x000001ea10dcf000 JavaThread "ForkJoinPool.commonPool-worker-7" daemon [_thread_blocked, id=6644, stack(0x000000cc71f00000,0x000000cc72000000)]
  0x000001ea10dcc800 JavaThread "ForkJoinPool.commonPool-worker-11" daemon [_thread_blocked, id=15004, stack(0x000000cc72000000,0x000000cc72100000)]
  0x000001ea1240d800 JavaThread "ForkJoinPool.commonPool-worker-9" daemon [_thread_blocked, id=11612, stack(0x000000cc72200000,0x000000cc72300000)]
  0x000001ea7d87c000 JavaThread "ForkJoinPool.commonPool-worker-15" daemon [_thread_blocked, id=5920, stack(0x000000cc72300000,0x000000cc72400000)]
  0x000001ea7d87f800 JavaThread "ForkJoinPool.commonPool-worker-3" daemon [_thread_blocked, id=3316, stack(0x000000cc72600000,0x000000cc72700000)]
  0x000001ea122bb800 JavaThread "Cache worker for Java compile cache (C:\Users\DELL\.gradle\caches\6.7.1\javaCompile)" [_thread_blocked, id=15536, stack(0x000000cc71e00000,0x000000cc71f00000)]
  0x000001ea178c3800 JavaThread "ForkJoinPool.commonPool-worker-5" daemon [_thread_blocked, id=13072, stack(0x000000cc72d00000,0x000000cc72e00000)]
  0x000001ea178c4800 JavaThread "Daemon Thread 7" [_thread_blocked, id=10796, stack(0x000000cc67500000,0x000000cc67600000)]
  0x000001ea178c7000 JavaThread "Daemon worker Thread 7" [_thread_blocked, id=8772, stack(0x000000cc68a00000,0x000000cc68b00000)]
  0x000001ea178d2800 JavaThread "jar transforms Thread 583" [_thread_blocked, id=12552, stack(0x000000cc6ad00000,0x000000cc6ae00000)]
  0x000001ea178d6800 JavaThread "jar transforms Thread 584" [_thread_blocked, id=16340, stack(0x000000cc6ae00000,0x000000cc6af00000)]
  0x000001ea178d4000 JavaThread "jar transforms Thread 585" [_thread_blocked, id=12568, stack(0x000000cc6af00000,0x000000cc6b000000)]
  0x000001ea178d1800 JavaThread "jar transforms Thread 586" [_thread_blocked, id=14916, stack(0x000000cc6b000000,0x000000cc6b100000)]
  0x000001ea178d8000 JavaThread "jar transforms Thread 587" [_thread_blocked, id=10440, stack(0x000000cc6b100000,0x000000cc6b200000)]
  0x000001ea178d9000 JavaThread "jar transforms Thread 588" [_thread_blocked, id=10196, stack(0x000000cc6b200000,0x000000cc6b300000)]
  0x000001ea178d9800 JavaThread "jar transforms Thread 589" [_thread_blocked, id=3956, stack(0x000000cc6b300000,0x000000cc6b400000)]
  0x000001ea178da800 JavaThread "jar transforms Thread 590" [_thread_blocked, id=7496, stack(0x000000cc6b400000,0x000000cc6b500000)]
  0x000001ea178d5000 JavaThread "jar transforms Thread 591" [_thread_blocked, id=8976, stack(0x000000cc6b500000,0x000000cc6b600000)]
  0x000001ea178dd000 JavaThread "jar transforms Thread 592" [_thread_blocked, id=11808, stack(0x000000cc6b600000,0x000000cc6b700000)]
  0x000001ea178df800 JavaThread "jar transforms Thread 593" [_thread_blocked, id=7516, stack(0x000000cc6b700000,0x000000cc6b800000)]
  0x000001ea178dd800 JavaThread "jar transforms Thread 594" [_thread_blocked, id=10692, stack(0x000000cc6b800000,0x000000cc6b900000)]
  0x000001ea178dc000 JavaThread "jar transforms Thread 595" [_thread_blocked, id=14512, stack(0x000000cc6b900000,0x000000cc6ba00000)]
  0x000001ea178de800 JavaThread "jar transforms Thread 596" [_thread_blocked, id=2456, stack(0x000000cc6ba00000,0x000000cc6bb00000)]
  0x000001ea178db800 JavaThread "jar transforms Thread 597" [_thread_blocked, id=6884, stack(0x000000cc6bb00000,0x000000cc6bc00000)]
  0x000001ea178e0000 JavaThread "jar transforms Thread 598" [_thread_blocked, id=13472, stack(0x000000cc6bc00000,0x000000cc6bd00000)]
  0x000001ea0f524800 JavaThread "jar transforms Thread 599" [_thread_blocked, id=16300, stack(0x000000cc6bd00000,0x000000cc6be00000)]
  0x000001ea0f523000 JavaThread "jar transforms Thread 600" [_thread_blocked, id=15364, stack(0x000000cc6be00000,0x000000cc6bf00000)]
  0x000001ea0f525800 JavaThread "jar transforms Thread 601" [_thread_blocked, id=11712, stack(0x000000cc6bf00000,0x000000cc6c000000)]
  0x000001ea0f526000 JavaThread "jar transforms Thread 602" [_thread_blocked, id=12440, stack(0x000000cc6c000000,0x000000cc6c100000)]
  0x000001ea0f522000 JavaThread "jar transforms Thread 603" [_thread_blocked, id=14760, stack(0x000000cc6c100000,0x000000cc6c200000)]
  0x000001ea0f523800 JavaThread "jar transforms Thread 604" [_thread_blocked, id=15692, stack(0x000000cc6c200000,0x000000cc6c300000)]
  0x000001ea0f527000 JavaThread "jar transforms Thread 605" [_thread_blocked, id=3156, stack(0x000000cc6c300000,0x000000cc6c400000)]
  0x000001ea0f521800 JavaThread "jar transforms Thread 606" [_thread_blocked, id=14896, stack(0x000000cc6c400000,0x000000cc6c500000)]
  0x000001ea0f52c800 JavaThread "jar transforms Thread 607" [_thread_blocked, id=264, stack(0x000000cc6c500000,0x000000cc6c600000)]
  0x000001ea0f52d800 JavaThread "jar transforms Thread 608" [_thread_blocked, id=14008, stack(0x000000cc6c600000,0x000000cc6c700000)]
  0x000001ea0f52a800 JavaThread "jar transforms Thread 609" [_thread_blocked, id=9132, stack(0x000000cc6c700000,0x000000cc6c800000)]
  0x000001ea0f52b000 JavaThread "jar transforms Thread 610" [_thread_blocked, id=12068, stack(0x000000cc6c800000,0x000000cc6c900000)]
  0x000001ea0f52c000 JavaThread "jar transforms Thread 611" [_thread_blocked, id=6576, stack(0x000000cc6c900000,0x000000cc6ca00000)]
  0x000001ea0f52e800 JavaThread "jar transforms Thread 612" [_thread_blocked, id=9180, stack(0x000000cc6ca00000,0x000000cc6cb00000)]
  0x000001ea0f528800 JavaThread "jar transforms Thread 613" [_thread_blocked, id=9272, stack(0x000000cc6cb00000,0x000000cc6cc00000)]
  0x000001ea0f52f000 JavaThread "jar transforms Thread 614" [_thread_blocked, id=13328, stack(0x000000cc6cc00000,0x000000cc6cd00000)]
  0x000001ea0f529800 JavaThread "jar transforms Thread 615" [_thread_blocked, id=1152, stack(0x000000cc6cd00000,0x000000cc6ce00000)]
  0x000001ea0f530000 JavaThread "jar transforms Thread 616" [_thread_blocked, id=5276, stack(0x000000cc6ce00000,0x000000cc6cf00000)]
  0x000001ea12407000 JavaThread "jar transforms Thread 617" [_thread_blocked, id=2676, stack(0x000000cc6cf00000,0x000000cc6d000000)]
  0x000001ea1240b000 JavaThread "jar transforms Thread 618" [_thread_blocked, id=12352, stack(0x000000cc6d000000,0x000000cc6d100000)]
  0x000001ea12409800 JavaThread "jar transforms Thread 619" [_thread_blocked, id=16056, stack(0x000000cc6d100000,0x000000cc6d200000)]
  0x000001ea1240a000 JavaThread "jar transforms Thread 620" [_thread_blocked, id=13396, stack(0x000000cc6d200000,0x000000cc6d300000)]
  0x000001ea12407800 JavaThread "jar transforms Thread 621" [_thread_blocked, id=13056, stack(0x000000cc6d300000,0x000000cc6d400000)]
  0x000001ea1240c000 JavaThread "jar transforms Thread 622" [_thread_blocked, id=1132, stack(0x000000cc6d400000,0x000000cc6d500000)]
  0x000001ea12408800 JavaThread "jar transforms Thread 623" [_thread_blocked, id=7572, stack(0x000000cc6d500000,0x000000cc6d600000)]
  0x000001ea12406000 JavaThread "jar transforms Thread 624" [_thread_blocked, id=14456, stack(0x000000cc6d600000,0x000000cc6d700000)]
  0x000001ea12410000 JavaThread "jar transforms Thread 625" [_thread_blocked, id=808, stack(0x000000cc6d700000,0x000000cc6d800000)]
  0x000001ea12411800 JavaThread "jar transforms Thread 626" [_thread_blocked, id=11380, stack(0x000000cc6d800000,0x000000cc6d900000)]
  0x000001ea1240c800 JavaThread "jar transforms Thread 627" [_thread_blocked, id=7676, stack(0x000000cc6d900000,0x000000cc6da00000)]
  0x000001ea12412800 JavaThread "jar transforms Thread 628" [_thread_blocked, id=32, stack(0x000000cc6da00000,0x000000cc6db00000)]
  0x000001ea1240f000 JavaThread "jar transforms Thread 629" [_thread_blocked, id=15476, stack(0x000000cc6db00000,0x000000cc6dc00000)]
  0x000001ea12414000 JavaThread "jar transforms Thread 630" [_thread_blocked, id=7736, stack(0x000000cc6dc00000,0x000000cc6dd00000)]
  0x000001ea12413000 JavaThread "jar transforms Thread 631" [_thread_blocked, id=12152, stack(0x000000cc6dd00000,0x000000cc6de00000)]
  0x000001ea1240e000 JavaThread "jar transforms Thread 632" [_thread_blocked, id=15516, stack(0x000000cc6de00000,0x000000cc6df00000)]
  0x000001ea12410800 JavaThread "jar transforms Thread 633" [_thread_blocked, id=3476, stack(0x000000cc6df00000,0x000000cc6e000000)]
  0x000001ea12415000 JavaThread "jar transforms Thread 634" [_thread_blocked, id=7764, stack(0x000000cc6e000000,0x000000cc6e100000)]
  0x000001ea11ea7800 JavaThread "jar transforms Thread 635" [_thread_blocked, id=15232, stack(0x000000cc6e100000,0x000000cc6e200000)]
  0x000001ea11ea8800 JavaThread "jar transforms Thread 636" [_thread_blocked, id=2660, stack(0x000000cc6e200000,0x000000cc6e300000)]
  0x000001ea11ea9000 JavaThread "jar transforms Thread 637" [_thread_blocked, id=15272, stack(0x000000cc6e300000,0x000000cc6e400000)]
  0x000001ea11eaa000 JavaThread "jar transforms Thread 638" [_thread_blocked, id=13860, stack(0x000000cc6e400000,0x000000cc6e500000)]
  0x000001ea11ea4800 JavaThread "jar transforms Thread 639" [_thread_blocked, id=6372, stack(0x000000cc6e500000,0x000000cc6e600000)]
  0x000001ea11eab000 JavaThread "jar transforms Thread 640" [_thread_blocked, id=15968, stack(0x000000cc6e600000,0x000000cc6e700000)]
  0x000001ea11ea5000 JavaThread "jar transforms Thread 641" [_thread_blocked, id=1948, stack(0x000000cc6e700000,0x000000cc6e800000)]
  0x000001ea11eab800 JavaThread "jar transforms Thread 642" [_thread_blocked, id=944, stack(0x000000cc6e800000,0x000000cc6e900000)]
  0x000001ea11ea6000 JavaThread "jar transforms Thread 643" [_thread_blocked, id=13776, stack(0x000000cc6e900000,0x000000cc6ea00000)]
  0x000001ea11eac800 JavaThread "jar transforms Thread 644" [_thread_blocked, id=14644, stack(0x000000cc6ea00000,0x000000cc6eb00000)]
  0x000001ea11ea6800 JavaThread "jar transforms Thread 645" [_thread_blocked, id=10544, stack(0x000000cc6eb00000,0x000000cc6ec00000)]
  0x000001ea11eb1800 JavaThread "jar transforms Thread 646" [_thread_blocked, id=6132, stack(0x000000cc6ec00000,0x000000cc6ed00000)]
  0x000001ea11eaf000 JavaThread "jar transforms Thread 647" [_thread_blocked, id=13832, stack(0x000000cc6ed00000,0x000000cc6ee00000)]
  0x000001ea11eaf800 JavaThread "jar transforms Thread 648" [_thread_blocked, id=508, stack(0x000000cc6ee00000,0x000000cc6ef00000)]
  0x000001ea11eb2000 JavaThread "jar transforms Thread 649" [_thread_blocked, id=15972, stack(0x000000cc6ef00000,0x000000cc6f000000)]
  0x000001ea11eb3000 JavaThread "jar transforms Thread 650" [_thread_blocked, id=13148, stack(0x000000cc6f000000,0x000000cc6f100000)]
  0x000001ea11eae000 JavaThread "jar transforms Thread 651" [_thread_blocked, id=10936, stack(0x000000cc6f100000,0x000000cc6f200000)]
  0x000001ea11ead800 JavaThread "jar transforms Thread 652" [_thread_blocked, id=11140, stack(0x000000cc6f200000,0x000000cc6f300000)]
  0x000001ea0ff6d000 JavaThread "jar transforms Thread 653" [_thread_blocked, id=3484, stack(0x000000cc6f300000,0x000000cc6f400000)]
  0x000001ea0ff6c000 JavaThread "jar transforms Thread 654" [_thread_blocked, id=12860, stack(0x000000cc6f400000,0x000000cc6f500000)]
  0x000001ea0ff6e800 JavaThread "jar transforms Thread 655" [_thread_blocked, id=3508, stack(0x000000cc6f500000,0x000000cc6f600000)]
  0x000001ea0ff6d800 JavaThread "jar transforms Thread 656" [_thread_blocked, id=4336, stack(0x000000cc6f600000,0x000000cc6f700000)]
  0x000001ea0ff6b000 JavaThread "jar transforms Thread 657" [_thread_blocked, id=2688, stack(0x000000cc6f700000,0x000000cc6f800000)]
  0x000001ea0ff69000 JavaThread "jar transforms Thread 658" [_thread_blocked, id=13800, stack(0x000000cc6f800000,0x000000cc6f900000)]
  0x000001ea0ff6f800 JavaThread "jar transforms Thread 659" [_thread_blocked, id=8520, stack(0x000000cc6f900000,0x000000cc6fa00000)]
  0x000001ea0ff6a800 JavaThread "jar transforms Thread 660" [_thread_blocked, id=12852, stack(0x000000cc6fa00000,0x000000cc6fb00000)]
  0x000001ea0ff69800 JavaThread "jar transforms Thread 661" [_thread_blocked, id=6448, stack(0x000000cc6fb00000,0x000000cc6fc00000)]
  0x000001ea0ff74000 JavaThread "jar transforms Thread 662" [_thread_blocked, id=10160, stack(0x000000cc6fc00000,0x000000cc6fd00000)]
  0x000001ea0ff75000 JavaThread "jar transforms Thread 663" [_thread_blocked, id=14952, stack(0x000000cc6fd00000,0x000000cc6fe00000)]
  0x000001ea0ff76000 JavaThread "jar transforms Thread 664" [_thread_blocked, id=7772, stack(0x000000cc6fe00000,0x000000cc6ff00000)]
  0x000001ea0ff70000 JavaThread "jar transforms Thread 665" [_thread_blocked, id=8064, stack(0x000000cc6ff00000,0x000000cc70000000)]
  0x000001ea0ff76800 JavaThread "jar transforms Thread 666" [_thread_blocked, id=14480, stack(0x000000cc70000000,0x000000cc70100000)]
  0x000001ea0ff71000 JavaThread "jar transforms Thread 667" [_thread_blocked, id=15816, stack(0x000000cc70100000,0x000000cc70200000)]
  0x000001ea0ff72800 JavaThread "jar transforms Thread 668" [_thread_blocked, id=9920, stack(0x000000cc70200000,0x000000cc70300000)]
  0x000001ea0ff72000 JavaThread "jar transforms Thread 669" [_thread_blocked, id=844, stack(0x000000cc70300000,0x000000cc70400000)]
  0x000001ea0ff77800 JavaThread "jar transforms Thread 670" [_thread_blocked, id=7700, stack(0x000000cc70400000,0x000000cc70500000)]
  0x000001ea7d875000 JavaThread "jar transforms Thread 671" [_thread_blocked, id=9164, stack(0x000000cc70500000,0x000000cc70600000)]
  0x000001ea7d87a000 JavaThread "jar transforms Thread 672" [_thread_blocked, id=15920, stack(0x000000cc70600000,0x000000cc70700000)]
  0x000001ea7d875800 JavaThread "jar transforms Thread 673" [_thread_blocked, id=3024, stack(0x000000cc70700000,0x000000cc70800000)]
  0x000001ea7d87a800 JavaThread "jar transforms Thread 674" [_thread_blocked, id=12436, stack(0x000000cc70800000,0x000000cc70900000)]
  0x000001ea7d87b800 JavaThread "jar transforms Thread 675" [_thread_blocked, id=7796, stack(0x000000cc70900000,0x000000cc70a00000)]
  0x000001ea7d879000 JavaThread "jar transforms Thread 676" [_thread_blocked, id=9600, stack(0x000000cc70a00000,0x000000cc70b00000)]
  0x000001ea7d878000 JavaThread "jar transforms Thread 677" [_thread_blocked, id=2796, stack(0x000000cc70b00000,0x000000cc70c00000)]
  0x000001ea7d877800 JavaThread "jar transforms Thread 678" [_thread_blocked, id=7132, stack(0x000000cc70c00000,0x000000cc70d00000)]
  0x000001ea7d876800 JavaThread "jar transforms Thread 679" [_thread_blocked, id=11784, stack(0x000000cc70d00000,0x000000cc70e00000)]
  0x000001ea1062e000 JavaThread "ForkJoinPool.commonPool-worker-13" daemon [_thread_blocked, id=1084, stack(0x000000cc72900000,0x000000cc72a00000)]
  0x000001ea10622800 JavaThread "Handler for socket connection from /127.0.0.1:49482 to /127.0.0.1:63793" [_thread_in_native, id=15428, stack(0x000000cc67700000,0x000000cc67800000)]
  0x000001ea10625000 JavaThread "Cancel handler" [_thread_blocked, id=10768, stack(0x000000cc68900000,0x000000cc68a00000)]
  0x000001ea10621000 JavaThread "Asynchronous log dispatcher for DefaultDaemonConnection: socket connection from /127.0.0.1:49482 to /127.0.0.1:63793" [_thread_blocked, id=8340, stack(0x000000cc69100000,0x000000cc69200000)]
  0x000001ea1061f800 JavaThread "Stdin handler" [_thread_blocked, id=4584, stack(0x000000cc69200000,0x000000cc69300000)]
  0x000001ea10626000 JavaThread "Thread-938" [_thread_blocked, id=12116, stack(0x000000cc69300000,0x000000cc69400000)]
  0x000001ea10620000 JavaThread "Cache worker for file hash cache (D:\Android Projects\BasicNote\.gradle\6.7.1\fileHashes)" [_thread_blocked, id=6696, stack(0x000000cc69400000,0x000000cc69500000)]
  0x000001ea10626800 JavaThread "Cache worker for checksums cache (D:\Android Projects\BasicNote\.gradle\checksums)" [_thread_blocked, id=10188, stack(0x000000cc69500000,0x000000cc69600000)]
  0x000001ea10627800 JavaThread "Cache worker for cache directory md-supplier (C:\Users\DELL\.gradle\caches\6.7.1\md-supplier)" [_thread_blocked, id=13740, stack(0x000000cc69600000,0x000000cc69700000)]
  0x000001ea10622000 JavaThread "Cache worker for cache directory md-rule (C:\Users\DELL\.gradle\caches\6.7.1\md-rule)" [_thread_blocked, id=10976, stack(0x000000cc69700000,0x000000cc69800000)]
  0x000001ea1062a000 JavaThread "Cache worker for Build Output Cleanup Cache (D:\Android Projects\BasicNote\.gradle\buildOutputCleanup)" [_thread_blocked, id=11316, stack(0x000000cc6a000000,0x000000cc6a100000)]
  0x000001ea1062d000 JavaThread "C2 CompilerThread1" daemon [_thread_in_native, id=11284, stack(0x000000cc6a100000,0x000000cc6a200000)]
  0x000001ea1062b000 JavaThread "Build operations" [_thread_blocked, id=11320, stack(0x000000cc6a200000,0x000000cc6a300000)]
  0x000001ea1062c800 JavaThread "Build operations Thread 2" [_thread_blocked, id=5252, stack(0x000000cc6a300000,0x000000cc6a400000)]
  0x000001ea1062b800 JavaThread "Build operations Thread 3" [_thread_blocked, id=9036, stack(0x000000cc6a400000,0x000000cc6a500000)]
  0x000001ea10628800 JavaThread "Build operations Thread 4" [_thread_blocked, id=9280, stack(0x000000cc6a500000,0x000000cc6a600000)]
  0x000001ea10629000 JavaThread "Build operations Thread 5" [_thread_blocked, id=13076, stack(0x000000cc6a700000,0x000000cc6a800000)]
  0x000001ea178c2000 JavaThread "Build operations Thread 6" [_thread_blocked, id=10752, stack(0x000000cc6a900000,0x000000cc6aa00000)]
  0x000001ea178c1000 JavaThread "Build operations Thread 7" [_thread_blocked, id=11596, stack(0x000000cc6aa00000,0x000000cc6ab00000)]
  0x000001ea178c3000 JavaThread "Build operations Thread 8" [_thread_blocked, id=2136, stack(0x000000cc6ab00000,0x000000cc6ac00000)]
  0x000001ea178c8800 JavaThread "build event listener" [_thread_blocked, id=6944, stack(0x000000cc6ac00000,0x000000cc6ad00000)]
  0x000001ea178c9800 JavaThread "build event listener" [_thread_blocked, id=6600, stack(0x000000cc70e00000,0x000000cc70f00000)]
  0x000001ea178c7800 JavaThread "Execution worker for ':'" [_thread_blocked, id=7332, stack(0x000000cc70f00000,0x000000cc71000000)]
  0x000001ea178ca000 JavaThread "Execution worker for ':' Thread 2" [_thread_blocked, id=10932, stack(0x000000cc71000000,0x000000cc71100000)]
  0x000001ea178cb000 JavaThread "Execution worker for ':' Thread 3" [_thread_blocked, id=14068, stack(0x000000cc71100000,0x000000cc71200000)]
  0x000001ea178c5000 JavaThread "Execution worker for ':' Thread 4" [_thread_blocked, id=14136, stack(0x000000cc71300000,0x000000cc71400000)]
  0x000001ea178cc000 JavaThread "Execution worker for ':' Thread 5" [_thread_blocked, id=9544, stack(0x000000cc71400000,0x000000cc71500000)]
  0x000001ea178c6000 JavaThread "Execution worker for ':' Thread 6" [_thread_blocked, id=15724, stack(0x000000cc71500000,0x000000cc71600000)]
  0x000001ea178cc800 JavaThread "Execution worker for ':' Thread 7" [_thread_blocked, id=5712, stack(0x000000cc71600000,0x000000cc71700000)]
  0x000001ea178ce000 JavaThread "Cache worker for execution history cache (D:\Android Projects\BasicNote\.gradle\6.7.1\executionHistory)" [_thread_blocked, id=13040, stack(0x000000cc71700000,0x000000cc71800000)]
=>0x000001ea178d3000 JavaThread "C2 CompilerThread2" daemon [_thread_in_native, id=9728, stack(0x000000cc71800000,0x000000cc71900000)]
  0x000001ea178cf000 JavaThread "WorkerExecutor Queue" [_thread_blocked, id=132, stack(0x000000cc71900000,0x000000cc71a00000)]
  0x000001ea178d0800 JavaThread "pool-38-thread-1" [_thread_blocked, id=7928, stack(0x000000cc71a00000,0x000000cc71b00000)]
  0x000001ea178cd800 JavaThread "stderr" [_thread_in_native, id=13900, stack(0x000000cc71b00000,0x000000cc71c00000)]
  0x000001ea178d5800 JavaThread "stdout" [_thread_in_native, id=14312, stack(0x000000cc71c00000,0x000000cc71d00000)]
  0x000001ea178d7000 JavaThread "WorkerExecutor Queue Thread 2" [_thread_in_Java, id=16220, stack(0x000000cc71d00000,0x000000cc71e00000)]
  0x000001ea10dd0000 JavaThread "WorkerExecutor Queue Thread 3" [_thread_blocked, id=12536, stack(0x000000cc72100000,0x000000cc72200000)]
  0x000001ea10dcd800 JavaThread "WorkerExecutor Queue Thread 4" [_thread_blocked, id=9776, stack(0x000000cc72400000,0x000000cc72500000)]
  0x000001ea10dd1000 JavaThread "WorkerExecutor Queue Thread 5" [_thread_blocked, id=3472, stack(0x000000cc72500000,0x000000cc72600000)]
  0x000001ea10dcb000 JavaThread "WorkerExecutor Queue Thread 6" [_thread_blocked, id=9500, stack(0x000000cc72700000,0x000000cc72800000)]
  0x000001ea10dd1800 JavaThread "WorkerExecutor Queue Thread 7" [_thread_blocked, id=4132, stack(0x000000cc72800000,0x000000cc72900000)]
  0x000001ea10dcc000 JavaThread "WorkerExecutor Queue Thread 8" [_thread_blocked, id=14468, stack(0x000000cc72a00000,0x000000cc72b00000)]

Other Threads:
  0x000001ea7bee5800 VMThread "VM Thread" [stack: 0x000000cc67e00000,0x000000cc67f00000] [id=16212]
  0x000001ea7c0d4000 WatcherThread [stack: 0x000000cc68800000,0x000000cc68900000] [id=15504]
  0x000001ea703be800 GCTaskThread "GC Thread#0" [stack: 0x000000cc67900000,0x000000cc67a00000] [id=15976]
  0x000001ea7cfb7000 GCTaskThread "GC Thread#1" [stack: 0x000000cc68b00000,0x000000cc68c00000] [id=11116]
  0x000001ea7ce57800 GCTaskThread "GC Thread#2" [stack: 0x000000cc68c00000,0x000000cc68d00000] [id=2060]
  0x000001ea7cbf8800 GCTaskThread "GC Thread#3" [stack: 0x000000cc68d00000,0x000000cc68e00000] [id=15592]
  0x000001ea7daf3000 GCTaskThread "GC Thread#4" [stack: 0x000000cc69a00000,0x000000cc69b00000] [id=11312]
  0x000001ea7e3c4000 GCTaskThread "GC Thread#5" [stack: 0x000000cc69b00000,0x000000cc69c00000] [id=11984]
  0x000001ea7db11800 GCTaskThread "GC Thread#6" [stack: 0x000000cc69c00000,0x000000cc69d00000] [id=10888]
  0x000001ea7db12800 GCTaskThread "GC Thread#7" [stack: 0x000000cc69d00000,0x000000cc69e00000] [id=14996]
  0x000001ea703ef800 ConcurrentGCThread "G1 Main Marker" [stack: 0x000000cc67a00000,0x000000cc67b00000] [id=6556]
  0x000001ea703f1000 ConcurrentGCThread "G1 Conc#0" [stack: 0x000000cc67b00000,0x000000cc67c00000] [id=4560]
  0x000001ea7cf04800 ConcurrentGCThread "G1 Conc#1" [stack: 0x000000cc69e00000,0x000000cc69f00000] [id=13244]
  0x000001ea7b527800 ConcurrentGCThread "G1 Refine#0" [stack: 0x000000cc67c00000,0x000000cc67d00000] [id=7988]
  0x000001ea0f7c8800 ConcurrentGCThread "G1 Refine#1" [stack: 0x000000cc67600000,0x000000cc67700000] [id=9176]
  0x000001ea7b528800 ConcurrentGCThread "G1 Young RemSet Sampling" [stack: 0x000000cc67d00000,0x000000cc67e00000] [id=10128]

Threads with active compile tasks:
C2 CompilerThread0 919128 26790       4       com.android.tools.r8.ir.conversion.S::a (3081 bytes)
C2 CompilerThread1 919128 26775 %     4       com.android.tools.r8.ir.regalloc.a::a @ 1262 (1824 bytes)
C2 CompilerThread2 919128 26777       4       com.android.tools.r8.ir.regalloc.a::a (4001 bytes)

VM state:not at safepoint (normal execution)

VM Mutex/Monitor currently owned by a thread: None

Heap address: 0x0000000080000000, size: 2048 MB, Compressed Oops mode: 32-bit
Narrow klass base: 0x0000000000000000, Narrow klass shift: 3
Compressed class space size: 1073741824 Address: 0x0000000100000000

Heap:
 garbage-first heap   total 239616K, used 182683K [0x0000000080000000, 0x0000000100000000)
  region size 1024K, 68 young (69632K), 3 survivors (3072K)
 Metaspace       used 123731K, capacity 127209K, committed 128588K, reserved 1161216K
  class space    used 14976K, capacity 16241K, committed 16512K, reserved 1048576K
Heap Regions: E=young(eden), S=young(survivor), O=old, HS=humongous(starts), HC=humongous(continues), CS=collection set, F=free, A=archive, TAMS=top-at-mark-start (previous, next)
|   0|0x0000000080000000, 0x0000000080100000, 0x0000000080100000|100%| O|  |TAMS 0x0000000080100000, 0x0000000080000000| Untracked 
|   1|0x0000000080100000, 0x0000000080200000, 0x0000000080200000|100%| O|  |TAMS 0x0000000080200000, 0x0000000080100000| Untracked 
|   2|0x0000000080200000, 0x0000000080300000, 0x0000000080300000|100%| O|  |TAMS 0x0000000080300000, 0x0000000080200000| Untracked 
|   3|0x0000000080300000, 0x0000000080400000, 0x0000000080400000|100%|HS|  |TAMS 0x0000000080400000, 0x0000000080300000| Complete 
|   4|0x0000000080400000, 0x0000000080500000, 0x0000000080500000|100%|HC|  |TAMS 0x0000000080500000, 0x0000000080400000| Complete 
|   5|0x0000000080500000, 0x0000000080600000, 0x0000000080600000|100%|HC|  |TAMS 0x0000000080600000, 0x0000000080500000| Complete 
|   6|0x0000000080600000, 0x0000000080700000, 0x0000000080700000|100%| O|  |TAMS 0x0000000080700000, 0x0000000080600000| Untracked 
|   7|0x0000000080700000, 0x0000000080800000, 0x0000000080800000|100%| O|  |TAMS 0x0000000080800000, 0x0000000080700000| Untracked 
|   8|0x0000000080800000, 0x0000000080900000, 0x0000000080900000|100%| O|  |TAMS 0x0000000080900000, 0x0000000080800000| Untracked 
|   9|0x0000000080900000, 0x0000000080a00000, 0x0000000080a00000|100%| O|  |TAMS 0x0000000080a00000, 0x0000000080900000| Complete 
|  10|0x0000000080a00000, 0x0000000080b00000, 0x0000000080b00000|100%| O|  |TAMS 0x0000000080b00000, 0x0000000080a00000| Untracked 
|  11|0x0000000080b00000, 0x0000000080c00000, 0x0000000080c00000|100%| O|  |TAMS 0x0000000080c00000, 0x0000000080b00000| Untracked 
|  12|0x0000000080c00000, 0x0000000080d00000, 0x0000000080d00000|100%| O|  |TAMS 0x0000000080d00000, 0x0000000080c00000| Untracked 
|  13|0x0000000080d00000, 0x0000000080e00000, 0x0000000080e00000|100%| O|  |TAMS 0x0000000080e00000, 0x0000000080d00000| Untracked 
|  14|0x0000000080e00000, 0x0000000080f00000, 0x0000000080f00000|100%| O|  |TAMS 0x0000000080f00000, 0x0000000080e00000| Untracked 
|  15|0x0000000080f00000, 0x0000000081000000, 0x0000000081000000|100%| O|  |TAMS 0x0000000081000000, 0x0000000080f00000| Untracked 
|  16|0x0000000081000000, 0x0000000081100000, 0x0000000081100000|100%|HS|  |TAMS 0x0000000081100000, 0x0000000081000000| Complete 
|  17|0x0000000081100000, 0x0000000081200000, 0x0000000081200000|100%|HS|  |TAMS 0x0000000081200000, 0x0000000081100000| Complete 
|  18|0x0000000081200000, 0x0000000081300000, 0x0000000081300000|100%|HC|  |TAMS 0x0000000081300000, 0x0000000081200000| Complete 
|  19|0x0000000081300000, 0x0000000081400000, 0x0000000081400000|100%| O|  |TAMS 0x0000000081400000, 0x0000000081300000| Untracked 
|  20|0x0000000081400000, 0x0000000081500000, 0x0000000081500000|100%| O|  |TAMS 0x0000000081500000, 0x0000000081400000| Untracked 
|  21|0x0000000081500000, 0x0000000081600000, 0x0000000081600000|100%| O|  |TAMS 0x0000000081600000, 0x0000000081500000| Untracked 
|  22|0x0000000081600000, 0x0000000081700000, 0x0000000081700000|100%| O|  |TAMS 0x0000000081700000, 0x0000000081600000| Untracked 
|  23|0x0000000081700000, 0x0000000081800000, 0x0000000081800000|100%| O|  |TAMS 0x0000000081800000, 0x0000000081700000| Complete 
|  24|0x0000000081800000, 0x0000000081900000, 0x0000000081900000|100%| O|  |TAMS 0x0000000081900000, 0x0000000081800000| Untracked 
|  25|0x0000000081900000, 0x0000000081a00000, 0x0000000081a00000|100%| O|  |TAMS 0x0000000081a00000, 0x0000000081900000| Untracked 
|  26|0x0000000081a00000, 0x0000000081b00000, 0x0000000081b00000|100%| O|  |TAMS 0x0000000081b00000, 0x0000000081a00000| Untracked 
|  27|0x0000000081b00000, 0x0000000081c00000, 0x0000000081c00000|100%| O|  |TAMS 0x0000000081c00000, 0x0000000081b00000| Untracked 
|  28|0x0000000081c00000, 0x0000000081d00000, 0x0000000081d00000|100%| O|  |TAMS 0x0000000081d00000, 0x0000000081c00000| Untracked 
|  29|0x0000000081d00000, 0x0000000081e00000, 0x0000000081e00000|100%| O|  |TAMS 0x0000000081e00000, 0x0000000081d00000| Untracked 
|  30|0x0000000081e00000, 0x0000000081f00000, 0x0000000081f00000|100%| O|  |TAMS 0x0000000081f00000, 0x0000000081e00000| Complete 
|  31|0x0000000081f00000, 0x0000000082000000, 0x0000000082000000|100%| O|  |TAMS 0x0000000082000000, 0x0000000081f00000| Untracked 
|  32|0x0000000082000000, 0x0000000082100000, 0x0000000082100000|100%| O|  |TAMS 0x0000000082100000, 0x0000000082000000| Untracked 
|  33|0x0000000082100000, 0x0000000082200000, 0x0000000082200000|100%| O|  |TAMS 0x0000000082200000, 0x0000000082100000| Untracked 
|  34|0x0000000082200000, 0x0000000082300000, 0x0000000082300000|100%| O|  |TAMS 0x0000000082300000, 0x0000000082200000| Complete 
|  35|0x0000000082300000, 0x0000000082400000, 0x0000000082400000|100%| O|  |TAMS 0x0000000082400000, 0x0000000082300000| Untracked 
|  36|0x0000000082400000, 0x0000000082500000, 0x0000000082500000|100%| O|  |TAMS 0x0000000082500000, 0x0000000082400000| Complete 
|  37|0x0000000082500000, 0x0000000082600000, 0x0000000082600000|100%| O|  |TAMS 0x0000000082600000, 0x0000000082500000| Complete 
|  38|0x0000000082600000, 0x0000000082700000, 0x0000000082700000|100%| O|  |TAMS 0x0000000082700000, 0x0000000082600000| Untracked 
|  39|0x0000000082700000, 0x0000000082800000, 0x0000000082800000|100%| O|  |TAMS 0x0000000082800000, 0x0000000082700000| Untracked 
|  40|0x0000000082800000, 0x0000000082900000, 0x0000000082900000|100%| O|  |TAMS 0x0000000082900000, 0x0000000082800000| Complete 
|  41|0x0000000082900000, 0x0000000082a00000, 0x0000000082a00000|100%| O|  |TAMS 0x0000000082a00000, 0x0000000082900000| Complete 
|  42|0x0000000082a00000, 0x0000000082b00000, 0x0000000082b00000|100%| O|  |TAMS 0x0000000082b00000, 0x0000000082a00000| Complete 
|  43|0x0000000082b00000, 0x0000000082c00000, 0x0000000082c00000|100%| O|  |TAMS 0x0000000082c00000, 0x0000000082b00000| Untracked 
|  44|0x0000000082c00000, 0x0000000082d00000, 0x0000000082d00000|100%| O|  |TAMS 0x0000000082d00000, 0x0000000082c00000| Untracked 
|  45|0x0000000082d00000, 0x0000000082e00000, 0x0000000082e00000|100%| O|  |TAMS 0x0000000082e00000, 0x0000000082d00000| Complete 
|  46|0x0000000082e00000, 0x0000000082f00000, 0x0000000082f00000|100%| O|  |TAMS 0x0000000082f00000, 0x0000000082e00000| Complete 
|  47|0x0000000082f00000, 0x0000000083000000, 0x0000000083000000|100%| O|  |TAMS 0x0000000083000000, 0x0000000082f00000| Untracked 
|  48|0x0000000083000000, 0x0000000083100000, 0x0000000083100000|100%| O|  |TAMS 0x0000000083100000, 0x0000000083000000| Complete 
|  49|0x0000000083100000, 0x0000000083200000, 0x0000000083200000|100%| O|  |TAMS 0x0000000083200000, 0x0000000083100000| Untracked 
|  50|0x0000000083200000, 0x0000000083300000, 0x0000000083300000|100%| O|  |TAMS 0x0000000083300000, 0x0000000083200000| Complete 
|  51|0x0000000083300000, 0x0000000083400000, 0x0000000083400000|100%| O|  |TAMS 0x0000000083400000, 0x0000000083300000| Untracked 
|  52|0x0000000083400000, 0x0000000083500000, 0x0000000083500000|100%| O|  |TAMS 0x0000000083500000, 0x0000000083400000| Untracked 
|  53|0x0000000083500000, 0x0000000083600000, 0x0000000083600000|100%| O|  |TAMS 0x0000000083600000, 0x0000000083500000| Untracked 
|  54|0x0000000083600000, 0x0000000083700000, 0x0000000083700000|100%| O|  |TAMS 0x0000000083700000, 0x0000000083600000| Untracked 
|  55|0x0000000083700000, 0x0000000083800000, 0x0000000083800000|100%| O|  |TAMS 0x0000000083800000, 0x0000000083700000| Untracked 
|  56|0x0000000083800000, 0x0000000083900000, 0x0000000083900000|100%| O|  |TAMS 0x0000000083900000, 0x0000000083800000| Complete 
|  57|0x0000000083900000, 0x0000000083a00000, 0x0000000083a00000|100%| O|  |TAMS 0x0000000083a00000, 0x0000000083900000| Untracked 
|  58|0x0000000083a00000, 0x0000000083b00000, 0x0000000083b00000|100%| O|  |TAMS 0x0000000083b00000, 0x0000000083a00000| Untracked 
|  59|0x0000000083b00000, 0x0000000083c00000, 0x0000000083c00000|100%| O|  |TAMS 0x0000000083c00000, 0x0000000083b00000| Untracked 
|  60|0x0000000083c00000, 0x0000000083d00000, 0x0000000083d00000|100%| O|  |TAMS 0x0000000083d00000, 0x0000000083c00000| Untracked 
|  61|0x0000000083d00000, 0x0000000083e00000, 0x0000000083e00000|100%| O|  |TAMS 0x0000000083e00000, 0x0000000083d00000| Complete 
|  62|0x0000000083e00000, 0x0000000083f00000, 0x0000000083f00000|100%| O|  |TAMS 0x0000000083f00000, 0x0000000083e00000| Complete 
|  63|0x0000000083f00000, 0x0000000084000000, 0x0000000084000000|100%| O|  |TAMS 0x0000000084000000, 0x0000000083f00000| Untracked 
|  64|0x0000000084000000, 0x0000000084100000, 0x0000000084100000|100%| O|  |TAMS 0x0000000084100000, 0x0000000084000000| Untracked 
|  65|0x0000000084100000, 0x0000000084200000, 0x0000000084200000|100%| O|  |TAMS 0x0000000084200000, 0x0000000084100000| Untracked 
|  66|0x0000000084200000, 0x0000000084300000, 0x0000000084300000|100%| O|  |TAMS 0x0000000084300000, 0x0000000084200000| Untracked 
|  67|0x0000000084300000, 0x0000000084400000, 0x0000000084400000|100%| O|  |TAMS 0x0000000084400000, 0x0000000084300000| Complete 
|  68|0x0000000084400000, 0x0000000084500000, 0x0000000084500000|100%| O|  |TAMS 0x0000000084500000, 0x0000000084400000| Complete 
|  69|0x0000000084500000, 0x0000000084600000, 0x0000000084600000|100%| O|  |TAMS 0x0000000084600000, 0x0000000084500000| Complete 
|  70|0x0000000084600000, 0x0000000084700000, 0x0000000084700000|100%| O|  |TAMS 0x0000000084700000, 0x0000000084600000| Complete 
|  71|0x0000000084700000, 0x0000000084800000, 0x0000000084800000|100%| O|  |TAMS 0x0000000084800000, 0x0000000084700000| Complete 
|  72|0x0000000084800000, 0x0000000084900000, 0x0000000084900000|100%| O|  |TAMS 0x0000000084900000, 0x0000000084800000| Complete 
|  73|0x0000000084900000, 0x0000000084a00000, 0x0000000084a00000|100%| O|  |TAMS 0x0000000084a00000, 0x0000000084900000| Untracked 
|  74|0x0000000084a00000, 0x0000000084b00000, 0x0000000084b00000|100%| O|  |TAMS 0x0000000084b00000, 0x0000000084a00000| Complete 
|  75|0x0000000084b00000, 0x0000000084c00000, 0x0000000084c00000|100%| O|  |TAMS 0x0000000084c00000, 0x0000000084b00000| Complete 
|  76|0x0000000084c00000, 0x0000000084d00000, 0x0000000084d00000|100%| O|  |TAMS 0x0000000084d00000, 0x0000000084c00000| Complete 
|  77|0x0000000084d00000, 0x0000000084e00000, 0x0000000084e00000|100%| O|  |TAMS 0x0000000084e00000, 0x0000000084d00000| Untracked 
|  78|0x0000000084e00000, 0x0000000084f00000, 0x0000000084f00000|100%| O|  |TAMS 0x0000000084f00000, 0x0000000084e00000| Untracked 
|  79|0x0000000084f00000, 0x0000000085000000, 0x0000000085000000|100%| O|  |TAMS 0x0000000085000000, 0x0000000084f00000| Untracked 
|  80|0x0000000085000000, 0x0000000085100000, 0x0000000085100000|100%| O|  |TAMS 0x0000000085100000, 0x0000000085000000| Complete 
|  81|0x0000000085100000, 0x0000000085200000, 0x0000000085200000|100%| O|  |TAMS 0x0000000085200000, 0x0000000085100000| Complete 
|  82|0x0000000085200000, 0x0000000085300000, 0x0000000085300000|100%| O|  |TAMS 0x0000000085300000, 0x0000000085200000| Complete 
|  83|0x0000000085300000, 0x0000000085400000, 0x0000000085400000|100%| O|  |TAMS 0x0000000085400000, 0x0000000085300000| Complete 
|  84|0x0000000085400000, 0x0000000085500000, 0x0000000085500000|100%| O|  |TAMS 0x0000000085500000, 0x0000000085400000| Complete 
|  85|0x0000000085500000, 0x0000000085600000, 0x0000000085600000|100%| O|  |TAMS 0x0000000085600000, 0x0000000085500000| Complete 
|  86|0x0000000085600000, 0x0000000085700000, 0x0000000085700000|100%| O|  |TAMS 0x0000000085700000, 0x0000000085600000| Untracked 
|  87|0x0000000085700000, 0x0000000085800000, 0x0000000085800000|100%| O|  |TAMS 0x0000000085800000, 0x0000000085700000| Untracked 
|  88|0x0000000085800000, 0x0000000085900000, 0x0000000085900000|100%| O|  |TAMS 0x0000000085900000, 0x0000000085800000| Complete 
|  89|0x0000000085900000, 0x0000000085a00000, 0x0000000085a00000|100%| O|  |TAMS 0x0000000085a00000, 0x0000000085900000| Untracked 
|  90|0x0000000085a00000, 0x0000000085a3de00, 0x0000000085b00000| 24%| O|  |TAMS 0x0000000085a3de00, 0x0000000085a00000| Untracked 
|  91|0x0000000085b00000, 0x0000000085b00000, 0x0000000085c00000|  0%| F|  |TAMS 0x0000000085b00000, 0x0000000085b00000| Untracked 
|  92|0x0000000085c00000, 0x0000000085c00000, 0x0000000085d00000|  0%| F|  |TAMS 0x0000000085c00000, 0x0000000085c00000| Untracked 
|  93|0x0000000085d00000, 0x0000000085e00000, 0x0000000085e00000|100%| O|  |TAMS 0x0000000085e00000, 0x0000000085d00000| Untracked 
|  94|0x0000000085e00000, 0x0000000085e00000, 0x0000000085f00000|  0%| F|  |TAMS 0x0000000085e00000, 0x0000000085e00000| Untracked 
|  95|0x0000000085f00000, 0x0000000086000000, 0x0000000086000000|100%| O|  |TAMS 0x0000000086000000, 0x0000000085f00000| Untracked 
|  96|0x0000000086000000, 0x0000000086100000, 0x0000000086100000|100%| O|  |TAMS 0x0000000086100000, 0x0000000086000000| Complete 
|  97|0x0000000086100000, 0x0000000086200000, 0x0000000086200000|100%| O|  |TAMS 0x0000000086200000, 0x0000000086100000| Complete 
|  98|0x0000000086200000, 0x0000000086300000, 0x0000000086300000|100%| O|  |TAMS 0x0000000086300000, 0x0000000086200000| Complete 
|  99|0x0000000086300000, 0x0000000086300000, 0x0000000086400000|  0%| F|  |TAMS 0x0000000086300000, 0x0000000086300000| Untracked 
| 100|0x0000000086400000, 0x0000000086500000, 0x0000000086500000|100%| O|  |TAMS 0x0000000086500000, 0x0000000086400000| Untracked 
| 101|0x0000000086500000, 0x0000000086600000, 0x0000000086600000|100%| O|  |TAMS 0x0000000086600000, 0x0000000086500000| Complete 
| 102|0x0000000086600000, 0x0000000086600000, 0x0000000086700000|  0%| F|  |TAMS 0x0000000086600000, 0x0000000086600000| Untracked 
| 103|0x0000000086700000, 0x0000000086800000, 0x0000000086800000|100%| O|  |TAMS 0x0000000086800000, 0x0000000086700000| Complete 
| 104|0x0000000086800000, 0x0000000086900000, 0x0000000086900000|100%| O|  |TAMS 0x0000000086900000, 0x0000000086800000| Complete 
| 105|0x0000000086900000, 0x0000000086a00000, 0x0000000086a00000|100%| O|  |TAMS 0x0000000086a00000, 0x0000000086900000| Untracked 
| 106|0x0000000086a00000, 0x0000000086b00000, 0x0000000086b00000|100%| O|  |TAMS 0x0000000086b00000, 0x0000000086a00000| Untracked 
| 107|0x0000000086b00000, 0x0000000086c00000, 0x0000000086c00000|100%| O|  |TAMS 0x0000000086c00000, 0x0000000086b00000| Untracked 
| 108|0x0000000086c00000, 0x0000000086d00000, 0x0000000086d00000|100%| O|  |TAMS 0x0000000086d00000, 0x0000000086c00000| Untracked 
| 109|0x0000000086d00000, 0x0000000086d00000, 0x0000000086e00000|  0%| F|  |TAMS 0x0000000086d00000, 0x0000000086d00000| Untracked 
| 110|0x0000000086e00000, 0x0000000086e00000, 0x0000000086f00000|  0%| F|  |TAMS 0x0000000086e00000, 0x0000000086e00000| Untracked 
| 111|0x0000000086f00000, 0x0000000086f00000, 0x0000000087000000|  0%| F|  |TAMS 0x0000000086f00000, 0x0000000086f00000| Untracked 
| 112|0x0000000087000000, 0x0000000087000000, 0x0000000087100000|  0%| F|  |TAMS 0x0000000087000000, 0x0000000087000000| Untracked 
| 113|0x0000000087100000, 0x0000000087100000, 0x0000000087200000|  0%| F|  |TAMS 0x0000000087100000, 0x0000000087100000| Untracked 
| 114|0x0000000087200000, 0x0000000087200000, 0x0000000087300000|  0%| F|  |TAMS 0x0000000087200000, 0x0000000087200000| Untracked 
| 115|0x0000000087300000, 0x0000000087300000, 0x0000000087400000|  0%| F|  |TAMS 0x0000000087300000, 0x0000000087300000| Untracked 
| 116|0x0000000087400000, 0x0000000087400000, 0x0000000087500000|  0%| F|  |TAMS 0x0000000087400000, 0x0000000087400000| Untracked 
| 117|0x0000000087500000, 0x0000000087500000, 0x0000000087600000|  0%| F|  |TAMS 0x0000000087500000, 0x0000000087500000| Untracked 
| 118|0x0000000087600000, 0x0000000087600000, 0x0000000087700000|  0%| F|  |TAMS 0x0000000087600000, 0x0000000087600000| Untracked 
| 119|0x0000000087700000, 0x0000000087800000, 0x0000000087800000|100%| O|  |TAMS 0x0000000087800000, 0x0000000087700000| Complete 
| 120|0x0000000087800000, 0x0000000087900000, 0x0000000087900000|100%| O|  |TAMS 0x0000000087900000, 0x0000000087800000| Complete 
| 121|0x0000000087900000, 0x0000000087a00000, 0x0000000087a00000|100%| O|  |TAMS 0x0000000087a00000, 0x0000000087900000| Complete 
| 122|0x0000000087a00000, 0x0000000087b00000, 0x0000000087b00000|100%| O|  |TAMS 0x0000000087b00000, 0x0000000087a00000| Complete 
| 123|0x0000000087b00000, 0x0000000087c00000, 0x0000000087c00000|100%| O|  |TAMS 0x0000000087c00000, 0x0000000087b00000| Complete 
| 124|0x0000000087c00000, 0x0000000087d00000, 0x0000000087d00000|100%| O|  |TAMS 0x0000000087d00000, 0x0000000087c00000| Untracked 
| 125|0x0000000087d00000, 0x0000000087e00000, 0x0000000087e00000|100%| O|  |TAMS 0x0000000087e00000, 0x0000000087d00000| Untracked 
| 126|0x0000000087e00000, 0x0000000087e00000, 0x0000000087f00000|  0%| F|  |TAMS 0x0000000087e00000, 0x0000000087e00000| Untracked 
| 127|0x0000000087f00000, 0x0000000087f00000, 0x0000000088000000|  0%| F|  |TAMS 0x0000000087f00000, 0x0000000087f00000| Untracked 
| 128|0x0000000088000000, 0x0000000088000000, 0x0000000088100000|  0%| F|  |TAMS 0x0000000088000000, 0x0000000088000000| Untracked 
| 129|0x0000000088100000, 0x0000000088100000, 0x0000000088200000|  0%| F|  |TAMS 0x0000000088100000, 0x0000000088100000| Untracked 
| 130|0x0000000088200000, 0x0000000088200000, 0x0000000088300000|  0%| F|  |TAMS 0x0000000088200000, 0x0000000088200000| Untracked 
| 131|0x0000000088300000, 0x0000000088400000, 0x0000000088400000|100%| O|  |TAMS 0x0000000088400000, 0x0000000088300000| Complete 
| 132|0x0000000088400000, 0x0000000088400000, 0x0000000088500000|  0%| F|  |TAMS 0x0000000088400000, 0x0000000088400000| Untracked 
| 133|0x0000000088500000, 0x0000000088600000, 0x0000000088600000|100%| O|  |TAMS 0x0000000088600000, 0x0000000088500000| Complete 
| 134|0x0000000088600000, 0x0000000088600000, 0x0000000088700000|  0%| F|  |TAMS 0x0000000088600000, 0x0000000088600000| Untracked 
| 135|0x0000000088700000, 0x0000000088700000, 0x0000000088800000|  0%| F|  |TAMS 0x0000000088700000, 0x0000000088700000| Untracked 
| 136|0x0000000088800000, 0x0000000088800000, 0x0000000088900000|  0%| F|  |TAMS 0x0000000088800000, 0x0000000088800000| Untracked 
| 137|0x0000000088900000, 0x0000000088900000, 0x0000000088a00000|  0%| F|  |TAMS 0x0000000088900000, 0x0000000088900000| Untracked 
| 138|0x0000000088a00000, 0x0000000088a00000, 0x0000000088b00000|  0%| F|  |TAMS 0x0000000088a00000, 0x0000000088a00000| Untracked 
| 139|0x0000000088b00000, 0x0000000088b00000, 0x0000000088c00000|  0%| F|  |TAMS 0x0000000088b00000, 0x0000000088b00000| Untracked 
| 140|0x0000000088c00000, 0x0000000088c00000, 0x0000000088d00000|  0%| F|  |TAMS 0x0000000088c00000, 0x0000000088c00000| Untracked 
| 141|0x0000000088d00000, 0x0000000088d00000, 0x0000000088e00000|  0%| F|  |TAMS 0x0000000088d00000, 0x0000000088d00000| Untracked 
| 142|0x0000000088e00000, 0x0000000088e00000, 0x0000000088f00000|  0%| F|  |TAMS 0x0000000088e00000, 0x0000000088e00000| Untracked 
| 143|0x0000000088f00000, 0x0000000088f00000, 0x0000000089000000|  0%| F|  |TAMS 0x0000000088f00000, 0x0000000088f00000| Untracked 
| 144|0x0000000089000000, 0x0000000089000000, 0x0000000089100000|  0%| F|  |TAMS 0x0000000089000000, 0x0000000089000000| Untracked 
| 145|0x0000000089100000, 0x0000000089128fa0, 0x0000000089200000| 16%| S|CS|TAMS 0x0000000089100000, 0x0000000089100000| Complete 
| 146|0x0000000089200000, 0x0000000089300000, 0x0000000089300000|100%| S|CS|TAMS 0x0000000089200000, 0x0000000089200000| Complete 
| 147|0x0000000089300000, 0x0000000089400000, 0x0000000089400000|100%| S|CS|TAMS 0x0000000089300000, 0x0000000089300000| Complete 
| 148|0x0000000089400000, 0x0000000089400000, 0x0000000089500000|  0%| F|  |TAMS 0x0000000089400000, 0x0000000089400000| Untracked 
| 149|0x0000000089500000, 0x0000000089500000, 0x0000000089600000|  0%| F|  |TAMS 0x0000000089500000, 0x0000000089500000| Untracked 
| 150|0x0000000089600000, 0x0000000089600000, 0x0000000089700000|  0%| F|  |TAMS 0x0000000089600000, 0x0000000089600000| Untracked 
| 151|0x0000000089700000, 0x0000000089700000, 0x0000000089800000|  0%| F|  |TAMS 0x0000000089700000, 0x0000000089700000| Untracked 
| 152|0x0000000089800000, 0x0000000089800000, 0x0000000089900000|  0%| F|  |TAMS 0x0000000089800000, 0x0000000089800000| Untracked 
| 153|0x0000000089900000, 0x0000000089900000, 0x0000000089a00000|  0%| F|  |TAMS 0x0000000089900000, 0x0000000089900000| Untracked 
| 154|0x0000000089a00000, 0x0000000089a00000, 0x0000000089b00000|  0%| F|  |TAMS 0x0000000089a00000, 0x0000000089a00000| Untracked 
| 155|0x0000000089b00000, 0x0000000089b00000, 0x0000000089c00000|  0%| F|  |TAMS 0x0000000089b00000, 0x0000000089b00000| Untracked 
| 156|0x0000000089c00000, 0x0000000089c00000, 0x0000000089d00000|  0%| F|  |TAMS 0x0000000089c00000, 0x0000000089c00000| Untracked 
| 157|0x0000000089d00000, 0x0000000089d00000, 0x0000000089e00000|  0%| F|  |TAMS 0x0000000089d00000, 0x0000000089d00000| Untracked 
| 158|0x0000000089e00000, 0x0000000089e00000, 0x0000000089f00000|  0%| F|  |TAMS 0x0000000089e00000, 0x0000000089e00000| Untracked 
| 159|0x0000000089f00000, 0x0000000089f00000, 0x000000008a000000|  0%| F|  |TAMS 0x0000000089f00000, 0x0000000089f00000| Untracked 
| 160|0x000000008a000000, 0x000000008a000000, 0x000000008a100000|  0%| F|  |TAMS 0x000000008a000000, 0x000000008a000000| Untracked 
| 161|0x000000008a100000, 0x000000008a100000, 0x000000008a200000|  0%| F|  |TAMS 0x000000008a100000, 0x000000008a100000| Untracked 
| 162|0x000000008a200000, 0x000000008a200000, 0x000000008a300000|  0%| F|  |TAMS 0x000000008a200000, 0x000000008a200000| Untracked 
| 163|0x000000008a300000, 0x000000008a300000, 0x000000008a400000|  0%| F|  |TAMS 0x000000008a300000, 0x000000008a300000| Untracked 
| 164|0x000000008a400000, 0x000000008a400000, 0x000000008a500000|  0%| F|  |TAMS 0x000000008a400000, 0x000000008a400000| Untracked 
| 165|0x000000008a500000, 0x000000008a500000, 0x000000008a600000|  0%| F|  |TAMS 0x000000008a500000, 0x000000008a500000| Untracked 
| 166|0x000000008a600000, 0x000000008a600000, 0x000000008a700000|  0%| F|  |TAMS 0x000000008a600000, 0x000000008a600000| Untracked 
| 167|0x000000008a700000, 0x000000008a700000, 0x000000008a800000|  0%| F|  |TAMS 0x000000008a700000, 0x000000008a700000| Untracked 
| 168|0x000000008a800000, 0x000000008a800000, 0x000000008a900000|  0%| F|  |TAMS 0x000000008a800000, 0x000000008a800000| Untracked 
| 169|0x000000008a900000, 0x000000008aa00000, 0x000000008aa00000|100%| E|  |TAMS 0x000000008a900000, 0x000000008a900000| Complete 
| 170|0x000000008aa00000, 0x000000008ab00000, 0x000000008ab00000|100%| E|CS|TAMS 0x000000008aa00000, 0x000000008aa00000| Complete 
| 171|0x000000008ab00000, 0x000000008ac00000, 0x000000008ac00000|100%| E|CS|TAMS 0x000000008ab00000, 0x000000008ab00000| Complete 
| 172|0x000000008ac00000, 0x000000008ad00000, 0x000000008ad00000|100%| E|CS|TAMS 0x000000008ac00000, 0x000000008ac00000| Complete 
| 173|0x000000008ad00000, 0x000000008ae00000, 0x000000008ae00000|100%| E|CS|TAMS 0x000000008ad00000, 0x000000008ad00000| Complete 
| 174|0x000000008ae00000, 0x000000008af00000, 0x000000008af00000|100%| E|CS|TAMS 0x000000008ae00000, 0x000000008ae00000| Complete 
| 175|0x000000008af00000, 0x000000008b000000, 0x000000008b000000|100%| E|CS|TAMS 0x000000008af00000, 0x000000008af00000| Complete 
| 176|0x000000008b000000, 0x000000008b100000, 0x000000008b100000|100%| E|CS|TAMS 0x000000008b000000, 0x000000008b000000| Complete 
| 177|0x000000008b100000, 0x000000008b200000, 0x000000008b200000|100%| E|CS|TAMS 0x000000008b100000, 0x000000008b100000| Complete 
| 178|0x000000008b200000, 0x000000008b300000, 0x000000008b300000|100%| E|CS|TAMS 0x000000008b200000, 0x000000008b200000| Complete 
| 179|0x000000008b300000, 0x000000008b400000, 0x000000008b400000|100%| E|CS|TAMS 0x000000008b300000, 0x000000008b300000| Complete 
| 180|0x000000008b400000, 0x000000008b500000, 0x000000008b500000|100%| E|CS|TAMS 0x000000008b400000, 0x000000008b400000| Complete 
| 181|0x000000008b500000, 0x000000008b600000, 0x000000008b600000|100%| E|CS|TAMS 0x000000008b500000, 0x000000008b500000| Complete 
| 182|0x000000008b600000, 0x000000008b700000, 0x000000008b700000|100%| E|CS|TAMS 0x000000008b600000, 0x000000008b600000| Complete 
| 183|0x000000008b700000, 0x000000008b800000, 0x000000008b800000|100%| E|CS|TAMS 0x000000008b700000, 0x000000008b700000| Complete 
| 184|0x000000008b800000, 0x000000008b900000, 0x000000008b900000|100%| E|CS|TAMS 0x000000008b800000, 0x000000008b800000| Complete 
| 185|0x000000008b900000, 0x000000008ba00000, 0x000000008ba00000|100%| E|CS|TAMS 0x000000008b900000, 0x000000008b900000| Complete 
| 186|0x000000008ba00000, 0x000000008bb00000, 0x000000008bb00000|100%| E|CS|TAMS 0x000000008ba00000, 0x000000008ba00000| Complete 
| 187|0x000000008bb00000, 0x000000008bc00000, 0x000000008bc00000|100%| E|CS|TAMS 0x000000008bb00000, 0x000000008bb00000| Complete 
| 188|0x000000008bc00000, 0x000000008bd00000, 0x000000008bd00000|100%| E|CS|TAMS 0x000000008bc00000, 0x000000008bc00000| Complete 
| 189|0x000000008bd00000, 0x000000008be00000, 0x000000008be00000|100%| E|CS|TAMS 0x000000008bd00000, 0x000000008bd00000| Complete 
| 190|0x000000008be00000, 0x000000008bf00000, 0x000000008bf00000|100%| E|CS|TAMS 0x000000008be00000, 0x000000008be00000| Complete 
| 191|0x000000008bf00000, 0x000000008c000000, 0x000000008c000000|100%| E|CS|TAMS 0x000000008bf00000, 0x000000008bf00000| Complete 
| 192|0x000000008c000000, 0x000000008c100000, 0x000000008c100000|100%| E|CS|TAMS 0x000000008c000000, 0x000000008c000000| Complete 
| 193|0x000000008c100000, 0x000000008c200000, 0x000000008c200000|100%| E|CS|TAMS 0x000000008c100000, 0x000000008c100000| Complete 
| 194|0x000000008c200000, 0x000000008c300000, 0x000000008c300000|100%| E|CS|TAMS 0x000000008c200000, 0x000000008c200000| Complete 
| 195|0x000000008c300000, 0x000000008c400000, 0x000000008c400000|100%| E|CS|TAMS 0x000000008c300000, 0x000000008c300000| Complete 
| 196|0x000000008c400000, 0x000000008c500000, 0x000000008c500000|100%| E|CS|TAMS 0x000000008c400000, 0x000000008c400000| Complete 
| 197|0x000000008c500000, 0x000000008c600000, 0x000000008c600000|100%| E|CS|TAMS 0x000000008c500000, 0x000000008c500000| Complete 
| 198|0x000000008c600000, 0x000000008c700000, 0x000000008c700000|100%| E|CS|TAMS 0x000000008c600000, 0x000000008c600000| Complete 
| 199|0x000000008c700000, 0x000000008c800000, 0x000000008c800000|100%| E|CS|TAMS 0x000000008c700000, 0x000000008c700000| Complete 
| 200|0x000000008c800000, 0x000000008c900000, 0x000000008c900000|100%| E|CS|TAMS 0x000000008c800000, 0x000000008c800000| Complete 
| 201|0x000000008c900000, 0x000000008ca00000, 0x000000008ca00000|100%| E|CS|TAMS 0x000000008c900000, 0x000000008c900000| Complete 
| 202|0x000000008ca00000, 0x000000008cb00000, 0x000000008cb00000|100%| E|CS|TAMS 0x000000008ca00000, 0x000000008ca00000| Complete 
| 203|0x000000008cb00000, 0x000000008cc00000, 0x000000008cc00000|100%| E|CS|TAMS 0x000000008cb00000, 0x000000008cb00000| Complete 
| 204|0x000000008cc00000, 0x000000008cd00000, 0x000000008cd00000|100%| E|CS|TAMS 0x000000008cc00000, 0x000000008cc00000| Complete 
| 205|0x000000008cd00000, 0x000000008ce00000, 0x000000008ce00000|100%| E|CS|TAMS 0x000000008cd00000, 0x000000008cd00000| Complete 
| 206|0x000000008ce00000, 0x000000008cf00000, 0x000000008cf00000|100%| E|CS|TAMS 0x000000008ce00000, 0x000000008ce00000| Complete 
| 207|0x000000008cf00000, 0x000000008d000000, 0x000000008d000000|100%| E|CS|TAMS 0x000000008cf00000, 0x000000008cf00000| Complete 
| 208|0x000000008d000000, 0x000000008d100000, 0x000000008d100000|100%| E|CS|TAMS 0x000000008d000000, 0x000000008d000000| Complete 
| 209|0x000000008d100000, 0x000000008d200000, 0x000000008d200000|100%| E|CS|TAMS 0x000000008d100000, 0x000000008d100000| Complete 
| 210|0x000000008d200000, 0x000000008d300000, 0x000000008d300000|100%| E|CS|TAMS 0x000000008d200000, 0x000000008d200000| Complete 
| 211|0x000000008d300000, 0x000000008d400000, 0x000000008d400000|100%| E|CS|TAMS 0x000000008d300000, 0x000000008d300000| Complete 
| 212|0x000000008d400000, 0x000000008d500000, 0x000000008d500000|100%| E|CS|TAMS 0x000000008d400000, 0x000000008d400000| Complete 
| 213|0x000000008d500000, 0x000000008d600000, 0x000000008d600000|100%| E|CS|TAMS 0x000000008d500000, 0x000000008d500000| Complete 
| 214|0x000000008d600000, 0x000000008d700000, 0x000000008d700000|100%| E|CS|TAMS 0x000000008d600000, 0x000000008d600000| Complete 
| 215|0x000000008d700000, 0x000000008d800000, 0x000000008d800000|100%| E|CS|TAMS 0x000000008d700000, 0x000000008d700000| Complete 
| 216|0x000000008d800000, 0x000000008d900000, 0x000000008d900000|100%| E|CS|TAMS 0x000000008d800000, 0x000000008d800000| Complete 
| 217|0x000000008d900000, 0x000000008da00000, 0x000000008da00000|100%| E|CS|TAMS 0x000000008d900000, 0x000000008d900000| Complete 
| 218|0x000000008da00000, 0x000000008db00000, 0x000000008db00000|100%| E|CS|TAMS 0x000000008da00000, 0x000000008da00000| Complete 
| 219|0x000000008db00000, 0x000000008dc00000, 0x000000008dc00000|100%| E|CS|TAMS 0x000000008db00000, 0x000000008db00000| Complete 
| 220|0x000000008dc00000, 0x000000008dd00000, 0x000000008dd00000|100%| E|CS|TAMS 0x000000008dc00000, 0x000000008dc00000| Complete 
| 221|0x000000008dd00000, 0x000000008de00000, 0x000000008de00000|100%| E|CS|TAMS 0x000000008dd00000, 0x000000008dd00000| Complete 
| 222|0x000000008de00000, 0x000000008df00000, 0x000000008df00000|100%| E|CS|TAMS 0x000000008de00000, 0x000000008de00000| Complete 
| 223|0x000000008df00000, 0x000000008e000000, 0x000000008e000000|100%| E|CS|TAMS 0x000000008df00000, 0x000000008df00000| Complete 
| 224|0x000000008e000000, 0x000000008e100000, 0x000000008e100000|100%| E|CS|TAMS 0x000000008e000000, 0x000000008e000000| Complete 
| 225|0x000000008e100000, 0x000000008e200000, 0x000000008e200000|100%| E|CS|TAMS 0x000000008e100000, 0x000000008e100000| Complete 
| 226|0x000000008e200000, 0x000000008e300000, 0x000000008e300000|100%| E|CS|TAMS 0x000000008e200000, 0x000000008e200000| Complete 
| 227|0x000000008e300000, 0x000000008e400000, 0x000000008e400000|100%| E|CS|TAMS 0x000000008e300000, 0x000000008e300000| Complete 
| 228|0x000000008e400000, 0x000000008e500000, 0x000000008e500000|100%| E|CS|TAMS 0x000000008e400000, 0x000000008e400000| Complete 
| 229|0x000000008e500000, 0x000000008e600000, 0x000000008e600000|100%| E|CS|TAMS 0x000000008e500000, 0x000000008e500000| Complete 
| 230|0x000000008e600000, 0x000000008e700000, 0x000000008e700000|100%| E|CS|TAMS 0x000000008e600000, 0x000000008e600000| Complete 
| 231|0x000000008e700000, 0x000000008e800000, 0x000000008e800000|100%| E|CS|TAMS 0x000000008e700000, 0x000000008e700000| Complete 
| 232|0x000000008e800000, 0x000000008e900000, 0x000000008e900000|100%| E|CS|TAMS 0x000000008e800000, 0x000000008e800000| Complete 
| 233|0x000000008e900000, 0x000000008ea00000, 0x000000008ea00000|100%| E|CS|TAMS 0x000000008e900000, 0x000000008e900000| Complete 

Card table byte_map: [0x000001ea74430000,0x000001ea74830000] _byte_map_base: 0x000001ea74030000

Marking Bits (Prev, Next): (CMBitMap*) 0x000001ea703e6cd8, (CMBitMap*) 0x000001ea703e6d10
 Prev Bits: [0x000001ea74c30000, 0x000001ea76c30000)
 Next Bits: [0x000001ea76c30000, 0x000001ea78c30000)

Polling page: 0x000001ea6e2f0000

Metaspace:

Usage:
  Non-class:    108.37 MB capacity,   106.21 MB ( 98%) used,     1.76 MB (  2%) free+waste,   415.56 KB ( <1%) overhead. 
      Class:     15.86 MB capacity,    14.63 MB ( 92%) used,     1.06 MB (  7%) free+waste,   180.25 KB (  1%) overhead. 
       Both:    124.23 MB capacity,   120.83 MB ( 97%) used,     2.81 MB (  2%) free+waste,   595.81 KB ( <1%) overhead. 

Virtual space:
  Non-class space:      110.00 MB reserved,     109.45 MB (>99%) committed 
      Class space:        1.00 GB reserved,      16.13 MB (  2%) committed 
             Both:        1.11 GB reserved,     125.57 MB ( 11%) committed 

Chunk freelists:
   Non-Class:  980.00 KB
       Class:  239.00 KB
        Both:  1.19 MB

MaxMetaspaceSize: 17179869184.00 GB
CompressedClassSpaceSize: 1.00 GB

CodeHeap 'non-profiled nmethods': size=120000Kb used=18894Kb max_used=18894Kb free=101105Kb
 bounds [0x000001ea07ad0000, 0x000001ea08d50000, 0x000001ea0f000000]
CodeHeap 'profiled nmethods': size=120000Kb used=49525Kb max_used=49525Kb free=70474Kb
 bounds [0x000001ea005a0000, 0x000001ea03630000, 0x000001ea07ad0000]
CodeHeap 'non-nmethods': size=5760Kb used=2324Kb max_used=2408Kb free=3435Kb
 bounds [0x000001ea00000000, 0x000001ea00270000, 0x000001ea005a0000]
 total_blobs=23396 nmethods=22455 adapters=848
 compilation: enabled
              stopped_count=0, restarted_count=0
 full_count=0

Compilation events (20 events):
Event: 918.023 Thread 0x000001ea7bf14800 26858       2       com.android.tools.r8.ir.conversion.o::e (25 bytes)
Event: 918.024 Thread 0x000001ea7bf14800 nmethod 26858 0x000001ea03621090 code [0x000001ea03621240, 0x000001ea036213a8]
Event: 918.033 Thread 0x000001ea7bf14800 26859       2       com.android.tools.r8.ir.conversion.o::a (372 bytes)
Event: 918.045 Thread 0x000001ea7bf14800 nmethod 26859 0x000001ea03621490 code [0x000001ea036217e0, 0x000001ea03622858]
Event: 918.045 Thread 0x000001ea7bf14800 26860       2       com.android.tools.r8.ir.conversion.o::c (103 bytes)
Event: 918.046 Thread 0x000001ea7bf14800 nmethod 26860 0x000001ea03623410 code [0x000001ea036235e0, 0x000001ea036237f8]
Event: 918.069 Thread 0x000001ea7bf14800 26861       2       com.android.tools.r8.v.b.J0::a (409 bytes)
Event: 918.080 Thread 0x000001ea7bf14800 nmethod 26861 0x000001ea03623910 code [0x000001ea03623ce0, 0x000001ea03624b78]
Event: 918.200 Thread 0x000001ea7bf14800 26862       2       com.android.tools.r8.code.J2::<init> (5 bytes)
Event: 918.202 Thread 0x000001ea7bf14800 nmethod 26862 0x000001ea03625510 code [0x000001ea036256c0, 0x000001ea036257b8]
Event: 918.302 Thread 0x000001ea7bf14800 26863       2       com.android.tools.r8.v.b.Q0::a (12 bytes)
Event: 918.303 Thread 0x000001ea7bf14800 nmethod 26863 0x000001ea03625890 code [0x000001ea03625a40, 0x000001ea03625b68]
Event: 918.420 Thread 0x000001ea7bf14800 26865       1       com.android.tools.r8.v.b.O0::W1 (3 bytes)
Event: 918.420 Thread 0x000001ea7bf14800 nmethod 26865 0x000001ea08d45a90 code [0x000001ea08d45c40, 0x000001ea08d45cf8]
Event: 918.425 Thread 0x000001ea7bf14800 26866       2       com.android.tools.r8.ir.regalloc.a::h (7 bytes)
Event: 918.426 Thread 0x000001ea7bf14800 nmethod 26866 0x000001ea03625c10 code [0x000001ea03625dc0, 0x000001ea03625ef8]
Event: 918.450 Thread 0x000001ea7bf14800 26867       2       com.android.tools.r8.v.a.t.t::<init> (33 bytes)
Event: 918.453 Thread 0x000001ea7bf14800 nmethod 26867 0x000001ea03626010 code [0x000001ea036261e0, 0x000001ea03626558]
Event: 918.467 Thread 0x000001ea7bf14800 26868       2       com.android.tools.r8.v.b.M::a (50 bytes)
Event: 918.469 Thread 0x000001ea7bf14800 nmethod 26868 0x000001ea03626690 code [0x000001ea03626880, 0x000001ea03626b58]

GC Heap History (20 events):
Event: 909.239 GC heap before
{Heap before GC invocations=109 (full 0):
 garbage-first heap   total 239616K, used 175363K [0x0000000080000000, 0x0000000100000000)
  region size 1024K, 52 young (53248K), 1 survivors (1024K)
 Metaspace       used 123314K, capacity 126756K, committed 128588K, reserved 1161216K
  class space    used 14960K, capacity 16227K, committed 16512K, reserved 1048576K
}
Event: 909.246 GC heap after
{Heap after GC invocations=110 (full 0):
 garbage-first heap   total 239616K, used 126459K [0x0000000080000000, 0x0000000100000000)
  region size 1024K, 3 young (3072K), 3 survivors (3072K)
 Metaspace       used 123314K, capacity 126756K, committed 128588K, reserved 1161216K
  class space    used 14960K, capacity 16227K, committed 16512K, reserved 1048576K
}
Event: 910.149 GC heap before
{Heap before GC invocations=111 (full 0):
 garbage-first heap   total 239616K, used 197115K [0x0000000080000000, 0x0000000100000000)
  region size 1024K, 72 young (73728K), 3 survivors (3072K)
 Metaspace       used 123491K, capacity 126920K, committed 128588K, reserved 1161216K
  class space    used 14972K, capacity 16236K, committed 16512K, reserved 1048576K
}
Event: 910.162 GC heap after
{Heap after GC invocations=112 (full 0):
 garbage-first heap   total 239616K, used 131340K [0x0000000080000000, 0x0000000100000000)
  region size 1024K, 7 young (7168K), 7 survivors (7168K)
 Metaspace       used 123491K, capacity 126920K, committed 128588K, reserved 1161216K
  class space    used 14972K, capacity 16236K, committed 16512K, reserved 1048576K
}
Event: 910.191 GC heap before
{Heap before GC invocations=112 (full 0):
 garbage-first heap   total 239616K, used 135436K [0x0000000080000000, 0x0000000100000000)
  region size 1024K, 11 young (11264K), 7 survivors (7168K)
 Metaspace       used 123531K, capacity 126984K, committed 128588K, reserved 1161216K
  class space    used 14972K, capacity 16236K, committed 16512K, reserved 1048576K
}
Event: 910.212 GC heap after
{Heap after GC invocations=113 (full 0):
 garbage-first heap   total 239616K, used 125813K [0x0000000080000000, 0x0000000100000000)
  region size 1024K, 2 young (2048K), 2 survivors (2048K)
 Metaspace       used 123531K, capacity 126984K, committed 128588K, reserved 1161216K
  class space    used 14972K, capacity 16236K, committed 16512K, reserved 1048576K
}
Event: 910.385 GC heap before
{Heap before GC invocations=113 (full 0):
 garbage-first heap   total 239616K, used 145269K [0x0000000080000000, 0x0000000100000000)
  region size 1024K, 23 young (23552K), 2 survivors (2048K)
 Metaspace       used 123586K, capacity 127063K, committed 128588K, reserved 1161216K
  class space    used 14973K, capacity 16237K, committed 16512K, reserved 1048576K
}
Event: 910.394 GC heap after
{Heap after GC invocations=114 (full 0):
 garbage-first heap   total 239616K, used 128604K [0x0000000080000000, 0x0000000100000000)
  region size 1024K, 4 young (4096K), 4 survivors (4096K)
 Metaspace       used 123586K, capacity 127063K, committed 128588K, reserved 1161216K
  class space    used 14973K, capacity 16237K, committed 16512K, reserved 1048576K
}
Event: 911.496 GC heap before
{Heap before GC invocations=115 (full 0):
 garbage-first heap   total 239616K, used 196188K [0x0000000080000000, 0x0000000100000000)
  region size 1024K, 71 young (72704K), 4 survivors (4096K)
 Metaspace       used 123605K, capacity 127064K, committed 128588K, reserved 1161216K
  class space    used 14973K, capacity 16237K, committed 16512K, reserved 1048576K
}
Event: 911.514 GC heap after
{Heap after GC invocations=116 (full 0):
 garbage-first heap   total 239616K, used 124920K [0x0000000080000000, 0x0000000100000000)
  region size 1024K, 2 young (2048K), 2 survivors (2048K)
 Metaspace       used 123605K, capacity 127064K, committed 128588K, reserved 1161216K
  class space    used 14973K, capacity 16237K, committed 16512K, reserved 1048576K
}
Event: 911.808 GC heap before
{Heap before GC invocations=116 (full 0):
 garbage-first heap   total 239616K, used 134136K [0x0000000080000000, 0x0000000100000000)
  region size 1024K, 11 young (11264K), 2 survivors (2048K)
 Metaspace       used 123609K, capacity 127064K, committed 128588K, reserved 1161216K
  class space    used 14973K, capacity 16237K, committed 16512K, reserved 1048576K
}
Event: 911.842 GC heap after
{Heap after GC invocations=117 (full 0):
 garbage-first heap   total 239616K, used 118233K [0x0000000080000000, 0x0000000100000000)
  region size 1024K, 2 young (2048K), 2 survivors (2048K)
 Metaspace       used 123609K, capacity 127064K, committed 128588K, reserved 1161216K
  class space    used 14973K, capacity 16237K, committed 16512K, reserved 1048576K
}
Event: 914.148 GC heap before
{Heap before GC invocations=117 (full 0):
 garbage-first heap   total 239616K, used 198105K [0x0000000080000000, 0x0000000100000000)
  region size 1024K, 80 young (81920K), 2 survivors (2048K)
 Metaspace       used 123645K, capacity 127129K, committed 128588K, reserved 1161216K
  class space    used 14973K, capacity 16237K, committed 16512K, reserved 1048576K
}
Event: 914.155 GC heap after
{Heap after GC invocations=118 (full 0):
 garbage-first heap   total 239616K, used 119177K [0x0000000080000000, 0x0000000100000000)
  region size 1024K, 3 young (3072K), 3 survivors (3072K)
 Metaspace       used 123645K, capacity 127129K, committed 128588K, reserved 1161216K
  class space    used 14973K, capacity 16237K, committed 16512K, reserved 1048576K
}
Event: 915.622 GC heap before
{Heap before GC invocations=119 (full 0):
 garbage-first heap   total 239616K, used 199049K [0x0000000080000000, 0x0000000100000000)
  region size 1024K, 82 young (83968K), 3 survivors (3072K)
 Metaspace       used 123679K, capacity 127194K, committed 128588K, reserved 1161216K
  class space    used 14973K, capacity 16237K, committed 16512K, reserved 1048576K
}
Event: 915.632 GC heap after
{Heap after GC invocations=120 (full 0):
 garbage-first heap   total 239616K, used 118339K [0x0000000080000000, 0x0000000100000000)
  region size 1024K, 3 young (3072K), 3 survivors (3072K)
 Metaspace       used 123679K, capacity 127194K, committed 128588K, reserved 1161216K
  class space    used 14973K, capacity 16237K, committed 16512K, reserved 1048576K
}
Event: 915.738 GC heap before
{Heap before GC invocations=120 (full 0):
 garbage-first heap   total 239616K, used 126531K [0x0000000080000000, 0x0000000100000000)
  region size 1024K, 11 young (11264K), 3 survivors (3072K)
 Metaspace       used 123687K, capacity 127196K, committed 128588K, reserved 1161216K
  class space    used 14974K, capacity 16238K, committed 16512K, reserved 1048576K
}
Event: 915.751 GC heap after
{Heap after GC invocations=121 (full 0):
 garbage-first heap   total 239616K, used 116152K [0x0000000080000000, 0x0000000100000000)
  region size 1024K, 2 young (2048K), 2 survivors (2048K)
 Metaspace       used 123687K, capacity 127196K, committed 128588K, reserved 1161216K
  class space    used 14974K, capacity 16238K, committed 16512K, reserved 1048576K
}
Event: 916.641 GC heap before
{Heap before GC invocations=121 (full 0):
 garbage-first heap   total 239616K, used 202168K [0x0000000080000000, 0x0000000100000000)
  region size 1024K, 86 young (88064K), 2 survivors (2048K)
 Metaspace       used 123706K, capacity 127197K, committed 128588K, reserved 1161216K
  class space    used 14974K, capacity 16238K, committed 16512K, reserved 1048576K
}
Event: 916.651 GC heap after
{Heap after GC invocations=122 (full 0):
 garbage-first heap   total 239616K, used 117147K [0x0000000080000000, 0x0000000100000000)
  region size 1024K, 3 young (3072K), 3 survivors (3072K)
 Metaspace       used 123706K, capacity 127197K, committed 128588K, reserved 1161216K
  class space    used 14974K, capacity 16238K, committed 16512K, reserved 1048576K
}

Deoptimization events (20 events):
Event: 917.623 Thread 0x000001ea178d7000 DEOPT PACKING pc=0x000001ea03055d6c sp=0x000000cc71dfc760
Event: 917.623 Thread 0x000001ea178d7000 DEOPT UNPACKING pc=0x000001ea0002724e sp=0x000000cc71dfc000 mode 0
Event: 917.895 Thread 0x000001ea178d7000 DEOPT PACKING pc=0x000001ea030a4972 sp=0x000000cc71dfc320
Event: 917.895 Thread 0x000001ea178d7000 DEOPT UNPACKING pc=0x000001ea0002724e sp=0x000000cc71dfbae8 mode 0
Event: 918.022 Thread 0x000001ea178d7000 Uncommon trap: trap_request=0xffffff4d fr.pc=0x000001ea08c4ce18 relative=0x00000000000019d8
Event: 918.022 Thread 0x000001ea178d7000 Uncommon trap: reason=unstable_if action=reinterpret pc=0x000001ea08c4ce18 method=com.android.tools.r8.ir.conversion.o.a(ILcom/android/tools/r8/graph/h0;)Lcom/android/tools/r8/ir/conversion/n; @ 322 c2
Event: 918.022 Thread 0x000001ea178d7000 DEOPT PACKING pc=0x000001ea08c4ce18 sp=0x000000cc71dfc580
Event: 918.022 Thread 0x000001ea178d7000 DEOPT UNPACKING pc=0x000001ea0002742f sp=0x000000cc71dfc5b8 mode 2
Event: 918.022 Thread 0x000001ea178d7000 Uncommon trap: trap_request=0xffffff4d fr.pc=0x000001ea08bbd9e0 relative=0x00000000000001a0
Event: 918.022 Thread 0x000001ea178d7000 Uncommon trap: reason=unstable_if action=reinterpret pc=0x000001ea08bbd9e0 method=com.android.tools.r8.ir.conversion.o.e(I)Lcom/android/tools/r8/graph/z; @ 4 c2
Event: 918.022 Thread 0x000001ea178d7000 DEOPT PACKING pc=0x000001ea08bbd9e0 sp=0x000000cc71dfc3c0
Event: 918.022 Thread 0x000001ea178d7000 DEOPT UNPACKING pc=0x000001ea0002742f sp=0x000000cc71dfc360 mode 2
Event: 918.022 Thread 0x000001ea178d7000 Uncommon trap: trap_request=0xffffff4d fr.pc=0x000001ea08c581c4 relative=0x00000000000002c4
Event: 918.022 Thread 0x000001ea178d7000 Uncommon trap: reason=unstable_if action=reinterpret pc=0x000001ea08c581c4 method=com.android.tools.r8.ir.conversion.o.c(I)Lcom/android/tools/r8/graph/z; @ 6 c2
Event: 918.022 Thread 0x000001ea178d7000 DEOPT PACKING pc=0x000001ea08c581c4 sp=0x000000cc71dfc3c0
Event: 918.023 Thread 0x000001ea178d7000 DEOPT UNPACKING pc=0x000001ea0002742f sp=0x000000cc71dfc358 mode 2
Event: 918.423 Thread 0x000001ea178d7000 DEOPT PACKING pc=0x000001ea030a428d sp=0x000000cc71dfc320
Event: 918.423 Thread 0x000001ea178d7000 DEOPT UNPACKING pc=0x000001ea0002724e sp=0x000000cc71dfbae8 mode 0
Event: 918.447 Thread 0x000001ea178d7000 DEOPT PACKING pc=0x000001ea03055927 sp=0x000000cc71dfc760
Event: 918.447 Thread 0x000001ea178d7000 DEOPT UNPACKING pc=0x000001ea0002724e sp=0x000000cc71dfc008 mode 0

Classes redefined (0 events):
No events

Internal exceptions (20 events):
Event: 908.614 Thread 0x000001ea10dd0000 Exception <a 'sun/nio/fs/WindowsException'{0x000000008e7ab570}> (0x000000008e7ab570) thrown at [./src/hotspot/share/prims/jni.cpp, line 615]
Event: 908.619 Thread 0x000001ea10dcb000 Exception <a 'sun/nio/fs/WindowsException'{0x000000008e567798}> (0x000000008e567798) thrown at [./src/hotspot/share/prims/jni.cpp, line 615]
Event: 908.625 Thread 0x000001ea10dd0000 Exception <a 'sun/nio/fs/WindowsException'{0x000000008e401ee8}> (0x000000008e401ee8) thrown at [./src/hotspot/share/prims/jni.cpp, line 615]
Event: 908.632 Thread 0x000001ea10dcb000 Exception <a 'sun/nio/fs/WindowsException'{0x000000008e4ab4a0}> (0x000000008e4ab4a0) thrown at [./src/hotspot/share/prims/jni.cpp, line 615]
Event: 908.637 Thread 0x000001ea10dcb000 Exception <a 'sun/nio/fs/WindowsException'{0x000000008e356ea0}> (0x000000008e356ea0) thrown at [./src/hotspot/share/prims/jni.cpp, line 615]
Event: 908.644 Thread 0x000001ea10dcb000 Exception <a 'sun/nio/fs/WindowsException'{0x000000008e3ec850}> (0x000000008e3ec850) thrown at [./src/hotspot/share/prims/jni.cpp, line 615]
Event: 908.647 Thread 0x000001ea10dd0000 Exception <a 'sun/nio/fs/WindowsException'{0x000000008e3b7c58}> (0x000000008e3b7c58) thrown at [./src/hotspot/share/prims/jni.cpp, line 615]
Event: 908.647 Thread 0x000001ea10dcb000 Exception <a 'sun/nio/fs/WindowsException'{0x000000008e2b91c8}> (0x000000008e2b91c8) thrown at [./src/hotspot/share/prims/jni.cpp, line 615]
Event: 908.680 Thread 0x000001ea10dd0000 Exception <a 'sun/nio/fs/WindowsException'{0x000000008e9e6068}> (0x000000008e9e6068) thrown at [./src/hotspot/share/prims/jni.cpp, line 615]
Event: 908.688 Thread 0x000001ea10dd0000 Exception <a 'sun/nio/fs/WindowsException'{0x000000008e9f7f20}> (0x000000008e9f7f20) thrown at [./src/hotspot/share/prims/jni.cpp, line 615]
Event: 908.693 Thread 0x000001ea10dd0000 Exception <a 'sun/nio/fs/WindowsException'{0x000000008e9fd330}> (0x000000008e9fd330) thrown at [./src/hotspot/share/prims/jni.cpp, line 615]
Event: 908.700 Thread 0x000001ea10dd0000 Exception <a 'sun/nio/fs/WindowsException'{0x000000008e6ce798}> (0x000000008e6ce798) thrown at [./src/hotspot/share/prims/jni.cpp, line 615]
Event: 908.703 Thread 0x000001ea10dd0000 Exception <a 'sun/nio/fs/WindowsException'{0x000000008e6d6c18}> (0x000000008e6d6c18) thrown at [./src/hotspot/share/prims/jni.cpp, line 615]
Event: 908.711 Thread 0x000001ea10dd0000 Exception <a 'sun/nio/fs/WindowsException'{0x000000008e6ded98}> (0x000000008e6ded98) thrown at [./src/hotspot/share/prims/jni.cpp, line 615]
Event: 910.077 Thread 0x000001ea178cf000 Exception <a 'sun/nio/fs/WindowsException'{0x000000008b8d0170}> (0x000000008b8d0170) thrown at [./src/hotspot/share/prims/jni.cpp, line 615]
Event: 910.078 Thread 0x000001ea10dcc000 Exception <a 'sun/nio/fs/WindowsException'{0x000000008bae7bf8}> (0x000000008bae7bf8) thrown at [./src/hotspot/share/prims/jni.cpp, line 615]
Event: 910.096 Thread 0x000001ea178cf000 Exception <a 'sun/nio/fs/WindowsException'{0x000000008afef568}> (0x000000008afef568) thrown at [./src/hotspot/share/prims/jni.cpp, line 615]
Event: 910.116 Thread 0x000001ea10dd1800 Exception <a 'sun/nio/fs/WindowsException'{0x000000008acba278}> (0x000000008acba278) thrown at [./src/hotspot/share/prims/jni.cpp, line 615]
Event: 910.234 Thread 0x000001ea10dd1800 Exception <a 'sun/nio/fs/WindowsException'{0x000000008e6c0298}> (0x000000008e6c0298) thrown at [./src/hotspot/share/prims/jni.cpp, line 615]
Event: 910.713 Thread 0x000001ea10dcc000 Exception <a 'sun/nio/fs/WindowsException'{0x000000008cd15878}> (0x000000008cd15878) thrown at [./src/hotspot/share/prims/jni.cpp, line 615]

Events (20 events):
Event: 915.656 loading class org/gradle/workers/internal/WorkerDaemonClient
Event: 915.656 loading class org/gradle/workers/internal/WorkerDaemonClient done
Event: 915.737 Executing VM operation: G1CollectForAllocation
Event: 915.751 Executing VM operation: G1CollectForAllocation done
Event: 916.641 Executing VM operation: G1CollectForAllocation
Event: 916.651 Executing VM operation: G1CollectForAllocation done
Event: 917.007 Executing VM operation: CGC_Operation
Event: 917.058 Executing VM operation: CGC_Operation done
Event: 917.531 Executing VM operation: CGC_Operation
Event: 917.533 Executing VM operation: CGC_Operation done
Event: 918.023 loading class com/android/tools/r8/ir/conversion/o
Event: 918.023 loading class com/android/tools/r8/ir/conversion/o done
Event: 918.025 loading class com/android/tools/r8/r/o/D
Event: 918.025 loading class com/android/tools/r8/r/o/D done
Event: 918.025 loading class com/android/tools/r8/r/o/D
Event: 918.025 loading class com/android/tools/r8/r/o/D done
Event: 918.026 loading class com/android/tools/r8/r/o/D
Event: 918.026 loading class com/android/tools/r8/r/o/D done
Event: 918.026 loading class com/android/tools/r8/r/o/D
Event: 918.026 loading class com/android/tools/r8/r/o/D done


Dynamic libraries:
0x00007ff62d040000 - 0x00007ff62d04a000 	C:\Program Files\Android\Android Studio\jre\bin\java.exe
0x00007ffad4e30000 - 0x00007ffad5025000 	C:\WINDOWS\SYSTEM32\ntdll.dll
0x00007ffad30a0000 - 0x00007ffad315d000 	C:\WINDOWS\System32\KERNEL32.DLL
0x00007ffad2670000 - 0x00007ffad2939000 	C:\WINDOWS\System32\KERNELBASE.dll
0x00007ffad2d60000 - 0x00007ffad2e60000 	C:\WINDOWS\System32\ucrtbase.dll
0x00007ffaae490000 - 0x00007ffaae4a9000 	C:\Program Files\Android\Android Studio\jre\bin\jli.dll
0x00007ffaae3c0000 - 0x00007ffaae3d7000 	C:\Program Files\Android\Android Studio\jre\bin\VCRUNTIME140.dll
0x00007ffad40b0000 - 0x00007ffad4250000 	C:\WINDOWS\System32\USER32.dll
0x00007ffad2c20000 - 0x00007ffad2c42000 	C:\WINDOWS\System32\win32u.dll
0x00007ffad2e90000 - 0x00007ffad2eba000 	C:\WINDOWS\System32\GDI32.dll
0x00007ffacb240000 - 0x00007ffacb4da000 	C:\WINDOWS\WinSxS\amd64_microsoft.windows.common-controls_6595b64144ccf1df_6.0.19041.1110_none_60b5254171f9507e\COMCTL32.dll
0x00007ffad2560000 - 0x00007ffad266b000 	C:\WINDOWS\System32\gdi32full.dll
0x00007ffad31d0000 - 0x00007ffad326e000 	C:\WINDOWS\System32\msvcrt.dll
0x00007ffad2940000 - 0x00007ffad29dd000 	C:\WINDOWS\System32\msvcp_win.dll
0x00007ffad4680000 - 0x00007ffad46b0000 	C:\WINDOWS\System32\IMM32.DLL
0x00007ffad2370000 - 0x00007ffad23a1000 	C:\WINDOWS\system32\nvinitx.dll
0x00007ffad2ec0000 - 0x00007ffad2f6c000 	C:\WINDOWS\System32\ADVAPI32.dll
0x00007ffad4010000 - 0x00007ffad40ab000 	C:\WINDOWS\System32\sechost.dll
0x00007ffad4250000 - 0x00007ffad437a000 	C:\WINDOWS\System32\RPCRT4.dll
0x00007ffad2360000 - 0x00007ffad236a000 	C:\WINDOWS\SYSTEM32\VERSION.dll
0x000000000f000000 - 0x000000000f006000 	C:\Program Files\NVIDIA Corporation\CoProcManager\_etoured.dll
0x00007ffacfb00000 - 0x00007ffacfb32000 	C:\Program Files\NVIDIA Corporation\CoProcManager\nvd3d9wrapx.dll
0x00007ffad34c0000 - 0x00007ffad3932000 	C:\WINDOWS\System32\SETUPAPI.dll
0x00007ffad29e0000 - 0x00007ffad2a2e000 	C:\WINDOWS\System32\cfgmgr32.dll
0x00007ffad2e60000 - 0x00007ffad2e87000 	C:\WINDOWS\System32\bcrypt.dll
0x00007ffacfad0000 - 0x00007ffacfaf2000 	C:\Program Files\NVIDIA Corporation\CoProcManager\nvdxgiwrapx.dll
0x00007ffaa03f0000 - 0x00007ffaa048d000 	C:\Program Files\Android\Android Studio\jre\bin\msvcp140.dll
0x00007ffa876e0000 - 0x00007ffa8819c000 	C:\Program Files\Android\Android Studio\jre\bin\server\jvm.dll
0x00007ffad4000000 - 0x00007ffad4008000 	C:\WINDOWS\System32\PSAPI.DLL
0x00007ffac4fb0000 - 0x00007ffac4fb9000 	C:\WINDOWS\SYSTEM32\WSOCK32.dll
0x00007ffacb4e0000 - 0x00007ffacb507000 	C:\WINDOWS\SYSTEM32\WINMM.dll
0x00007ffad43e0000 - 0x00007ffad444b000 	C:\WINDOWS\System32\WS2_32.dll
0x00007ffad0420000 - 0x00007ffad0432000 	C:\WINDOWS\SYSTEM32\kernel.appcore.dll
0x00007ffac4d30000 - 0x00007ffac4d41000 	C:\Program Files\Android\Android Studio\jre\bin\verify.dll
0x00007ffab6ec0000 - 0x00007ffab70a4000 	C:\WINDOWS\SYSTEM32\DBGHELP.DLL
0x00007ffab6df0000 - 0x00007ffab6e1c000 	C:\WINDOWS\SYSTEM32\dbgcore.DLL
0x00007ffad2a30000 - 0x00007ffad2ab3000 	C:\WINDOWS\System32\bcryptPrimitives.dll
0x00007ffac4d00000 - 0x00007ffac4d29000 	C:\Program Files\Android\Android Studio\jre\bin\java.dll
0x00007ffac4e30000 - 0x00007ffac4e3b000 	C:\Program Files\Android\Android Studio\jre\bin\jimage.dll
0x00007ffac4580000 - 0x00007ffac4598000 	C:\Program Files\Android\Android Studio\jre\bin\zip.dll
0x00007ffad46b0000 - 0x00007ffad4def000 	C:\WINDOWS\System32\SHELL32.dll
0x00007ffad0620000 - 0x00007ffad0db0000 	C:\WINDOWS\SYSTEM32\windows.storage.dll
0x00007ffad3bb0000 - 0x00007ffad3f05000 	C:\WINDOWS\System32\combase.dll
0x00007ffad1ea0000 - 0x00007ffad1ecc000 	C:\WINDOWS\SYSTEM32\Wldp.dll
0x00007ffad2f70000 - 0x00007ffad301e000 	C:\WINDOWS\System32\SHCORE.dll
0x00007ffad4380000 - 0x00007ffad43d5000 	C:\WINDOWS\System32\shlwapi.dll
0x00007ffad24a0000 - 0x00007ffad24bf000 	C:\WINDOWS\SYSTEM32\profapi.dll
0x00007ffabfe10000 - 0x00007ffabfe2a000 	C:\Program Files\Android\Android Studio\jre\bin\net.dll
0x00007ffac89e0000 - 0x00007ffac8ae8000 	C:\WINDOWS\SYSTEM32\WINHTTP.dll
0x00007ffad1c00000 - 0x00007ffad1c6a000 	C:\WINDOWS\system32\mswsock.dll
0x00007ffab5010000 - 0x00007ffab5024000 	C:\Program Files\Android\Android Studio\jre\bin\nio.dll
0x00007ffaaaee0000 - 0x00007ffaaaf07000 	C:\Users\DELL\.gradle\native\fdc75f09e3144964f2cf3f50f0aa648679c211496f362492102eb8c894070792\windows-amd64\native-platform.dll
0x00007ffaa1220000 - 0x00007ffaa13b6000 	C:\Users\DELL\.gradle\native\12488b8bf47d2d4c9fbf2f6322a914ad602e24e48041cd04a747c6da556b65c4\windows-amd64\native-platform-file-events.dll
0x00007ffac4c90000 - 0x00007ffac4c9a000 	C:\Program Files\Android\Android Studio\jre\bin\management.dll
0x00007ffac4570000 - 0x00007ffac457c000 	C:\Program Files\Android\Android Studio\jre\bin\management_ext.dll
0x00007ffad1df0000 - 0x00007ffad1e08000 	C:\WINDOWS\SYSTEM32\CRYPTSP.dll
0x00007ffad1580000 - 0x00007ffad15b4000 	C:\WINDOWS\system32\rsaenh.dll
0x00007ffad2460000 - 0x00007ffad248e000 	C:\WINDOWS\SYSTEM32\USERENV.dll
0x00007ffad1e10000 - 0x00007ffad1e1c000 	C:\WINDOWS\SYSTEM32\CRYPTBASE.dll
0x00007ffad18f0000 - 0x00007ffad192b000 	C:\WINDOWS\SYSTEM32\IPHLPAPI.DLL
0x00007ffad4450000 - 0x00007ffad4458000 	C:\WINDOWS\System32\NSI.dll
0x00007ffac9550000 - 0x00007ffac9567000 	C:\WINDOWS\SYSTEM32\dhcpcsvc6.DLL
0x00007ffacb990000 - 0x00007ffacb9ad000 	C:\WINDOWS\SYSTEM32\dhcpcsvc.DLL
0x00007ffad1930000 - 0x00007ffad19fc000 	C:\WINDOWS\SYSTEM32\DNSAPI.dll
0x00007ffacbff0000 - 0x00007ffacbffb000 	C:\WINDOWS\SYSTEM32\WINNSI.DLL

dbghelp: loaded successfully - version: 4.0.5 - missing functions: none
symbol engine: initialized successfully - sym options: 0x614 - pdb path: .;C:\Program Files\Android\Android Studio\jre\bin;C:\WINDOWS\SYSTEM32;C:\WINDOWS\WinSxS\amd64_microsoft.windows.common-controls_6595b64144ccf1df_6.0.19041.1110_none_60b5254171f9507e;C:\Program Files\NVIDIA Corporation\CoProcManager;C:\Program Files\Android\Android Studio\jre\bin\server;C:\Users\DELL\.gradle\native\fdc75f09e3144964f2cf3f50f0aa648679c211496f362492102eb8c894070792\windows-amd64;C:\Users\DELL\.gradle\native\12488b8bf47d2d4c9fbf2f6322a914ad602e24e48041cd04a747c6da556b65c4\windows-amd64;C:\Users\DELL\AppData\Local\Temp\room-c0de5116-0172-4937-9674-768b12aeaa78

VM Arguments:
jvm_args: --add-opens=java.base/java.util=ALL-UNNAMED --add-opens=java.base/java.lang=ALL-UNNAMED --add-opens=java.base/java.lang.invoke=ALL-UNNAMED --add-opens=java.prefs/java.util.prefs=ALL-UNNAMED -Xmx2048m -Dfile.encoding=UTF-8 -Duser.country=US -Duser.language=en -Duser.variant 
java_command: org.gradle.launcher.daemon.bootstrap.GradleDaemon 6.7.1
java_class_path (initial): C:\Users\DELL\.gradle\wrapper\dists\gradle-6.7.1-bin\bwlcbys1h7rz3272sye1xwiv6\gradle-6.7.1\lib\gradle-launcher-6.7.1.jar
Launcher Type: SUN_STANDARD

[Global flags]
     intx CICompilerCount                          = 4                                         {product} {ergonomic}
     uint ConcGCThreads                            = 2                                         {product} {ergonomic}
     uint G1ConcRefinementThreads                  = 8                                         {product} {ergonomic}
   size_t G1HeapRegionSize                         = 1048576                                   {product} {ergonomic}
    uintx GCDrainStackTargetSize                   = 64                                        {product} {ergonomic}
   size_t InitialHeapSize                          = 201326592                                 {product} {ergonomic}
   size_t MarkStackSize                            = 4194304                                   {product} {ergonomic}
   size_t MaxHeapSize                              = 2147483648                                {product} {command line}
   size_t MaxNewSize                               = 1287651328                                {product} {ergonomic}
   size_t MinHeapDeltaBytes                        = 1048576                                   {product} {ergonomic}
    uintx NonNMethodCodeHeapSize                   = 5836300                                {pd product} {ergonomic}
    uintx NonProfiledCodeHeapSize                  = 122910970                              {pd product} {ergonomic}
    uintx ProfiledCodeHeapSize                     = 122910970                              {pd product} {ergonomic}
    uintx ReservedCodeCacheSize                    = 251658240                              {pd product} {ergonomic}
     bool SegmentedCodeCache                       = true                                      {product} {ergonomic}
     bool UseCompressedClassPointers               = true                                 {lp64_product} {ergonomic}
     bool UseCompressedOops                        = true                                 {lp64_product} {ergonomic}
     bool UseG1GC                                  = true                                      {product} {ergonomic}
     bool UseLargePagesIndividualAllocation        = false                                  {pd product} {ergonomic}

Logging:
Log output configuration:
 #0: stdout all=warning uptime,level,tags
 #1: stderr all=off uptime,level,tags

Environment Variables:
PATH=C:\WINDOWS\system32;C:\WINDOWS;C:\WINDOWS\System32\Wbem;C:\WINDOWS\System32\WindowsPowerShell\v1.0\;C:\WINDOWS\System32\OpenSSH\;C:\Program Files\Git\cmd;C:\Users\DELL\AppData\Local\Microsoft\WindowsApps;
USERNAME=DELL
OS=Windows_NT
PROCESSOR_IDENTIFIER=Intel64 Family 6 Model 42 Stepping 7, GenuineIntel



---------------  S Y S T E M  ---------------

OS: Windows 10 , 64 bit Build 19041 (10.0.19041.1151)
OS uptime: 2 days 5:02 hours

CPU:total 8 (initial active 8) (4 cores per cpu, 2 threads per core) family 6 model 42 stepping 7, cmov, cx8, fxsr, mmx, sse, sse2, sse3, ssse3, sse4.1, sse4.2, popcnt, avx, aes, clmul, ht, tsc, tscinvbit

Memory: 4k page, system-wide physical 12195M (647M free)
TotalPageFile size 18424M (AvailPageFile size 2606M)
current process WorkingSet (physical memory assigned to process): 711M, peak: 714M
current process commit charge ("private bytes"): 753M, peak: 757M

vm_info: OpenJDK 64-Bit Server VM (11.0.8+10-b944.6842174) for windows-amd64 JRE (11.0.8+10-b944.6842174), built on Sep 19 2020 01:11:42 by "builder" with MS VC++ 14.0 (VS2015)

END.
